22/08 22:07:32 I| ======= location: G:\学习资料\学习内容\FreeSwitch\FreeSwitch\软电话\qyipphone\QYIPPhone.exe
22/08 22:07:32 I| ======= FileVersion: F1.07_20171120     ProductVersion: 1.0.0.1
22/08 22:07:32 I| =======
22/08 22:07:32 I| 初始化: 读取QYIPPhone.ini成功.
22/08 22:07:32 I| 初始化: 调入QYIPPhone.dll成功.
22/08 22:07:32 I| 初始化: dll初始化成功!
22/08 22:07:33 I| 初始化: 登录操作成功!
22/08 22:08:04 I| 事件: 登录失败: 
22/08 22:08:04 I| 事件: 余额: 0
22/08 22:08:42 I| 事件: 登录失败: 
22/08 22:08:42 I| 事件: 余额: 0
22/08 22:08:56 I| 操作: 更改配置!
22/08 22:08:56 I| 操作: 更改配置 - 退出登录!
22/08 22:08:57 I| 操作: 更改配置 - 登录!
22/08 22:08:57 I| 事件: 余额: 0
22/08 22:08:57 I| 事件: 登录成功
22/08 22:09:08 I| 操作：呼叫 1002
22/08 22:09:08 I| 事件: 响铃中...: 1002
22/08 22:09:08 I| 事件: 呼叫中...: 1002|0
22/08 22:09:19 I| 事件: 通话中...: 1002|0
22/08 22:09:20 I| 事件: 关闭: 1002|0|Call ended
22/08 22:10:25 I| 操作：呼叫 1002
22/08 22:10:25 I| 事件: 响铃中...: 1002
22/08 22:10:25 I| 事件: 呼叫中...: 1002|1
22/08 22:10:47 I| 事件: 通话中...: 1002|1
22/08 22:10:55 I| 事件: 关闭: 1002|1|Call ended
22/08 22:13:52 I| 事件: 登录成功
22/08 22:18:47 I| 事件: 登录成功
22/08 22:23:42 I| 事件: 登录成功
22/08 22:28:37 I| 事件: 登录成功
22/08 22:33:32 I| 事件: 登录成功
22/08 22:38:27 I| 事件: 登录成功
22/08 22:43:22 I| 事件: 登录成功
22/08 22:48:17 I| 事件: 登录成功
22/08 22:53:12 I| 事件: 登录成功
22/08 22:58:07 I| 事件: 登录成功
22/08 23:03:02 I| 事件: 登录成功
22/08 23:07:58 I| 事件: 登录成功
22/08 23:12:53 I| 事件: 登录成功
22/08 23:17:48 I| 事件: 登录成功
22/08 23:22:43 I| 事件: 登录成功
22/08 23:27:38 I| 事件: 登录成功
22/08 23:32:33 I| 事件: 登录成功
22/08 23:37:28 I| 事件: 登录成功
22/08 23:42:23 I| 事件: 登录成功
22/08 23:47:18 I| 事件: 登录成功
22/08 23:52:13 I| 事件: 登录成功
22/08 23:57:08 I| 事件: 登录成功
