22/08 14:47:26 I| ======= location: C:\Users\Administrator\Desktop\学习资料\学习内容\FreeSwitch\FreeSwitch\软电话\qyipphone\QYIPPhone.exe
22/08 14:47:26 I| ======= FileVersion: F1.07_20171120     ProductVersion: 1.0.0.1
22/08 14:47:26 I| =======
22/08 14:47:26 I| 初始化: 读取QYIPPhone.ini成功.
22/08 14:47:26 I| 初始化: 调入QYIPPhone.dll成功.
22/08 14:47:26 I| 初始化: dll初始化成功!
22/08 14:47:26 I| 初始化: 登录操作成功!
22/08 14:47:26 I| 事件: 登录成功
22/08 14:47:40 I| 操作: 更改配置!
22/08 14:47:40 I| 操作: 更改配置 - 退出登录!
22/08 14:47:41 I| 操作: 更改配置 - 登录!
22/08 14:47:41 I| 事件: 余额: 0
22/08 14:47:41 I| 事件: 登录成功
22/08 14:48:16 I| 事件: 来电: Incoming call|0
22/08 14:48:20 I| 事件: 来电: 88569221|0
22/08 14:48:46 I| 事件: 关闭: 88569221|0|Request Terminated
22/08 14:51:07 I| 事件: 来电: Incoming call|1
22/08 14:51:10 I| 事件: 来电: 88569221|1
22/08 14:51:37 I| 事件: 关闭: 88569221|1|Request Terminated
22/08 14:52:36 I| 事件: 登录成功
22/08 14:57:30 I| 事件: 来电: Incoming call|2
22/08 14:57:33 I| 事件: 来电: 88569221|2
22/08 14:57:33 I| 事件: 登录成功
22/08 14:57:59 I| 事件: 关闭: 88569221|2|Request Terminated
22/08 15:02:28 I| 事件: 登录成功
22/08 15:07:23 I| 事件: 登录成功
22/08 15:12:18 I| 事件: 登录成功
22/08 15:17:13 I| 事件: 登录成功
22/08 15:22:08 I| 事件: 登录成功
22/08 15:27:03 I| 事件: 登录成功
22/08 15:31:58 I| 事件: 登录成功
22/08 15:36:53 I| 事件: 登录成功
22/08 15:41:48 I| 事件: 登录成功
22/08 15:46:43 I| 事件: 登录成功
22/08 15:51:38 I| 事件: 登录成功
22/08 15:56:33 I| 事件: 登录成功
22/08 16:01:28 I| 事件: 登录成功
22/08 16:06:23 I| 事件: 登录成功
22/08 16:11:18 I| 事件: 登录成功
22/08 16:16:13 I| 事件: 登录成功
22/08 16:21:08 I| 事件: 登录成功
22/08 16:26:03 I| 事件: 登录成功
22/08 16:30:58 I| 事件: 登录成功
22/08 16:35:53 I| 事件: 登录成功
22/08 16:40:48 I| 事件: 登录成功
22/08 16:45:43 I| 事件: 登录成功
22/08 16:50:38 I| 事件: 登录成功
22/08 16:55:33 I| 事件: 登录成功
22/08 17:00:28 I| 事件: 登录成功
22/08 17:05:24 I| 事件: 登录成功
22/08 17:10:19 I| 事件: 登录成功
22/08 17:15:14 I| 事件: 登录成功
22/08 17:20:09 I| 事件: 登录成功
22/08 17:25:04 I| 事件: 登录成功
22/08 17:29:59 I| 事件: 登录成功
22/08 17:34:54 I| 事件: 登录成功
22/08 17:39:49 I| 事件: 登录成功
22/08 17:44:44 I| 事件: 登录成功
22/08 17:49:39 I| 事件: 登录成功
22/08 17:54:34 I| 事件: 登录成功
22/08 17:59:29 I| 事件: 登录成功
22/08 18:04:24 I| 事件: 登录成功
22/08 18:09:19 I| 事件: 登录成功
22/08 18:14:14 I| 事件: 登录成功
22/08 18:19:09 I| 事件: 登录成功
22/08 18:24:04 I| 事件: 登录成功
22/08 18:28:59 I| 事件: 登录成功
22/08 18:33:54 I| 事件: 登录成功
22/08 18:37:29 I| 操作：退出程序
22/08 18:37:33 I| 操作: 退出程序
22/08 18:37:33 I| 操作: 退出程序 - 退出登录!
22/08 18:37:34 I| 操作: 退出程序 - 退出dll!
22/08 18:37:34 I| 操作: 退出程序 - 释放!
