22/08 09:56:45 I| ======= location: C:\Users\Administrator\Desktop\学习资料\学习内容\FreeSwitch\FreeSwitch\软电话\qyipphone\QYIPPhone.exe
22/08 09:56:45 I| ======= FileVersion: F1.07_20171120     ProductVersion: 1.0.0.1
22/08 09:56:45 I| =======
22/08 09:56:46 I| 初始化: 读取QYIPPhone.ini成功.
22/08 09:56:46 I| 初始化: 调入QYIPPhone.dll成功.
22/08 09:56:46 I| 初始化: dll初始化成功!
22/08 09:56:46 I| 初始化: 登录操作成功!
22/08 09:57:04 I| 操作: 更改配置!
22/08 09:57:04 I| 操作: 更改配置 - 退出登录!
22/08 09:57:05 I| 操作: 更改配置 - 登录!
22/08 09:57:05 I| 事件: 余额: 0
22/08 09:57:37 I| 事件: 登录失败: 
22/08 09:57:37 I| 事件: 余额: 0
22/08 09:58:15 I| 事件: 登录失败: 
22/08 09:58:15 I| 事件: 余额: 0
22/08 10:03:30 I| 操作: 更改配置!
22/08 10:03:30 I| 操作: 更改配置 - 退出登录!
22/08 10:03:31 I| 操作: 更改配置 - 登录!
22/08 10:03:31 I| 事件: 余额: 0
22/08 10:03:40 I| 操作: 更改配置!
22/08 10:03:40 I| 操作: 更改配置 - 退出登录!
22/08 10:03:42 I| 操作: 更改配置 - 登录!
22/08 10:03:42 I| 事件: 余额: 0
22/08 10:04:14 I| 事件: 登录失败: 
22/08 10:04:14 I| 事件: 余额: 0
22/08 10:04:51 I| 事件: 登录失败: 
22/08 10:04:51 I| 事件: 余额: 0
22/08 10:10:29 I| 事件: 登录失败: 
22/08 10:10:29 I| 事件: 余额: 0
22/08 10:11:19 I| 操作: 更改配置!
22/08 10:11:19 I| 操作: 更改配置 - 退出登录!
22/08 10:11:20 I| 操作: 更改配置 - 登录!
22/08 10:11:20 I| 事件: 余额: 0
22/08 10:11:52 I| 事件: 登录失败: 
22/08 10:11:52 I| 事件: 余额: 0
22/08 10:12:25 I| 事件: 登录失败: 
22/08 10:12:25 I| 事件: 余额: 0
22/08 10:12:27 I| 操作: 更改配置!
22/08 10:12:33 I| 操作: 更改配置!
22/08 10:12:41 I| 操作：退出程序
22/08 10:12:45 I| 操作: 退出程序
22/08 10:12:45 I| 操作: 退出程序 - 退出登录!
22/08 10:12:46 I| 操作: 退出程序 - 退出dll!
22/08 10:12:46 I| 操作: 退出程序 - 释放!
