14/08 17:27:25 I| ======= location: C:\Users\Administrator\Desktop\FreeSwitch\qyipphone\QYIPPhone.exe
14/08 17:27:25 I| ======= FileVersion: F1.07_20171120     ProductVersion: 1.0.0.1
14/08 17:27:25 I| =======
14/08 17:27:25 I| 初始化: 读取QYIPPhone.ini成功.
14/08 17:27:25 I| 初始化: 调入QYIPPhone.dll成功.
14/08 17:27:25 I| 初始化: dll初始化成功!
14/08 17:27:26 I| 初始化: 登录操作成功!
14/08 17:27:26 I| 事件: 登录成功
14/08 17:28:50 I| 操作：呼叫 1002
14/08 17:28:50 I| 事件: 响铃中...: 1002
14/08 17:28:50 I| 事件: 呼叫中...: 1002|0
14/08 17:29:01 I| 事件: 通话中...: 1002|0
14/08 17:29:15 I| 操作：挂机
14/08 17:29:15 I| 事件: 关闭: 1002|0|Call ended
14/08 17:32:21 I| 事件: 登录成功
14/08 17:37:48 I| 事件: 登录失败: 
14/08 17:37:48 I| 事件: 余额: 0
14/08 17:38:25 I| 事件: 登录失败: 
14/08 17:38:25 I| 事件: 余额: 0
14/08 17:40:36 I| 操作: 更改配置!
14/08 17:40:36 I| 操作: 更改配置 - 退出登录!
14/08 17:40:37 I| 操作: 更改配置 - 登录!
14/08 17:40:37 I| 事件: 余额: 0
14/08 17:40:37 I| 事件: 登录成功
14/08 17:40:44 I| 操作：呼叫 1002
14/08 17:40:44 I| 事件: 响铃中...: 1002
14/08 17:40:44 I| 事件: 呼叫中...: 1002|0
14/08 17:41:00 I| 事件: 通话中...: 1002|0
14/08 17:44:48 I| 事件: 关闭: 1002|0|Call ended
14/08 17:45:32 I| 事件: 登录成功
14/08 17:50:27 I| 事件: 登录成功
14/08 17:55:22 I| 事件: 登录成功
14/08 17:59:17 I| 操作：退出程序
14/08 17:59:20 I| 操作: 退出程序
14/08 17:59:20 I| 操作: 退出程序 - 退出登录!
14/08 17:59:21 I| 操作: 退出程序 - 退出dll!
14/08 17:59:21 I| 操作: 退出程序 - 释放!
