14/08 17:22:29 I| ======= location: C:\Users\Administrator\Desktop\FreeSwitch\qyipphone\QYIPPhone.exe
14/08 17:22:29 I| ======= FileVersion: F1.07_20171120     ProductVersion: 1.0.0.1
14/08 17:22:29 I| =======
14/08 17:22:29 I| 初始化: 读取QYIPPhone.ini成功.
14/08 17:22:29 I| 初始化: 调入QYIPPhone.dll成功.
14/08 17:22:29 I| 初始化: dll初始化成功!
14/08 17:22:29 I| 初始化: 登录操作成功!
14/08 17:22:55 I| 操作: 更改配置!
14/08 17:23:01 I| 事件: 登录失败: 
14/08 17:23:01 I| 事件: 余额: 0
14/08 17:23:08 I| 操作: 更改配置!
14/08 17:23:23 I| 操作: 更改配置!
14/08 17:23:23 I| 操作: 更改配置 - 退出登录!
14/08 17:23:25 I| 操作: 更改配置 - 登录!
14/08 17:23:25 I| 事件: 余额: 0
14/08 17:23:25 I| 事件: 登录成功
14/08 17:24:09 I| 操作: 更改配置!
14/08 17:24:09 I| 操作: 更改配置 - 退出登录!
14/08 17:24:11 I| 操作: 更改配置 - 登录!
14/08 17:24:11 I| 事件: 余额: 0
14/08 17:24:43 I| 事件: 登录失败: 
14/08 17:24:43 I| 事件: 余额: 0
14/08 17:25:20 I| 事件: 登录失败: 
14/08 17:25:20 I| 事件: 余额: 0
14/08 17:25:23 I| 操作: 更改配置!
14/08 17:25:32 I| 操作: 更改配置!
14/08 17:25:45 I| 操作：退出程序
14/08 17:25:48 I| 操作: 退出程序
14/08 17:25:48 I| 操作: 退出程序 - 退出登录!
14/08 17:25:49 I| 操作: 退出程序 - 退出dll!
14/08 17:25:49 I| 操作: 退出程序 - 释放!
