14/08 17:05:30 I| ======= location: C:\Users\Administrator\Desktop\FreeSwitch\qyipphone\QYIPPhone.exe
14/08 17:05:30 I| ======= FileVersion: F1.07_20171120     ProductVersion: 1.0.0.1
14/08 17:05:30 I| =======
14/08 17:05:30 I| 初始化: 读取QYIPPhone.ini成功.
14/08 17:05:30 I| 初始化: 调入QYIPPhone.dll成功.
14/08 17:05:30 I| 初始化: dll初始化成功!
14/08 17:05:30 I| 初始化: 登录操作成功!
14/08 17:05:30 I| 事件: 登录成功
14/08 17:05:50 I| 操作: 更改配置!
14/08 17:05:50 I| 操作: 更改配置 - 退出登录!
14/08 17:05:51 I| 操作: 更改配置 - 登录!
14/08 17:05:51 I| 事件: 余额: 0
14/08 17:06:06 I| 操作: 更改配置!
14/08 17:06:06 I| 操作: 更改配置 - 退出登录!
14/08 17:06:08 I| 操作: 更改配置 - 登录!
14/08 17:06:08 I| 事件: 余额: 0
14/08 17:06:08 I| 事件: 登录成功
14/08 17:06:20 I| 操作：呼叫 1001
14/08 17:06:23 I| 事件: 响铃中...: 1001
14/08 17:06:23 I| 事件: 呼叫中...: 1001|0
14/08 17:06:34 I| 事件: 通话中...: 1001|0
14/08 17:07:14 I| 操作：挂机
14/08 17:07:14 I| 事件: 关闭: 1001|0|Call ended
14/08 17:11:35 I| 事件: 登录失败: 
14/08 17:11:35 I| 事件: 余额: 0
14/08 17:12:12 I| 事件: 登录失败: 
14/08 17:12:12 I| 事件: 余额: 0
14/08 17:17:49 I| 事件: 登录失败: 
14/08 17:17:49 I| 事件: 余额: 0
14/08 17:19:15 I| 操作: 更改配置!
14/08 17:19:15 I| 操作: 更改配置 - 退出登录!
14/08 17:19:17 I| 操作: 更改配置 - 登录!
14/08 17:19:17 I| 事件: 余额: 0
14/08 17:19:23 I| 操作: 更改配置!
14/08 17:19:29 I| 操作: 更改配置!
14/08 17:19:41 I| 操作：退出程序
14/08 17:19:44 I| 操作: 退出程序
14/08 17:19:44 I| 操作: 退出程序 - 退出登录!
14/08 17:19:45 I| 操作: 退出程序 - 退出dll!
14/08 17:19:45 I| 操作: 退出程序 - 释放!
