2018-8-22 10:14:32.626	

******************************************


2018-8-22 10:14:32.631	SipPhone Trace App Log Trace 2018/8/22 星期三 上午 10:14:32


2018-8-22 10:14:32.633	SipPhone Log Start!!!!!!!
2018-8-22 10:14:32.634	SipPhone Log windows pointer 0018EF14!!!!!!!
2018-8-22 10:14:32.636	Success_InParasfromCapi!
2018-8-22 10:14:32.638	Success_Create SipPhone CS Interface!
2018-8-22 10:14:32.679	Success_CSInterfaceInit!
2018-8-22 10:14:34.609	*** Mainproc Begin*** method = /cs/sipphone/Login/800006/1000
2018-8-22 10:14:34.611	Mainproc Login Begin!
2018-8-22 10:14:34.751	Mainproc Login End!
2018-8-22 10:14:34.755	*** Mainproc Begin*** method = /cs/sipphone/Login/800006/1000
2018-8-22 10:14:34.758	Mainproc Login Begin!
2018-8-22 10:14:34.759	EncryptRtpPort:0 SignalEncrypt:0
2018-8-22 10:15:43.425	*** Mainproc Begin*** method = /cs/sipphone/Dial/800006/1000
2018-8-22 10:15:43.428	Mainproc Dial Begin!
2018-8-22 10:15:43.430	Caller = 88569221, Called = 1002
2018-8-22 10:15:43.433	CSipPhoneProc::shellBeginDial Begin: Caller = 88569221,Called = 97946824
2018-8-22 10:15:43.435	CSipPhoneProc::shellBeginDial : 1 m_bSecure = 0
2018-8-22 10:15:43.436	CSipPhoneProc::shellBeginDial : 2, idinfo = "88569221"<sip:88569221@192.168.1.136:5060>
2018-8-22 10:15:43.445	CSipPhoneProc::shellBeginDial : 3
2018-8-22 10:15:43.448	CSipPhoneProc::shellBeginDial : 4 url = <sip:1002@192.168.1.136:5060>
2018-8-22 10:15:46.283	CSipPhoneProc::shellBeginDial : 5 pjsua_call_make_call status = 0
2018-8-22 10:15:46.283	CSipPhoneProc::shellBeginDial : 6
2018-8-22 10:15:46.284	incomingEventFunction: OUTGOINGCALL: SendMessage2CS
2018-8-22 10:15:46.286	1002
2018-8-22 10:15:46.287	Mainproc Dial End! ret = 1
2018-8-22 10:16:11.753	*** Mainproc Begin*** method = /cs/sipphone/Dial/800006/1000
2018-8-22 10:16:11.756	Mainproc Dial Begin!
2018-8-22 10:16:11.758	Caller = 88569221, Called = 1002
2018-8-22 10:16:11.761	CSipPhoneProc::shellBeginDial Begin: Caller = 88569221,Called = 97946896
2018-8-22 10:16:11.763	CSipPhoneProc::shellBeginDial : 1 m_bSecure = 0
2018-8-22 10:16:11.766	CSipPhoneProc::shellBeginDial : 2, idinfo = "88569221"<sip:88569221@192.168.1.136:5060>
2018-8-22 10:16:11.768	CSipPhoneProc::shellBeginDial : 3
2018-8-22 10:16:11.771	CSipPhoneProc::shellBeginDial : 4 url = <sip:1002@192.168.1.136:5060>
2018-8-22 10:16:11.787	CSipPhoneProc::shellBeginDial : 5 pjsua_call_make_call status = 0
2018-8-22 10:16:11.788	CSipPhoneProc::shellBeginDial : 6
2018-8-22 10:16:11.789	incomingEventFunction: OUTGOINGCALL: SendMessage2CS
2018-8-22 10:16:11.791	1002
2018-8-22 10:16:11.792	Mainproc Dial End! ret = 1
2018-8-22 10:16:21.384	*** Mainproc Begin*** method = /cs/sipphone/EndCall/800006/1000
2018-8-22 10:16:21.387	Mainproc EndCall Begin!
2018-8-22 10:16:21.390	Mainproc EndCall End!
2018-8-22 10:16:41.625	*** Mainproc Begin*** method = /cs/sipphone/EndCall/800006/1000
2018-8-22 10:16:41.658	Mainproc EndCall Begin!
2018-8-22 10:16:41.659	Mainproc EndCall End!
2018-8-22 10:16:43.769	*** Mainproc Begin*** method = /cs/sipphone/EndCall/800006/1000
2018-8-22 10:16:43.772	Mainproc EndCall Begin!
2018-8-22 10:16:43.774	Mainproc EndCall End!
2018-8-22 10:16:44.337	*** Mainproc Begin*** method = /cs/sipphone/EndCall/800006/1000
2018-8-22 10:16:44.339	Mainproc EndCall Begin!
2018-8-22 10:16:44.340	Mainproc EndCall End!
2018-8-22 10:16:44.601	*** Mainproc Begin*** method = /cs/sipphone/EndCall/800006/1000
2018-8-22 10:16:44.602	Mainproc EndCall Begin!
2018-8-22 10:16:44.604	Mainproc EndCall End!
2018-8-22 10:16:46.88	*** Mainproc Begin*** method = /cs/sipphone/AcceptCall/800006/1000
2018-8-22 10:16:46.91	Mainproc AcceptCall Begin!
2018-8-22 10:16:46.93	Mainproc AcceptCall End!
2018-8-22 10:16:46.706	*** Mainproc Begin*** method = /cs/sipphone/Dial/800006/1000
2018-8-22 10:16:46.708	Mainproc Dial Begin!
2018-8-22 10:16:46.709	Caller = 88569221, Called = 1002
2018-8-22 10:16:46.711	CSipPhoneProc::shellBeginDial Begin: Caller = 88569221,Called = 97946752
2018-8-22 10:16:46.713	CSipPhoneProc::shellBeginDial : 1 m_bSecure = 0
2018-8-22 10:16:46.714	CSipPhoneProc::shellBeginDial : 2, idinfo = "88569221"<sip:88569221@192.168.1.136:5060>
2018-8-22 10:16:46.716	CSipPhoneProc::shellBeginDial : 3
2018-8-22 10:16:46.718	CSipPhoneProc::shellBeginDial : 4 url = <sip:1002@192.168.1.136:5060>
2018-8-22 10:16:46.736	CSipPhoneProc::shellBeginDial : 5 pjsua_call_make_call status = 0
2018-8-22 10:16:46.738	CSipPhoneProc::shellBeginDial : 6
2018-8-22 10:16:46.741	incomingEventFunction: OUTGOINGCALL: SendMessage2CS
2018-8-22 10:16:46.743	1002
2018-8-22 10:16:46.744	Mainproc Dial End! ret = 1
2018-8-22 10:47:33.811	

******************************************


2018-8-22 10:47:33.815	SipPhone Trace App Log Trace 2018/8/22 星期三 上午 10:47:33


2018-8-22 10:47:33.818	SipPhone Log Start!!!!!!!
2018-8-22 10:47:33.819	SipPhone Log windows pointer 0018EF14!!!!!!!
2018-8-22 10:47:33.821	Success_InParasfromCapi!
2018-8-22 10:47:33.823	Success_Create SipPhone CS Interface!
2018-8-22 10:47:33.859	Success_CSInterfaceInit!
2018-8-22 10:47:34.475	*** Mainproc Begin*** method = /cs/sipphone/Login/800006/1000
2018-8-22 10:47:34.476	Mainproc Login Begin!
2018-8-22 10:47:34.576	Mainproc Login End!
2018-8-22 10:47:34.578	*** Mainproc Begin*** method = /cs/sipphone/Login/800006/1000
2018-8-22 10:47:34.579	Mainproc Login Begin!
2018-8-22 10:47:34.580	EncryptRtpPort:0 SignalEncrypt:0
2018-8-22 10:47:40.144	*** Mainproc Begin*** method = /cs/sipphone/Dial/800006/1000
2018-8-22 10:47:40.147	Mainproc Dial Begin!
2018-8-22 10:47:40.149	Caller = 88569221, Called = 15583305609
2018-8-22 10:47:40.152	CSipPhoneProc::shellBeginDial Begin: Caller = 88569221,Called = 90934472
2018-8-22 10:47:40.153	CSipPhoneProc::shellBeginDial : 1 m_bSecure = 0
2018-8-22 10:47:40.156	CSipPhoneProc::shellBeginDial : 2, idinfo = "88569221"<sip:88569221@192.168.1.136:5060>
2018-8-22 10:47:40.158	CSipPhoneProc::shellBeginDial : 3
2018-8-22 10:47:40.161	CSipPhoneProc::shellBeginDial : 4 url = <sip:15583305609@192.168.1.136:5060>
2018-8-22 10:47:40.288	CSipPhoneProc::shellBeginDial : 5 pjsua_call_make_call status = 0
2018-8-22 10:47:40.290	CSipPhoneProc::shellBeginDial : 6
2018-8-22 10:47:40.292	incomingEventFunction: OUTGOINGCALL: SendMessage2CS
2018-8-22 10:47:40.293	15583305609
2018-8-22 10:47:40.293	Mainproc Dial End! ret = 1
2018-8-22 10:48:9.952	*** Mainproc Begin*** method = /cs/sipphone/Dial/800006/1000
2018-8-22 10:48:9.955	Mainproc Dial Begin!
2018-8-22 10:48:9.957	Caller = 88569221, Called = 15583305609
2018-8-22 10:48:9.959	CSipPhoneProc::shellBeginDial Begin: Caller = 88569221,Called = 90934544
2018-8-22 10:48:9.961	CSipPhoneProc::shellBeginDial : 1 m_bSecure = 0
2018-8-22 10:48:9.964	CSipPhoneProc::shellBeginDial : 2, idinfo = "88569221"<sip:88569221@192.168.1.136:5060>
2018-8-22 10:48:9.966	CSipPhoneProc::shellBeginDial : 3
2018-8-22 10:48:9.969	CSipPhoneProc::shellBeginDial : 4 url = <sip:15583305609@192.168.1.136:5060>
2018-8-22 10:48:9.985	CSipPhoneProc::shellBeginDial : 5 pjsua_call_make_call status = 0
2018-8-22 10:48:9.986	CSipPhoneProc::shellBeginDial : 6
2018-8-22 10:48:9.987	incomingEventFunction: OUTGOINGCALL: SendMessage2CS
2018-8-22 10:48:9.989	15583305609
2018-8-22 10:48:9.990	Mainproc Dial End! ret = 1
2018-8-22 10:51:10.291	*** Mainproc Begin*** method = /cs/sipphone/Dial/800006/1000
2018-8-22 10:51:10.294	Mainproc Dial Begin!
2018-8-22 10:51:10.296	Caller = 88569221, Called = 15583305609
2018-8-22 10:51:10.299	CSipPhoneProc::shellBeginDial Begin: Caller = 88569221,Called = 90934400
2018-8-22 10:51:10.301	CSipPhoneProc::shellBeginDial : 1 m_bSecure = 0
2018-8-22 10:51:10.304	CSipPhoneProc::shellBeginDial : 2, idinfo = "88569221"<sip:88569221@192.168.1.136:5060>
2018-8-22 10:51:10.306	CSipPhoneProc::shellBeginDial : 3
2018-8-22 10:51:10.309	CSipPhoneProc::shellBeginDial : 4 url = <sip:15583305609@192.168.1.136:5060>
2018-8-22 10:51:10.404	CSipPhoneProc::shellBeginDial : 5 pjsua_call_make_call status = 0
2018-8-22 10:51:10.407	CSipPhoneProc::shellBeginDial : 6
2018-8-22 10:51:10.407	incomingEventFunction: OUTGOINGCALL: SendMessage2CS
2018-8-22 10:51:10.409	15583305609
2018-8-22 10:51:10.409	Mainproc Dial End! ret = 1
2018-8-22 10:51:55.289	*** Mainproc Begin*** method = /cs/sipphone/Dial/800006/1000
2018-8-22 10:51:55.291	Mainproc Dial Begin!
2018-8-22 10:51:55.294	Caller = 88569221, Called = 15583305609
2018-8-22 10:51:55.296	CSipPhoneProc::shellBeginDial Begin: Caller = 88569221,Called = 90934616
2018-8-22 10:51:55.299	CSipPhoneProc::shellBeginDial : 1 m_bSecure = 0
2018-8-22 10:51:55.300	CSipPhoneProc::shellBeginDial : 2, idinfo = "88569221"<sip:88569221@192.168.1.136:5060>
2018-8-22 10:51:55.302	CSipPhoneProc::shellBeginDial : 3
2018-8-22 10:51:55.305	CSipPhoneProc::shellBeginDial : 4 url = <sip:15583305609@192.168.1.136:5060>
2018-8-22 10:51:55.413	CSipPhoneProc::shellBeginDial : 5 pjsua_call_make_call status = 0
2018-8-22 10:51:55.417	CSipPhoneProc::shellBeginDial : 6
2018-8-22 10:51:55.418	incomingEventFunction: OUTGOINGCALL: SendMessage2CS
2018-8-22 10:51:55.420	15583305609
2018-8-22 10:51:55.420	Mainproc Dial End! ret = 1
2018-8-22 11:9:21.369	*** Mainproc Begin*** method = /cs/sipphone/Dial/800006/1000
2018-8-22 11:9:21.369	Mainproc Dial Begin!
2018-8-22 11:9:21.372	Caller = 88569221, Called = 1008
2018-8-22 11:9:21.374	CSipPhoneProc::shellBeginDial Begin: Caller = 88569221,Called = 90934472
2018-8-22 11:9:21.377	CSipPhoneProc::shellBeginDial : 1 m_bSecure = 0
2018-8-22 11:9:21.379	CSipPhoneProc::shellBeginDial : 2, idinfo = "88569221"<sip:88569221@192.168.1.136:5060>
2018-8-22 11:9:21.379	CSipPhoneProc::shellBeginDial : 3
2018-8-22 11:9:21.382	CSipPhoneProc::shellBeginDial : 4 url = <sip:1008@192.168.1.136:5060>
2018-8-22 11:9:21.523	CSipPhoneProc::shellBeginDial : 5 pjsua_call_make_call status = 0
2018-8-22 11:9:21.523	CSipPhoneProc::shellBeginDial : 6
2018-8-22 11:9:21.523	incomingEventFunction: OUTGOINGCALL: SendMessage2CS
2018-8-22 11:9:21.525	1008
2018-8-22 11:9:21.525	Mainproc Dial End! ret = 1
2018-8-22 11:9:40.129	*** Mainproc Begin*** method = /cs/sipphone/EndCall/800006/1000
2018-8-22 11:9:40.131	Mainproc EndCall Begin!
2018-8-22 11:9:40.133	Mainproc EndCall End!
2018-8-22 11:9:54.0	*** Mainproc Begin*** method = /cs/sipphone/Dial/800006/1000
2018-8-22 11:9:54.3	Mainproc Dial Begin!
2018-8-22 11:9:54.5	Caller = 88569221, Called = 1008
2018-8-22 11:9:54.8	CSipPhoneProc::shellBeginDial Begin: Caller = 88569221,Called = 90934544
2018-8-22 11:9:54.10	CSipPhoneProc::shellBeginDial : 1 m_bSecure = 0
2018-8-22 11:9:54.13	CSipPhoneProc::shellBeginDial : 2, idinfo = "88569221"<sip:88569221@192.168.1.136:5060>
2018-8-22 11:9:54.15	CSipPhoneProc::shellBeginDial : 3
2018-8-22 11:9:54.15	CSipPhoneProc::shellBeginDial : 4 url = <sip:1008@192.168.1.136:5060>
2018-8-22 11:9:54.174	CSipPhoneProc::shellBeginDial : 5 pjsua_call_make_call status = 0
2018-8-22 11:9:54.174	CSipPhoneProc::shellBeginDial : 6
2018-8-22 11:9:54.176	incomingEventFunction: OUTGOINGCALL: SendMessage2CS
2018-8-22 11:9:54.179	1008
2018-8-22 11:9:54.179	Mainproc Dial End! ret = 1
2018-8-22 11:10:13.577	*** Mainproc Begin*** method = /cs/sipphone/EndCall/800006/1000
2018-8-22 11:10:13.579	Mainproc EndCall Begin!
2018-8-22 11:10:13.582	Mainproc EndCall End!
2018-8-22 12:3:17.984	*** Mainproc Begin*** method = /cs/sipphone/Dial/800006/1000
2018-8-22 12:3:17.987	Mainproc Dial Begin!
2018-8-22 12:3:17.989	Caller = 88569221, Called = 1002
2018-8-22 12:3:17.989	CSipPhoneProc::shellBeginDial Begin: Caller = 88569221,Called = 90934400
2018-8-22 12:3:17.992	CSipPhoneProc::shellBeginDial : 1 m_bSecure = 0
2018-8-22 12:3:17.994	CSipPhoneProc::shellBeginDial : 2, idinfo = "88569221"<sip:88569221@192.168.1.136:5060>
2018-8-22 12:3:17.997	CSipPhoneProc::shellBeginDial : 3
2018-8-22 12:3:17.997	CSipPhoneProc::shellBeginDial : 4 url = <sip:1002@192.168.1.136:5060>
2018-8-22 12:3:18.133	CSipPhoneProc::shellBeginDial : 5 pjsua_call_make_call status = 0
2018-8-22 12:3:18.135	CSipPhoneProc::shellBeginDial : 6
2018-8-22 12:3:18.135	incomingEventFunction: OUTGOINGCALL: SendMessage2CS
2018-8-22 12:3:18.135	1002
2018-8-22 12:3:18.138	Mainproc Dial End! ret = 1
2018-8-22 14:40:12.696	*** Mainproc Begin*** method = /cs/sipphone/Dial/800006/1000
2018-8-22 14:40:12.698	Mainproc Dial Begin!
2018-8-22 14:40:12.701	Caller = 88569221, Called = 1358
2018-8-22 14:40:12.703	CSipPhoneProc::shellBeginDial Begin: Caller = 88569221,Called = 90934616
2018-8-22 14:40:12.706	CSipPhoneProc::shellBeginDial : 1 m_bSecure = 0
2018-8-22 14:40:12.706	CSipPhoneProc::shellBeginDial : 2, idinfo = "88569221"<sip:88569221@192.168.1.136:5060>
2018-8-22 14:40:12.708	CSipPhoneProc::shellBeginDial : 3
2018-8-22 14:40:12.711	CSipPhoneProc::shellBeginDial : 4 url = <sip:1358@192.168.1.136:5060>
2018-8-22 14:40:12.814	CSipPhoneProc::shellBeginDial : 5 pjsua_call_make_call status = 0
2018-8-22 14:40:12.814	CSipPhoneProc::shellBeginDial : 6
2018-8-22 14:40:12.817	incomingEventFunction: OUTGOINGCALL: SendMessage2CS
2018-8-22 14:40:12.817	1358
2018-8-22 14:40:12.817	Mainproc Dial End! ret = 1
2018-8-22 14:45:26.569	*** Mainproc Begin*** method = /cs/sipphone/Dial/800006/1000
2018-8-22 14:45:26.571	Mainproc Dial Begin!
2018-8-22 14:45:26.574	Caller = 88569221, Called = 1234
2018-8-22 14:45:26.575	CSipPhoneProc::shellBeginDial Begin: Caller = 88569221,Called = 90934616
2018-8-22 14:45:26.576	CSipPhoneProc::shellBeginDial : 1 m_bSecure = 0
2018-8-22 14:45:26.579	CSipPhoneProc::shellBeginDial : 2, idinfo = "88569221"<sip:88569221@192.168.1.136:5060>
2018-8-22 14:45:26.580	CSipPhoneProc::shellBeginDial : 3
2018-8-22 14:45:26.582	CSipPhoneProc::shellBeginDial : 4 url = <sip:1234@192.168.1.136:5060>
2018-8-22 14:45:26.674	CSipPhoneProc::shellBeginDial : 5 pjsua_call_make_call status = 0
2018-8-22 14:45:26.675	CSipPhoneProc::shellBeginDial : 6
2018-8-22 14:45:26.675	incomingEventFunction: OUTGOINGCALL: SendMessage2CS
2018-8-22 14:45:26.677	1234
2018-8-22 14:45:26.678	Mainproc Dial End! ret = 1
2018-8-22 14:48:6.267	*** Mainproc Begin*** method = /cs/sipphone/Dial/800006/1000
2018-8-22 14:48:6.268	Mainproc Dial Begin!
2018-8-22 14:48:6.271	Caller = 88569221, Called = 1234
2018-8-22 14:48:6.274	CSipPhoneProc::shellBeginDial Begin: Caller = 88569221,Called = 90934544
2018-8-22 14:48:6.276	CSipPhoneProc::shellBeginDial : 1 m_bSecure = 0
2018-8-22 14:48:6.278	CSipPhoneProc::shellBeginDial : 2, idinfo = "88569221"<sip:88569221@192.168.1.136:5060>
2018-8-22 14:48:6.281	CSipPhoneProc::shellBeginDial : 3
2018-8-22 14:48:6.289	CSipPhoneProc::shellBeginDial : 4 url = <sip:1234@192.168.1.136:5060>
2018-8-22 14:48:6.390	CSipPhoneProc::shellBeginDial : 5 pjsua_call_make_call status = 0
2018-8-22 14:48:6.391	CSipPhoneProc::shellBeginDial : 6
2018-8-22 14:48:6.393	incomingEventFunction: OUTGOINGCALL: SendMessage2CS
2018-8-22 14:48:6.396	1234
2018-8-22 14:48:6.398	Mainproc Dial End! ret = 1
2018-8-22 14:48:59.289	*** Mainproc Begin*** method = /cs/sipphone/EndCall/800006/1000
2018-8-22 14:48:59.291	Mainproc EndCall Begin!
2018-8-22 14:48:59.299	Mainproc EndCall End!
2018-8-22 14:50:57.225	*** Mainproc Begin*** method = /cs/sipphone/Dial/800006/1000
2018-8-22 14:50:57.226	Mainproc Dial Begin!
2018-8-22 14:50:57.229	Caller = 88569221, Called = 1234
2018-8-22 14:50:57.231	CSipPhoneProc::shellBeginDial Begin: Caller = 88569221,Called = 90934400
2018-8-22 14:50:57.233	CSipPhoneProc::shellBeginDial : 1 m_bSecure = 0
2018-8-22 14:50:57.235	CSipPhoneProc::shellBeginDial : 2, idinfo = "88569221"<sip:88569221@192.168.1.136:5060>
2018-8-22 14:50:57.236	CSipPhoneProc::shellBeginDial : 3
2018-8-22 14:50:57.239	CSipPhoneProc::shellBeginDial : 4 url = <sip:1234@192.168.1.136:5060>
2018-8-22 14:50:57.329	CSipPhoneProc::shellBeginDial : 5 pjsua_call_make_call status = 0
2018-8-22 14:50:57.330	CSipPhoneProc::shellBeginDial : 6
2018-8-22 14:50:57.330	incomingEventFunction: OUTGOINGCALL: SendMessage2CS
2018-8-22 14:50:57.331	1234
2018-8-22 14:50:57.332	Mainproc Dial End! ret = 1
2018-8-22 14:51:57.425	*** Mainproc Begin*** method = /cs/sipphone/EndCall/800006/1000
2018-8-22 14:51:57.427	Mainproc EndCall Begin!
2018-8-22 14:51:57.431	Mainproc EndCall End!
2018-8-22 14:57:19.519	*** Mainproc Begin*** method = /cs/sipphone/Dial/800006/1000
2018-8-22 14:57:19.520	Mainproc Dial Begin!
2018-8-22 14:57:19.520	Caller = 88569221, Called = 1234
2018-8-22 14:57:19.521	CSipPhoneProc::shellBeginDial Begin: Caller = 88569221,Called = 90934472
2018-8-22 14:57:19.521	CSipPhoneProc::shellBeginDial : 1 m_bSecure = 0
2018-8-22 14:57:19.522	CSipPhoneProc::shellBeginDial : 2, idinfo = "88569221"<sip:88569221@192.168.1.136:5060>
2018-8-22 14:57:19.522	CSipPhoneProc::shellBeginDial : 3
2018-8-22 14:57:19.524	CSipPhoneProc::shellBeginDial : 4 url = <sip:1234@192.168.1.136:5060>
2018-8-22 14:57:19.589	CSipPhoneProc::shellBeginDial : 5 pjsua_call_make_call status = 0
2018-8-22 14:57:19.589	CSipPhoneProc::shellBeginDial : 6
2018-8-22 14:57:19.590	incomingEventFunction: OUTGOINGCALL: SendMessage2CS
2018-8-22 14:57:19.591	1234
2018-8-22 14:57:19.593	Mainproc Dial End! ret = 1
2018-8-22 22:10:15.322	

******************************************


2018-8-22 22:10:15.442	SipPhone Trace App Log Trace 2018/8/22 22:10:15


2018-8-22 22:10:15.447	SipPhone Log Start!!!!!!!
2018-8-22 22:10:15.451	SipPhone Log windows pointer 0019EDB8!!!!!!!
2018-8-22 22:10:15.455	Success_InParasfromCapi!
2018-8-22 22:10:15.458	Success_Create SipPhone CS Interface!
2018-8-22 22:10:15.480	Success_CSInterfaceInit!
2018-8-22 22:10:16.614	*** Mainproc Begin*** method = /cs/sipphone/Login/800006/1000
2018-8-22 22:10:16.619	Mainproc Login Begin!
2018-8-22 22:10:16.648	Mainproc Login End!
2018-8-22 22:10:16.653	*** Mainproc Begin*** method = /cs/sipphone/Login/800006/1000
2018-8-22 22:10:16.657	Mainproc Login Begin!
2018-8-22 22:10:16.662	EncryptRtpPort:0 SignalEncrypt:0
2018-8-22 22:10:35.671	send WM_SIPPHONE_INCOMINGCALL: , 0
2018-8-22 22:10:35.688	send WM_SIPPHONE_INCOMINGCALL: Incoming call, 0
2018-8-22 22:10:47.803	*** Mainproc Begin*** method = /cs/sipphone/AcceptCall/800006/1000
2018-8-22 22:10:47.808	Mainproc AcceptCall Begin!
2018-8-22 22:10:47.865	Mainproc AcceptCall End!
2018-8-22 22:10:55.522	*** Mainproc Begin*** method = /cs/sipphone/EndCall/800006/1000
2018-8-22 22:10:55.527	Mainproc EndCall Begin!
2018-8-22 22:10:55.532	Mainproc EndCall End!
