2016-5-24 16:6:50.997	

******************************************


2016-5-24 16:6:51.2	SipPhone Trace App Log Trace 2016/5/24 16:06:50


2016-5-24 16:6:51.3	SipPhone Log Start!!!!!!!
2016-5-24 16:6:51.4	SipPhone Log windows pointer 0018EF10!!!!!!!
2016-5-24 16:6:51.5	Success_InParasfromCapi!
2016-5-24 16:6:51.6	Success_Create SipPhone CS Interface!
2016-5-24 16:6:51.108	Success_CSInterfaceInit!
2016-5-24 16:6:51.494	*** Mainproc Begin*** method = /cs/sipphone/Login/800006/1000
2016-5-24 16:6:51.496	Mainproc Login Begin!
2016-5-24 16:6:51.773	Mainproc Login End!
2016-5-24 16:6:51.793	*** Mainproc Begin*** method = /cs/sipphone/Login/800006/1000
2016-5-24 16:6:51.794	Mainproc Login Begin!
2016-5-24 16:6:51.796	EncryptRtpPort:0 SignalEncrypt:0
2016-5-24 17:11:43.75	send WM_SIPPHONE_INCOMINGCALL: , 0
2016-5-24 17:11:43.104	send WM_SIPPHONE_INCOMINGCALL: Incoming call, 0
2016-5-24 17:11:48.954	*** Mainproc Begin*** method = /cs/sipphone/AcceptCall/800006/1000
2016-5-24 17:11:48.955	Mainproc AcceptCall Begin!
2016-5-24 17:11:49.500	Mainproc AcceptCall End!
2016-5-24 17:16:20.546	*** Mainproc Begin*** method = /cs/sipphone/Logout/800006/1000
2016-5-24 17:16:20.547	Mainproc Logout Begin!
2016-5-24 17:16:21.860	Mainproc Logout End!
2016-5-24 17:16:21.869	*** DllExit Begin***
2016-5-24 17:16:21.870	*** DllExit Begining***
2016-5-24 17:16:21.871	*** DllExit End***
2016-5-24 17:16:21.876	*** DllExit Begin***
2016-5-24 17:16:21.877	*** DllExit End***
2016-5-24 17:16:21.881	*** DllExit Begin***
2016-5-24 17:16:21.882	*** DllExit End***
