18/08 09:47:39 I| ======= location: C:\Users\Administrator\Desktop\FreeSwitch\qyipphone\QYIPPhone.exe
18/08 09:47:39 I| ======= FileVersion: F1.07_20171120     ProductVersion: 1.0.0.1
18/08 09:47:39 I| =======
18/08 09:47:39 I| 初始化: 读取QYIPPhone.ini成功.
18/08 09:47:39 I| 初始化: 调入QYIPPhone.dll成功.
18/08 09:47:39 I| 初始化: dll初始化成功!
18/08 09:47:39 I| 初始化: 登录操作成功!
18/08 09:47:55 I| 操作: 更改配置!
18/08 09:47:55 I| 操作: 更改配置 - 退出登录!
18/08 09:47:57 I| 操作: 更改配置 - 登录!
18/08 09:47:57 I| 事件: 余额: 0
18/08 09:47:57 I| 事件: 登录成功
18/08 09:51:50 I| 操作：呼叫 
18/08 09:52:01 I| 操作：呼叫 15222
18/08 09:52:01 I| 事件: 响铃中...: 15222
18/08 09:52:01 I| 事件: 呼叫中...: 15222|1
18/08 09:52:52 I| 事件: 登录成功
18/08 09:52:58 I| 操作：挂机
18/08 09:52:58 I| 事件: 关闭: 15222|1|Request Terminated
18/08 09:53:02 I| 操作：呼叫 15222
18/08 09:53:02 I| 事件: 响铃中...: 15222
18/08 09:53:02 I| 事件: 呼叫中...: 15222|2
18/08 09:53:18 I| 操作：挂机
18/08 09:53:18 I| 事件: 关闭: 15222|2|Request Terminated
18/08 09:55:36 I| 操作：呼叫 15222
18/08 09:55:36 I| 事件: 响铃中...: 15222
18/08 09:55:36 I| 事件: 呼叫中...: 15222|3
18/08 09:55:47 I| 操作：挂机
18/08 09:55:47 I| 事件: 关闭: 15222|3|Request Terminated
18/08 09:55:50 I| 操作：呼叫 15222
18/08 09:55:50 I| 事件: 响铃中...: 15222
18/08 09:55:50 I| 事件: 呼叫中...: 15222|0
18/08 09:56:12 I| 操作：挂机
18/08 09:56:12 I| 事件: 关闭: 15222|0|Request Terminated
18/08 09:56:15 I| 操作：呼叫 15222
18/08 09:56:16 I| 事件: 响铃中...: 15222
18/08 09:56:16 I| 事件: 呼叫中...: 15222|1
18/08 09:56:18 I| 操作：挂机
18/08 09:56:18 I| 事件: 关闭: 15222|1|Request Terminated
18/08 09:57:12 I| 操作: 更改配置!
18/08 09:57:12 I| 操作: 更改配置 - 退出登录!
18/08 09:57:13 I| 操作: 更改配置 - 登录!
18/08 09:57:13 I| 事件: 余额: 0
18/08 09:57:13 I| 事件: 登录成功
18/08 09:57:22 I| 事件: 来电: Incoming call|0
18/08 09:57:22 I| 事件: 来电: 88569531|0
18/08 09:57:30 I| 事件: 通话中...: 88569531|0
18/08 09:58:07 I| 操作：挂机
18/08 09:58:07 I| 事件: 关闭: 88569531|0|Call ended
18/08 10:02:08 I| 事件: 登录成功
18/08 10:06:14 I| 事件: 来电: Incoming call|1
18/08 10:06:14 I| 事件: 来电: 88569531|1
18/08 10:06:20 I| 事件: 通话中...: 88569531|1
18/08 10:06:22 I| 事件: 关闭: 88569531|1|Call ended
18/08 10:06:29 I| 操作：呼叫 15222
18/08 10:06:29 I| 事件: 响铃中...: 15222
18/08 10:06:29 I| 事件: 呼叫中...: 15222|2
18/08 10:06:31 I| 事件: 关闭: 15222|2|Temporarily Unavailable
18/08 10:06:34 I| 操作：呼叫 15222
18/08 10:06:35 I| 事件: 响铃中...: 15222
18/08 10:06:35 I| 事件: 呼叫中...: 15222|3
18/08 10:06:37 I| 事件: 关闭: 15222|3|Temporarily Unavailable
18/08 10:07:03 I| 事件: 登录成功
18/08 10:08:03 I| 操作：呼叫 15222
18/08 10:08:03 I| 事件: 响铃中...: 15222
18/08 10:08:03 I| 事件: 呼叫中...: 15222|0
18/08 10:08:05 I| 事件: 关闭: 15222|0|Temporarily Unavailable
18/08 10:08:27 I| 操作：呼叫 15222
18/08 10:08:27 I| 事件: 响铃中...: 15222
18/08 10:08:27 I| 事件: 呼叫中...: 15222|1
18/08 10:08:29 I| 事件: 关闭: 15222|1|Temporarily Unavailable
18/08 10:11:58 I| 事件: 登录成功
18/08 10:16:53 I| 事件: 登录成功
18/08 10:21:48 I| 事件: 登录成功
18/08 10:26:43 I| 事件: 登录成功
18/08 10:31:38 I| 事件: 登录成功
18/08 10:36:33 I| 事件: 登录成功
18/08 10:41:28 I| 事件: 登录成功
18/08 10:46:23 I| 事件: 登录成功
18/08 10:51:18 I| 事件: 登录成功
18/08 10:56:13 I| 事件: 登录成功
18/08 11:01:08 I| 事件: 登录成功
18/08 11:06:03 I| 事件: 登录成功
18/08 11:10:58 I| 事件: 登录成功
18/08 11:15:53 I| 事件: 登录成功
18/08 11:20:48 I| 事件: 登录成功
18/08 11:25:43 I| 事件: 登录成功
18/08 11:30:38 I| 事件: 登录成功
18/08 11:32:38 I| 事件: 来电: Incoming call|2
18/08 11:32:38 I| 事件: 来电: 88569531|2
18/08 11:32:48 I| 事件: 通话中...: 88569531|2
18/08 11:33:00 I| 操作：挂机
18/08 11:33:00 I| 事件: 关闭: 88569531|2|Call ended
18/08 11:33:03 I| 操作：呼叫 15222
18/08 11:33:03 I| 事件: 响铃中...: 15222
18/08 11:33:03 I| 事件: 呼叫中...: 15222|3
18/08 11:33:05 I| 事件: 关闭: 15222|3|Temporarily Unavailable
18/08 11:33:08 I| 操作：呼叫 15222
18/08 11:33:08 I| 事件: 响铃中...: 15222
18/08 11:33:08 I| 事件: 呼叫中...: 15222|0
18/08 11:33:10 I| 事件: 关闭: 15222|0|Temporarily Unavailable
18/08 11:33:23 I| 操作：呼叫 15222
18/08 11:33:23 I| 事件: 响铃中...: 15222
18/08 11:33:23 I| 事件: 呼叫中...: 15222|1
18/08 11:33:25 I| 事件: 关闭: 15222|1|Temporarily Unavailable
18/08 11:35:33 I| 事件: 登录成功
18/08 11:40:28 I| 事件: 登录成功
18/08 11:45:23 I| 事件: 登录成功
18/08 11:50:19 I| 事件: 登录成功
18/08 11:55:14 I| 事件: 登录成功
18/08 12:00:09 I| 事件: 登录成功
18/08 12:05:04 I| 事件: 登录成功
18/08 12:09:59 I| 事件: 登录成功
18/08 12:14:54 I| 事件: 登录成功
18/08 12:19:49 I| 事件: 登录成功
18/08 12:24:44 I| 事件: 登录成功
18/08 12:29:39 I| 事件: 登录成功
18/08 12:34:34 I| 事件: 登录成功
18/08 12:39:29 I| 事件: 登录成功
18/08 12:44:24 I| 事件: 登录成功
18/08 12:49:19 I| 事件: 登录成功
18/08 12:54:14 I| 事件: 登录成功
18/08 12:59:09 I| 事件: 登录成功
18/08 13:04:04 I| 事件: 登录成功
18/08 13:08:59 I| 事件: 登录成功
18/08 13:10:16 I| 操作：退出程序
18/08 13:10:19 I| 操作: 退出程序
18/08 13:10:19 I| 操作: 退出程序 - 退出登录!
18/08 13:10:21 I| 操作: 退出程序 - 退出dll!
18/08 13:10:21 I| 操作: 退出程序 - 释放!
