16/08 15:30:29 I| ======= location: C:\Users\Administrator\Desktop\FreeSwitch\qyipphone\QYIPPhone.exe
16/08 15:30:29 I| ======= FileVersion: F1.07_20171120     ProductVersion: 1.0.0.1
16/08 15:30:29 I| =======
16/08 15:30:29 I| 初始化: 读取QYIPPhone.ini成功.
16/08 15:30:29 I| 初始化: 调入QYIPPhone.dll成功.
16/08 15:30:29 I| 初始化: dll初始化成功!
16/08 15:30:29 I| 初始化: 登录操作成功!
16/08 15:30:29 I| 事件: 登录失败: I
16/08 15:30:29 I| 事件: 余额: 0
16/08 15:30:48 I| 操作: 更改配置!
16/08 15:30:48 I| 操作: 更改配置 - 退出登录!
16/08 15:30:49 I| 操作: 更改配置 - 登录!
16/08 15:30:49 I| 事件: 余额: 0
16/08 15:30:49 I| 事件: 登录成功
16/08 15:31:05 I| 操作：呼叫 15583305609
16/08 15:31:05 I| 事件: 响铃中...: 15583305609
16/08 15:31:06 I| 事件: 呼叫中...: 15583305609|0
16/08 15:31:16 I| 事件: 关闭: 15583305609|0|Temporarily Unavailable
16/08 15:31:31 I| 操作：呼叫 15583305609
16/08 15:31:31 I| 事件: 响铃中...: 15583305609
16/08 15:31:31 I| 事件: 呼叫中...: 15583305609|1
16/08 15:31:42 I| 事件: 关闭: 15583305609|1|Temporarily Unavailable
16/08 15:32:06 I| 操作: 更改配置!
16/08 15:32:06 I| 操作: 更改配置 - 退出登录!
16/08 15:32:07 I| 操作: 更改配置 - 登录!
16/08 15:32:07 I| 事件: 余额: 0
16/08 15:32:07 I| 事件: 登录成功
16/08 15:32:11 I| 操作：呼叫 15583305609
16/08 15:32:11 I| 事件: 响铃中...: 15583305609
16/08 15:32:11 I| 事件: 呼叫中...: 15583305609|0
16/08 15:32:22 I| 事件: 来电: Incoming call|1
16/08 15:32:23 I| 事件: 通话中...: Incoming call|1
16/08 15:32:23 I| 事件: 通话中...: Incoming call|0
16/08 15:32:51 I| 操作：挂机
16/08 15:32:51 I| 事件: 关闭: Incoming call|0|Call ended
16/08 15:32:54 I| 事件: 关闭: |1|Call ended
16/08 15:33:51 I| 操作：退出程序
16/08 15:33:54 I| 操作: 退出程序
16/08 15:33:54 I| 操作: 退出程序 - 退出登录!
16/08 15:33:55 I| 操作: 退出程序 - 退出dll!
16/08 15:33:56 I| 操作: 退出程序 - 释放!
