
2018-16-08 15:30:29.259| [提示信息] DllMain：hModule = 268435456,DLL_PROCESS_ATTACH
2018-16-08 15:30:29.260| [提示信息] DllMain：执行StartUp,调用者: C:\Users\Administrator\Desktop\FreeSwitch\qyipphone\QYIPPhone.exe
2018-16-08 15:30:29.266| [提示信息] Socket Startup：结果为 0
2018-16-08 15:30:29.347| [提示信息] DllMain：hModule = 268435456,DLL_THREAD_ATTACH
2018-16-08 15:30:29.354| [提示信息] DllMain：hModule = 268435456,DLL_THREAD_ATTACH
2018-16-08 15:30:29.355| [提示信息] DllMain：hModule = 268435456,DLL_THREAD_ATTACH
2018-16-08 15:30:29.368| [提示信息] DllMain：hModule = 268435456,DLL_THREAD_ATTACH
2018-16-08 15:30:29.380| [提示信息] DllMain：hModule = 268435456,DLL_THREAD_ATTACH
2018-16-08 15:30:29.390| [提示信息] DllMain：hModule = 268435456,DLL_THREAD_DETACH
2018-16-08 15:30:29.554| [提示信息] DllMain：hModule = 268435456,DLL_THREAD_ATTACH
2018-16-08 15:30:29.556| [提示信息] DllMain：hModule = 268435456,DLL_THREAD_ATTACH
2018-16-08 15:30:29.556| [提示信息] DllMain：hModule = 268435456,DLL_THREAD_ATTACH
2018-16-08 15:30:30.350| [提示信息] DllMain：hModule = 268435456,DLL_THREAD_DETACH
2018-16-08 15:30:39.378| [提示信息] DllMain：hModule = 268435456,DLL_THREAD_ATTACH
2018-16-08 15:30:39.379| [提示信息] DllMain：hModule = 268435456,DLL_THREAD_ATTACH
2018-16-08 15:30:39.402| [提示信息] DllMain：hModule = 268435456,DLL_THREAD_ATTACH
2018-16-08 15:30:39.406| [提示信息] DllMain：hModule = 268435456,DLL_THREAD_ATTACH
2018-16-08 15:30:39.471| [提示信息] DllMain：hModule = 268435456,DLL_THREAD_ATTACH
2018-16-08 15:30:40.366| [提示信息] DllMain：hModule = 268435456,DLL_THREAD_DETACH
2018-16-08 15:30:48.195| [提示信息] DllMain：hModule = 268435456,DLL_THREAD_DETACH
2018-16-08 15:30:48.198| [提示信息] DllMain：hModule = 268435456,DLL_THREAD_DETACH
2018-16-08 15:30:48.562| [提示信息] DllMain：hModule = 268435456,DLL_THREAD_DETACH
2018-16-08 15:30:49.577| [提示信息] DllMain：hModule = 268435456,DLL_THREAD_ATTACH
2018-16-08 15:30:49.578| [提示信息] DllMain：hModule = 268435456,DLL_THREAD_ATTACH
2018-16-08 15:30:49.579| [提示信息] DllMain：hModule = 268435456,DLL_THREAD_ATTACH
2018-16-08 15:30:49.606| [提示信息] DllMain：hModule = 268435456,DLL_THREAD_ATTACH
2018-16-08 15:30:59.350| [提示信息] DllMain：hModule = 268435456,DLL_THREAD_ATTACH
2018-16-08 15:30:59.352| [提示信息] DllMain：hModule = 268435456,DLL_THREAD_ATTACH
2018-16-08 15:31:05.831| [提示信息] DllMain：hModule = 268435456,DLL_THREAD_ATTACH
2018-16-08 15:31:05.841| [提示信息] DllMain：hModule = 268435456,DLL_THREAD_ATTACH
2018-16-08 15:31:05.915| [提示信息] DllMain：hModule = 268435456,DLL_THREAD_ATTACH
2018-16-08 15:31:05.916| [提示信息] DllMain：hModule = 268435456,DLL_THREAD_ATTACH
2018-16-08 15:31:05.917| [提示信息] DllMain：hModule = 268435456,DLL_THREAD_ATTACH
2018-16-08 15:31:17.913| [提示信息] DllMain：hModule = 268435456,DLL_THREAD_DETACH
2018-16-08 15:31:17.922| [提示信息] DllMain：hModule = 268435456,DLL_THREAD_DETACH
2018-16-08 15:31:17.924| [提示信息] DllMain：hModule = 268435456,DLL_THREAD_DETACH
2018-16-08 15:31:31.303| [提示信息] DllMain：hModule = 268435456,DLL_THREAD_ATTACH
2018-16-08 15:31:31.317| [提示信息] DllMain：hModule = 268435456,DLL_THREAD_ATTACH
2018-16-08 15:31:31.386| [提示信息] DllMain：hModule = 268435456,DLL_THREAD_ATTACH
2018-16-08 15:31:43.304| [提示信息] DllMain：hModule = 268435456,DLL_THREAD_DETACH
2018-16-08 15:31:43.312| [提示信息] DllMain：hModule = 268435456,DLL_THREAD_DETACH
2018-16-08 15:31:43.313| [提示信息] DllMain：hModule = 268435456,DLL_THREAD_DETACH
2018-16-08 15:32:06.351| [提示信息] DllMain：hModule = 268435456,DLL_THREAD_DETACH
2018-16-08 15:32:06.578| [提示信息] DllMain：hModule = 268435456,DLL_THREAD_DETACH
2018-16-08 15:32:06.580| [提示信息] DllMain：hModule = 268435456,DLL_THREAD_DETACH
2018-16-08 15:32:06.810| [提示信息] DllMain：hModule = 268435456,DLL_THREAD_DETACH
2018-16-08 15:32:07.827| [提示信息] DllMain：hModule = 268435456,DLL_THREAD_ATTACH
2018-16-08 15:32:07.829| [提示信息] DllMain：hModule = 268435456,DLL_THREAD_ATTACH
2018-16-08 15:32:07.831| [提示信息] DllMain：hModule = 268435456,DLL_THREAD_ATTACH
2018-16-08 15:32:11.757| [提示信息] DllMain：hModule = 268435456,DLL_THREAD_ATTACH
2018-16-08 15:32:11.766| [提示信息] DllMain：hModule = 268435456,DLL_THREAD_ATTACH
2018-16-08 15:32:11.779| [提示信息] DllMain：hModule = 268435456,DLL_THREAD_ATTACH
2018-16-08 15:32:11.817| [提示信息] DllMain：hModule = 268435456,DLL_THREAD_ATTACH
2018-16-08 15:32:12.917| [提示信息] DllMain：hModule = 268435456,DLL_THREAD_DETACH
2018-16-08 15:32:22.891| [提示信息] DllMain：hModule = 268435456,DLL_THREAD_ATTACH
2018-16-08 15:32:52.408| [提示信息] DllMain：hModule = 268435456,DLL_THREAD_DETACH
2018-16-08 15:32:52.444| [提示信息] DllMain：hModule = 268435456,DLL_THREAD_DETACH
2018-16-08 15:32:52.482| [提示信息] DllMain：hModule = 268435456,DLL_THREAD_DETACH
2018-16-08 15:33:18.779| [提示信息] DllMain：hModule = 268435456,DLL_THREAD_DETACH
2018-16-08 15:33:29.349| [提示信息] DllMain：hModule = 268435456,DLL_THREAD_ATTACH
2018-16-08 15:33:39.459| [提示信息] DllMain：hModule = 268435456,DLL_THREAD_DETACH
2018-16-08 15:33:39.551| [提示信息] DllMain：hModule = 268435456,DLL_THREAD_DETACH
2018-16-08 15:33:54.729| [提示信息] DllMain：hModule = 268435456,DLL_THREAD_DETACH
2018-16-08 15:33:54.744| [提示信息] DllMain：hModule = 268435456,DLL_THREAD_DETACH
2018-16-08 15:33:54.925| [提示信息] DllMain：hModule = 268435456,DLL_THREAD_DETACH
2018-16-08 16:00:13.751| [提示信息] DllMain：hModule = 268435456,DLL_PROCESS_ATTACH
2018-16-08 16:00:13.752| [提示信息] DllMain：执行StartUp,调用者: C:\Users\Administrator\Desktop\FreeSwitch\qyipphone\QYIPPhone.exe
2018-16-08 16:00:13.754| [提示信息] Socket Startup：结果为 0
2018-16-08 16:00:13.788| [提示信息] DllMain：hModule = 268435456,DLL_THREAD_ATTACH
2018-16-08 16:00:13.790| [提示信息] DllMain：hModule = 268435456,DLL_THREAD_ATTACH
2018-16-08 16:00:13.793| [提示信息] DllMain：hModule = 268435456,DLL_THREAD_ATTACH
2018-16-08 16:00:13.799| [提示信息] DllMain：hModule = 268435456,DLL_THREAD_ATTACH
2018-16-08 16:00:13.807| [提示信息] DllMain：hModule = 268435456,DLL_THREAD_ATTACH
2018-16-08 16:00:13.828| [提示信息] DllMain：hModule = 268435456,DLL_THREAD_DETACH
2018-16-08 16:00:13.945| [提示信息] DllMain：hModule = 268435456,DLL_THREAD_ATTACH
2018-16-08 16:00:13.947| [提示信息] DllMain：hModule = 268435456,DLL_THREAD_ATTACH
2018-16-08 16:00:13.948| [提示信息] DllMain：hModule = 268435456,DLL_THREAD_ATTACH
2018-16-08 16:00:13.985| [提示信息] DllMain：hModule = 268435456,DLL_THREAD_ATTACH
2018-16-08 16:00:14.789| [提示信息] DllMain：hModule = 268435456,DLL_THREAD_DETACH
2018-16-08 16:00:23.817| [提示信息] DllMain：hModule = 268435456,DLL_THREAD_ATTACH
2018-16-08 16:00:23.820| [提示信息] DllMain：hModule = 268435456,DLL_THREAD_ATTACH
2018-16-08 16:00:23.826| [提示信息] DllMain：hModule = 268435456,DLL_THREAD_ATTACH
2018-16-08 16:00:24.796| [提示信息] DllMain：hModule = 268435456,DLL_THREAD_DETACH
2018-16-08 16:00:43.791| [提示信息] DllMain：hModule = 268435456,DLL_THREAD_ATTACH
2018-16-08 16:00:43.793| [提示信息] DllMain：hModule = 268435456,DLL_THREAD_ATTACH
2018-16-08 16:00:43.796| [提示信息] DllMain：hModule = 268435456,DLL_THREAD_ATTACH
2018-16-08 16:01:50.798| [提示信息] DllMain：hModule = 268435456,DLL_THREAD_DETACH
2018-16-08 16:02:20.793| [提示信息] DllMain：hModule = 268435456,DLL_THREAD_DETACH
2018-16-08 16:02:20.793| [提示信息] DllMain：hModule = 268435456,DLL_THREAD_DETACH
2018-16-08 16:03:23.903| [提示信息] DllMain：hModule = 268435456,DLL_THREAD_DETACH
2018-16-08 16:03:24.003| [提示信息] DllMain：hModule = 268435456,DLL_THREAD_DETACH
2018-16-08 16:05:34.984| [提示信息] DllMain：hModule = 268435456,DLL_THREAD_DETACH
2018-16-08 16:11:21.122| [提示信息] DllMain：hModule = 268435456,DLL_THREAD_ATTACH
2018-16-08 16:11:24.132| [提示信息] DllMain：hModule = 268435456,DLL_THREAD_DETACH
2018-16-08 16:11:24.135| [提示信息] DllMain：hModule = 268435456,DLL_THREAD_DETACH
2018-16-08 16:11:24.588| [提示信息] DllMain：hModule = 268435456,DLL_THREAD_DETACH
2018-18-08 09:47:39.464| [提示信息] DllMain：hModule = 268435456,DLL_PROCESS_ATTACH
2018-18-08 09:47:39.476| [提示信息] DllMain：执行StartUp,调用者: C:\Users\Administrator\Desktop\FreeSwitch\qyipphone\QYIPPhone.exe
2018-18-08 09:47:39.479| [提示信息] Socket Startup：结果为 0
2018-18-08 09:47:39.544| [提示信息] DllMain：hModule = 268435456,DLL_THREAD_ATTACH
2018-18-08 09:47:39.554| [提示信息] DllMain：hModule = 268435456,DLL_THREAD_ATTACH
2018-18-08 09:47:39.556| [提示信息] DllMain：hModule = 268435456,DLL_THREAD_ATTACH
2018-18-08 09:47:39.566| [提示信息] DllMain：hModule = 268435456,DLL_THREAD_ATTACH
2018-18-08 09:47:39.575| [提示信息] DllMain：hModule = 268435456,DLL_THREAD_ATTACH
2018-18-08 09:47:39.581| [提示信息] DllMain：hModule = 268435456,DLL_THREAD_DETACH
2018-18-08 09:47:39.696| [提示信息] DllMain：hModule = 268435456,DLL_THREAD_ATTACH
2018-18-08 09:47:39.698| [提示信息] DllMain：hModule = 268435456,DLL_THREAD_ATTACH
2018-18-08 09:47:39.698| [提示信息] DllMain：hModule = 268435456,DLL_THREAD_ATTACH
2018-18-08 09:47:40.555| [提示信息] DllMain：hModule = 268435456,DLL_THREAD_DETACH
2018-18-08 09:47:49.573| [提示信息] DllMain：hModule = 268435456,DLL_THREAD_ATTACH
2018-18-08 09:47:49.576| [提示信息] DllMain：hModule = 268435456,DLL_THREAD_ATTACH
2018-18-08 09:47:49.582| [提示信息] DllMain：hModule = 268435456,DLL_THREAD_ATTACH
2018-18-08 09:47:50.558| [提示信息] DllMain：hModule = 268435456,DLL_THREAD_DETACH
2018-18-08 09:47:55.619| [提示信息] DllMain：hModule = 268435456,DLL_THREAD_DETACH
2018-18-08 09:47:55.622| [提示信息] DllMain：hModule = 268435456,DLL_THREAD_DETACH
2018-18-08 09:47:55.697| [提示信息] DllMain：hModule = 268435456,DLL_THREAD_DETACH
2018-18-08 09:47:57.842| [提示信息] DllMain：hModule = 268435456,DLL_THREAD_ATTACH
2018-18-08 09:47:57.847| [提示信息] DllMain：hModule = 268435456,DLL_THREAD_ATTACH
2018-18-08 09:47:57.852| [提示信息] DllMain：hModule = 268435456,DLL_THREAD_ATTACH
2018-18-08 09:47:57.879| [提示信息] DllMain：hModule = 268435456,DLL_THREAD_ATTACH
2018-18-08 09:48:09.554| [提示信息] DllMain：hModule = 268435456,DLL_THREAD_ATTACH
2018-18-08 09:48:09.557| [提示信息] DllMain：hModule = 268435456,DLL_THREAD_ATTACH
2018-18-08 09:48:09.564| [提示信息] DllMain：hModule = 268435456,DLL_THREAD_ATTACH
2018-18-08 09:49:16.564| [提示信息] DllMain：hModule = 268435456,DLL_THREAD_DETACH
2018-18-08 09:49:46.554| [提示信息] DllMain：hModule = 268435456,DLL_THREAD_DETACH
2018-18-08 09:49:46.557| [提示信息] DllMain：hModule = 268435456,DLL_THREAD_DETACH
2018-18-08 09:50:49.582| [提示信息] DllMain：hModule = 268435456,DLL_THREAD_DETACH
2018-18-08 09:50:49.682| [提示信息] DllMain：hModule = 268435456,DLL_THREAD_DETACH
2018-18-08 09:51:50.160| [提示信息] DllMain：hModule = 268435456,DLL_THREAD_ATTACH
2018-18-08 09:51:50.195| [提示信息] DllMain：hModule = 268435456,DLL_THREAD_ATTACH
2018-18-08 09:51:50.212| [提示信息] DllMain：hModule = 268435456,DLL_THREAD_ATTACH
2018-18-08 09:51:50.228| [提示信息] DllMain：hModule = 268435456,DLL_THREAD_ATTACH
2018-18-08 09:51:52.831| [提示信息] DllMain：hModule = 268435456,DLL_THREAD_ATTACH
2018-18-08 09:51:52.833| [提示信息] DllMain：hModule = 268435456,DLL_THREAD_ATTACH
2018-18-08 09:51:52.834| [提示信息] DllMain：hModule = 268435456,DLL_THREAD_ATTACH
2018-18-08 09:51:52.835| [提示信息] DllMain：hModule = 268435456,DLL_THREAD_ATTACH
2018-18-08 09:51:53.837| [提示信息] DllMain：hModule = 268435456,DLL_THREAD_DETACH
2018-18-08 09:51:53.856| [提示信息] DllMain：hModule = 268435456,DLL_THREAD_DETACH
2018-18-08 09:51:53.860| [提示信息] DllMain：hModule = 268435456,DLL_THREAD_DETACH
2018-18-08 09:52:01.021| [提示信息] DllMain：hModule = 268435456,DLL_THREAD_ATTACH
2018-18-08 09:52:01.045| [提示信息] DllMain：hModule = 268435456,DLL_THREAD_ATTACH
2018-18-08 09:52:01.114| [提示信息] DllMain：hModule = 268435456,DLL_THREAD_ATTACH
2018-18-08 09:52:57.228| [提示信息] DllMain：hModule = 268435456,DLL_THREAD_DETACH
2018-18-08 09:52:59.405| [提示信息] DllMain：hModule = 268435456,DLL_THREAD_DETACH
2018-18-08 09:52:59.424| [提示信息] DllMain：hModule = 268435456,DLL_THREAD_DETACH
2018-18-08 09:52:59.428| [提示信息] DllMain：hModule = 268435456,DLL_THREAD_DETACH
2018-18-08 09:53:02.321| [提示信息] DllMain：hModule = 268435456,DLL_THREAD_ATTACH
2018-18-08 09:53:02.357| [提示信息] DllMain：hModule = 268435456,DLL_THREAD_ATTACH
2018-18-08 09:53:02.377| [提示信息] DllMain：hModule = 268435456,DLL_THREAD_ATTACH
2018-18-08 09:53:02.445| [提示信息] DllMain：hModule = 268435456,DLL_THREAD_ATTACH
2018-18-08 09:53:19.819| [提示信息] DllMain：hModule = 268435456,DLL_THREAD_DETACH
2018-18-08 09:53:19.835| [提示信息] DllMain：hModule = 268435456,DLL_THREAD_DETACH
2018-18-08 09:53:19.839| [提示信息] DllMain：hModule = 268435456,DLL_THREAD_DETACH
2018-18-08 09:54:09.377| [提示信息] DllMain：hModule = 268435456,DLL_THREAD_DETACH
2018-18-08 09:54:26.829| [提示信息] DllMain：hModule = 268435456,DLL_THREAD_DETACH
2018-18-08 09:55:06.430| [提示信息] DllMain：hModule = 268435456,DLL_THREAD_DETACH
2018-18-08 09:55:36.716| [提示信息] DllMain：hModule = 268435456,DLL_THREAD_ATTACH
2018-18-08 09:55:36.747| [提示信息] DllMain：hModule = 268435456,DLL_THREAD_ATTACH
2018-18-08 09:55:36.779| [提示信息] DllMain：hModule = 268435456,DLL_THREAD_ATTACH
2018-18-08 09:55:36.850| [提示信息] DllMain：hModule = 268435456,DLL_THREAD_ATTACH
2018-18-08 09:55:36.850| [提示信息] DllMain：hModule = 268435456,DLL_THREAD_ATTACH
2018-18-08 09:55:36.850| [提示信息] DllMain：hModule = 268435456,DLL_THREAD_ATTACH
2018-18-08 09:55:48.210| [提示信息] DllMain：hModule = 268435456,DLL_THREAD_DETACH
2018-18-08 09:55:48.220| [提示信息] DllMain：hModule = 268435456,DLL_THREAD_DETACH
2018-18-08 09:55:48.230| [提示信息] DllMain：hModule = 268435456,DLL_THREAD_DETACH
2018-18-08 09:55:50.216| [提示信息] DllMain：hModule = 268435456,DLL_THREAD_ATTACH
2018-18-08 09:55:50.247| [提示信息] DllMain：hModule = 268435456,DLL_THREAD_ATTACH
2018-18-08 09:55:50.313| [提示信息] DllMain：hModule = 268435456,DLL_THREAD_ATTACH
2018-18-08 09:56:13.885| [提示信息] DllMain：hModule = 268435456,DLL_THREAD_DETACH
2018-18-08 09:56:13.905| [提示信息] DllMain：hModule = 268435456,DLL_THREAD_DETACH
2018-18-08 09:56:13.905| [提示信息] DllMain：hModule = 268435456,DLL_THREAD_DETACH
2018-18-08 09:56:15.953| [提示信息] DllMain：hModule = 268435456,DLL_THREAD_ATTACH
2018-18-08 09:56:15.984| [提示信息] DllMain：hModule = 268435456,DLL_THREAD_ATTACH
2018-18-08 09:56:16.067| [提示信息] DllMain：hModule = 268435456,DLL_THREAD_ATTACH
2018-18-08 09:56:19.308| [提示信息] DllMain：hModule = 268435456,DLL_THREAD_DETACH
2018-18-08 09:56:19.328| [提示信息] DllMain：hModule = 268435456,DLL_THREAD_DETACH
2018-18-08 09:56:19.328| [提示信息] DllMain：hModule = 268435456,DLL_THREAD_DETACH
2018-18-08 09:56:43.787| [提示信息] DllMain：hModule = 268435456,DLL_THREAD_DETACH
2018-18-08 09:57:06.861| [提示信息] DllMain：hModule = 268435456,DLL_THREAD_ATTACH
2018-18-08 09:57:12.184| [提示信息] DllMain：hModule = 268435456,DLL_THREAD_DETACH
2018-18-08 09:57:12.184| [提示信息] DllMain：hModule = 268435456,DLL_THREAD_DETACH
2018-18-08 09:57:12.481| [提示信息] DllMain：hModule = 268435456,DLL_THREAD_DETACH
2018-18-08 09:57:13.541| [提示信息] DllMain：hModule = 268435456,DLL_THREAD_ATTACH
2018-18-08 09:57:13.541| [提示信息] DllMain：hModule = 268435456,DLL_THREAD_ATTACH
2018-18-08 09:57:13.541| [提示信息] DllMain：hModule = 268435456,DLL_THREAD_ATTACH
2018-18-08 09:57:22.607| [提示信息] DllMain：hModule = 268435456,DLL_THREAD_ATTACH
2018-18-08 09:57:22.607| [提示信息] DllMain：hModule = 268435456,DLL_THREAD_ATTACH
2018-18-08 09:57:22.623| [提示信息] DllMain：hModule = 268435456,DLL_THREAD_ATTACH
2018-18-08 09:57:26.304| [提示信息] DllMain：hModule = 268435456,DLL_THREAD_DETACH
2018-18-08 09:57:30.754| [提示信息] DllMain：hModule = 268435456,DLL_THREAD_ATTACH
2018-18-08 09:58:08.093| [提示信息] DllMain：hModule = 268435456,DLL_THREAD_DETACH
2018-18-08 09:58:08.113| [提示信息] DllMain：hModule = 268435456,DLL_THREAD_DETACH
2018-18-08 09:58:08.113| [提示信息] DllMain：hModule = 268435456,DLL_THREAD_DETACH
2018-18-08 09:58:13.876| [提示信息] DllMain：hModule = 268435456,DLL_THREAD_DETACH
2018-18-08 09:58:43.514| [提示信息] DllMain：hModule = 268435456,DLL_THREAD_ATTACH
2018-18-08 09:59:50.525| [提示信息] DllMain：hModule = 268435456,DLL_THREAD_DETACH
2018-18-08 09:59:50.525| [提示信息] DllMain：hModule = 268435456,DLL_THREAD_DETACH
2018-18-08 10:01:08.097| [提示信息] DllMain：hModule = 268435456,DLL_THREAD_DETACH
2018-18-08 10:03:28.144| [提示信息] DllMain：hModule = 268435456,DLL_THREAD_DETACH
2018-18-08 10:06:14.739| [提示信息] DllMain：hModule = 268435456,DLL_THREAD_ATTACH
2018-18-08 10:06:14.771| [提示信息] DllMain：hModule = 268435456,DLL_THREAD_ATTACH
2018-18-08 10:06:14.786| [提示信息] DllMain：hModule = 268435456,DLL_THREAD_ATTACH
2018-18-08 10:06:14.786| [提示信息] DllMain：hModule = 268435456,DLL_THREAD_ATTACH
2018-18-08 10:06:14.786| [提示信息] DllMain：hModule = 268435456,DLL_THREAD_ATTACH
2018-18-08 10:06:20.162| [提示信息] DllMain：hModule = 268435456,DLL_THREAD_ATTACH
2018-18-08 10:06:20.162| [提示信息] DllMain：hModule = 268435456,DLL_THREAD_ATTACH
2018-18-08 10:06:22.162| [提示信息] DllMain：hModule = 268435456,DLL_THREAD_ATTACH
2018-18-08 10:06:23.172| [提示信息] DllMain：hModule = 268435456,DLL_THREAD_DETACH
2018-18-08 10:06:23.192| [提示信息] DllMain：hModule = 268435456,DLL_THREAD_DETACH
2018-18-08 10:06:23.192| [提示信息] DllMain：hModule = 268435456,DLL_THREAD_DETACH
2018-18-08 10:06:29.624| [提示信息] DllMain：hModule = 268435456,DLL_THREAD_ATTACH
2018-18-08 10:06:29.656| [提示信息] DllMain：hModule = 268435456,DLL_THREAD_ATTACH
2018-18-08 10:06:29.729| [提示信息] DllMain：hModule = 268435456,DLL_THREAD_ATTACH
2018-18-08 10:06:32.889| [提示信息] DllMain：hModule = 268435456,DLL_THREAD_DETACH
2018-18-08 10:06:32.929| [提示信息] DllMain：hModule = 268435456,DLL_THREAD_DETACH
2018-18-08 10:06:32.929| [提示信息] DllMain：hModule = 268435456,DLL_THREAD_DETACH
2018-18-08 10:06:34.899| [提示信息] DllMain：hModule = 268435456,DLL_THREAD_ATTACH
2018-18-08 10:06:34.930| [提示信息] DllMain：hModule = 268435456,DLL_THREAD_ATTACH
2018-18-08 10:06:35.013| [提示信息] DllMain：hModule = 268435456,DLL_THREAD_ATTACH
2018-18-08 10:06:38.191| [提示信息] DllMain：hModule = 268435456,DLL_THREAD_DETACH
2018-18-08 10:06:38.211| [提示信息] DllMain：hModule = 268435456,DLL_THREAD_DETACH
2018-18-08 10:06:38.221| [提示信息] DllMain：hModule = 268435456,DLL_THREAD_DETACH
2018-18-08 10:07:21.797| [提示信息] DllMain：hModule = 268435456,DLL_THREAD_DETACH
2018-18-08 10:07:45.190| [提示信息] DllMain：hModule = 268435456,DLL_THREAD_DETACH
2018-18-08 10:08:03.433| [提示信息] DllMain：hModule = 268435456,DLL_THREAD_ATTACH
2018-18-08 10:08:03.464| [提示信息] DllMain：hModule = 268435456,DLL_THREAD_ATTACH
2018-18-08 10:08:03.488| [提示信息] DllMain：hModule = 268435456,DLL_THREAD_ATTACH
2018-18-08 10:08:03.569| [提示信息] DllMain：hModule = 268435456,DLL_THREAD_ATTACH
2018-18-08 10:08:03.569| [提示信息] DllMain：hModule = 268435456,DLL_THREAD_ATTACH
2018-18-08 10:08:06.700| [提示信息] DllMain：hModule = 268435456,DLL_THREAD_DETACH
2018-18-08 10:08:06.720| [提示信息] DllMain：hModule = 268435456,DLL_THREAD_DETACH
2018-18-08 10:08:06.720| [提示信息] DllMain：hModule = 268435456,DLL_THREAD_DETACH
2018-18-08 10:08:27.734| [提示信息] DllMain：hModule = 268435456,DLL_THREAD_ATTACH
2018-18-08 10:08:27.766| [提示信息] DllMain：hModule = 268435456,DLL_THREAD_ATTACH
2018-18-08 10:08:27.849| [提示信息] DllMain：hModule = 268435456,DLL_THREAD_ATTACH
2018-18-08 10:08:31.030| [提示信息] DllMain：hModule = 268435456,DLL_THREAD_DETACH
2018-18-08 10:08:31.050| [提示信息] DllMain：hModule = 268435456,DLL_THREAD_DETACH
2018-18-08 10:08:31.060| [提示信息] DllMain：hModule = 268435456,DLL_THREAD_DETACH
2018-18-08 10:09:10.502| [提示信息] DllMain：hModule = 268435456,DLL_THREAD_DETACH
2018-18-08 10:09:38.015| [提示信息] DllMain：hModule = 268435456,DLL_THREAD_DETACH
2018-18-08 10:10:10.596| [提示信息] DllMain：hModule = 268435456,DLL_THREAD_DETACH
2018-18-08 10:11:31.022| [提示信息] DllMain：hModule = 268435456,DLL_THREAD_DETACH
2018-18-08 10:13:51.049| [提示信息] DllMain：hModule = 268435456,DLL_THREAD_DETACH
2018-18-08 10:52:32.819| [提示信息] DllMain：hModule = 268435456,DLL_THREAD_ATTACH
2018-18-08 10:55:43.020| [提示信息] DllMain：hModule = 268435456,DLL_THREAD_ATTACH
2018-18-08 10:55:43.022| [提示信息] DllMain：hModule = 268435456,DLL_THREAD_ATTACH
2018-18-08 10:56:50.021| [提示信息] DllMain：hModule = 268435456,DLL_THREAD_DETACH
2018-18-08 10:57:20.031| [提示信息] DllMain：hModule = 268435456,DLL_THREAD_DETACH
2018-18-08 11:15:44.035| [提示信息] DllMain：hModule = 268435456,DLL_THREAD_ATTACH
2018-18-08 11:15:44.037| [提示信息] DllMain：hModule = 268435456,DLL_THREAD_ATTACH
2018-18-08 11:16:51.037| [提示信息] DllMain：hModule = 268435456,DLL_THREAD_DETACH
2018-18-08 11:16:51.040| [提示信息] DllMain：hModule = 268435456,DLL_THREAD_DETACH
2018-18-08 11:32:38.972| [提示信息] DllMain：hModule = 268435456,DLL_THREAD_ATTACH
2018-18-08 11:32:39.035| [提示信息] DllMain：hModule = 268435456,DLL_THREAD_ATTACH
2018-18-08 11:32:39.050| [提示信息] DllMain：hModule = 268435456,DLL_THREAD_ATTACH
2018-18-08 11:32:39.050| [提示信息] DllMain：hModule = 268435456,DLL_THREAD_ATTACH
2018-18-08 11:32:39.050| [提示信息] DllMain：hModule = 268435456,DLL_THREAD_ATTACH
2018-18-08 11:32:48.854| [提示信息] DllMain：hModule = 268435456,DLL_THREAD_ATTACH
2018-18-08 11:32:48.855| [提示信息] DllMain：hModule = 268435456,DLL_THREAD_ATTACH
2018-18-08 11:33:00.473| [提示信息] DllMain：hModule = 268435456,DLL_THREAD_ATTACH
2018-18-08 11:33:01.482| [提示信息] DllMain：hModule = 268435456,DLL_THREAD_DETACH
2018-18-08 11:33:01.492| [提示信息] DllMain：hModule = 268435456,DLL_THREAD_DETACH
2018-18-08 11:33:01.502| [提示信息] DllMain：hModule = 268435456,DLL_THREAD_DETACH
2018-18-08 11:33:03.490| [提示信息] DllMain：hModule = 268435456,DLL_THREAD_ATTACH
2018-18-08 11:33:03.506| [提示信息] DllMain：hModule = 268435456,DLL_THREAD_ATTACH
2018-18-08 11:33:03.574| [提示信息] DllMain：hModule = 268435456,DLL_THREAD_ATTACH
2018-18-08 11:33:06.772| [提示信息] DllMain：hModule = 268435456,DLL_THREAD_DETACH
2018-18-08 11:33:06.800| [提示信息] DllMain：hModule = 268435456,DLL_THREAD_DETACH
2018-18-08 11:33:06.801| [提示信息] DllMain：hModule = 268435456,DLL_THREAD_DETACH
2018-18-08 11:33:08.775| [提示信息] DllMain：hModule = 268435456,DLL_THREAD_ATTACH
2018-18-08 11:33:08.775| [提示信息] DllMain：hModule = 268435456,DLL_THREAD_ATTACH
2018-18-08 11:33:08.828| [提示信息] DllMain：hModule = 268435456,DLL_THREAD_ATTACH
2018-18-08 11:33:11.980| [提示信息] DllMain：hModule = 268435456,DLL_THREAD_DETACH
2018-18-08 11:33:11.990| [提示信息] DllMain：hModule = 268435456,DLL_THREAD_DETACH
2018-18-08 11:33:11.990| [提示信息] DllMain：hModule = 268435456,DLL_THREAD_DETACH
2018-18-08 11:33:23.656| [提示信息] DllMain：hModule = 268435456,DLL_THREAD_ATTACH
2018-18-08 11:33:23.672| [提示信息] DllMain：hModule = 268435456,DLL_THREAD_ATTACH
2018-18-08 11:33:23.715| [提示信息] DllMain：hModule = 268435456,DLL_THREAD_ATTACH
2018-18-08 11:33:26.916| [提示信息] DllMain：hModule = 268435456,DLL_THREAD_DETACH
2018-18-08 11:33:26.926| [提示信息] DllMain：hModule = 268435456,DLL_THREAD_DETACH
2018-18-08 11:33:26.926| [提示信息] DllMain：hModule = 268435456,DLL_THREAD_DETACH
2018-18-08 11:33:46.064| [提示信息] DllMain：hModule = 268435456,DLL_THREAD_DETACH
2018-18-08 11:34:08.963| [提示信息] DllMain：hModule = 268435456,DLL_THREAD_ATTACH
2018-18-08 11:34:33.911| [提示信息] DllMain：hModule = 268435456,DLL_THREAD_DETACH
2018-18-08 11:35:15.968| [提示信息] DllMain：hModule = 268435456,DLL_THREAD_DETACH
2018-18-08 11:35:15.968| [提示信息] DllMain：hModule = 268435456,DLL_THREAD_DETACH
2018-18-08 11:36:26.914| [提示信息] DllMain：hModule = 268435456,DLL_THREAD_DETACH
2018-18-08 11:38:46.950| [提示信息] DllMain：hModule = 268435456,DLL_THREAD_DETACH
2018-18-08 13:10:16.583| [提示信息] DllMain：hModule = 268435456,DLL_THREAD_ATTACH
2018-18-08 13:10:19.594| [提示信息] DllMain：hModule = 268435456,DLL_THREAD_DETACH
2018-18-08 13:10:19.594| [提示信息] DllMain：hModule = 268435456,DLL_THREAD_DETACH
2018-18-08 13:10:20.065| [提示信息] DllMain：hModule = 268435456,DLL_THREAD_DETACH
2018-20-08 14:41:19.277| [提示信息] DllMain：hModule = 268435456,DLL_PROCESS_ATTACH
2018-20-08 14:41:19.280| [提示信息] DllMain：执行StartUp,调用者: C:\Users\Administrator\Desktop\FreeSwitch\qyipphone\QYIPPhone.exe
2018-20-08 14:41:19.283| [提示信息] Socket Startup：结果为 0
2018-20-08 14:41:19.363| [提示信息] DllMain：hModule = 268435456,DLL_THREAD_ATTACH
2018-20-08 14:41:19.366| [提示信息] DllMain：hModule = 268435456,DLL_THREAD_ATTACH
2018-20-08 14:41:19.372| [提示信息] DllMain：hModule = 268435456,DLL_THREAD_ATTACH
2018-20-08 14:41:19.374| [提示信息] DllMain：hModule = 268435456,DLL_THREAD_ATTACH
2018-20-08 14:41:19.385| [提示信息] DllMain：hModule = 268435456,DLL_THREAD_ATTACH
2018-20-08 14:41:19.390| [提示信息] DllMain：hModule = 268435456,DLL_THREAD_DETACH
2018-20-08 14:41:19.507| [提示信息] DllMain：hModule = 268435456,DLL_THREAD_ATTACH
2018-20-08 14:41:19.509| [提示信息] DllMain：hModule = 268435456,DLL_THREAD_ATTACH
2018-20-08 14:41:19.509| [提示信息] DllMain：hModule = 268435456,DLL_THREAD_ATTACH
2018-20-08 14:41:19.537| [提示信息] DllMain：hModule = 268435456,DLL_THREAD_ATTACH
2018-20-08 14:41:20.367| [提示信息] DllMain：hModule = 268435456,DLL_THREAD_DETACH
2018-20-08 14:41:29.385| [提示信息] DllMain：hModule = 268435456,DLL_THREAD_ATTACH
2018-20-08 14:41:29.388| [提示信息] DllMain：hModule = 268435456,DLL_THREAD_ATTACH
2018-20-08 14:41:29.392| [提示信息] DllMain：hModule = 268435456,DLL_THREAD_ATTACH
2018-20-08 14:41:30.374| [提示信息] DllMain：hModule = 268435456,DLL_THREAD_DETACH
2018-20-08 14:41:31.397| [提示信息] DllMain：hModule = 268435456,DLL_THREAD_DETACH
2018-20-08 14:41:31.401| [提示信息] DllMain：hModule = 268435456,DLL_THREAD_DETACH
2018-20-08 14:41:31.508| [提示信息] DllMain：hModule = 268435456,DLL_THREAD_DETACH
2018-20-08 14:41:32.522| [提示信息] DllMain：hModule = 268435456,DLL_THREAD_ATTACH
2018-20-08 14:41:32.524| [提示信息] DllMain：hModule = 268435456,DLL_THREAD_ATTACH
2018-20-08 14:41:32.525| [提示信息] DllMain：hModule = 268435456,DLL_THREAD_ATTACH
2018-20-08 14:41:49.366| [提示信息] DllMain：hModule = 268435456,DLL_THREAD_ATTACH
2018-20-08 14:41:49.369| [提示信息] DllMain：hModule = 268435456,DLL_THREAD_ATTACH
2018-20-08 14:41:49.375| [提示信息] DllMain：hModule = 268435456,DLL_THREAD_ATTACH
2018-20-08 14:41:52.078| [提示信息] DllMain：hModule = 268435456,DLL_THREAD_DETACH
2018-20-08 14:41:52.080| [提示信息] DllMain：hModule = 268435456,DLL_THREAD_DETACH
2018-20-08 14:41:52.523| [提示信息] DllMain：hModule = 268435456,DLL_THREAD_DETACH
2018-20-08 14:41:53.559| [提示信息] DllMain：hModule = 268435456,DLL_THREAD_ATTACH
2018-20-08 14:41:53.564| [提示信息] DllMain：hModule = 268435456,DLL_THREAD_ATTACH
2018-20-08 14:41:53.569| [提示信息] DllMain：hModule = 268435456,DLL_THREAD_ATTACH
2018-20-08 14:42:12.900| [提示信息] DllMain：hModule = 268435456,DLL_THREAD_ATTACH
2018-20-08 14:42:12.925| [提示信息] DllMain：hModule = 268435456,DLL_THREAD_ATTACH
2018-20-08 14:42:13.013| [提示信息] DllMain：hModule = 268435456,DLL_THREAD_ATTACH
2018-20-08 14:42:13.014| [提示信息] DllMain：hModule = 268435456,DLL_THREAD_ATTACH
2018-20-08 14:42:13.015| [提示信息] DllMain：hModule = 268435456,DLL_THREAD_ATTACH
2018-20-08 14:42:13.047| [提示信息] DllMain：hModule = 268435456,DLL_THREAD_ATTACH
2018-20-08 14:42:27.491| [提示信息] DllMain：hModule = 268435456,DLL_THREAD_DETACH
2018-20-08 14:42:27.506| [提示信息] DllMain：hModule = 268435456,DLL_THREAD_DETACH
2018-20-08 14:42:27.510| [提示信息] DllMain：hModule = 268435456,DLL_THREAD_DETACH
2018-20-08 14:42:56.375| [提示信息] DllMain：hModule = 268435456,DLL_THREAD_DETACH
2018-20-08 14:43:19.366| [提示信息] DllMain：hModule = 268435456,DLL_THREAD_ATTACH
2018-20-08 14:43:20.016| [提示信息] DllMain：hModule = 268435456,DLL_THREAD_DETACH
2018-20-08 14:44:26.366| [提示信息] DllMain：hModule = 268435456,DLL_THREAD_DETACH
2018-20-08 14:44:26.368| [提示信息] DllMain：hModule = 268435456,DLL_THREAD_DETACH
2018-20-08 14:44:29.392| [提示信息] DllMain：hModule = 268435456,DLL_THREAD_DETACH
2018-20-08 14:44:29.492| [提示信息] DllMain：hModule = 268435456,DLL_THREAD_DETACH
2018-20-08 14:45:27.490| [提示信息] DllMain：hModule = 268435456,DLL_THREAD_DETACH
2018-20-08 14:47:23.561| [提示信息] DllMain：hModule = 268435456,DLL_THREAD_ATTACH
2018-20-08 14:47:23.581| [提示信息] DllMain：hModule = 268435456,DLL_THREAD_ATTACH
2018-20-08 14:47:23.602| [提示信息] DllMain：hModule = 268435456,DLL_THREAD_ATTACH
2018-20-08 14:47:23.643| [提示信息] DllMain：hModule = 268435456,DLL_THREAD_ATTACH
2018-20-08 14:47:23.644| [提示信息] DllMain：hModule = 268435456,DLL_THREAD_ATTACH
2018-20-08 14:47:23.645| [提示信息] DllMain：hModule = 268435456,DLL_THREAD_ATTACH
2018-20-08 14:47:23.645| [提示信息] DllMain：hModule = 268435456,DLL_THREAD_ATTACH
2018-20-08 14:47:47.497| [提示信息] DllMain：hModule = 268435456,DLL_THREAD_DETACH
2018-20-08 14:48:04.470| [提示信息] DllMain：hModule = 268435456,DLL_THREAD_ATTACH
2018-20-08 14:48:05.461| [提示信息] DllMain：hModule = 268435456,DLL_THREAD_DETACH
2018-20-08 14:48:05.473| [提示信息] DllMain：hModule = 268435456,DLL_THREAD_DETACH
2018-20-08 14:48:05.476| [提示信息] DllMain：hModule = 268435456,DLL_THREAD_DETACH
2018-20-08 14:48:20.064| [提示信息] DllMain：hModule = 268435456,DLL_PROCESS_ATTACH
2018-20-08 14:48:20.066| [提示信息] DllMain：执行StartUp,调用者: C:\Users\Administrator\Desktop\FreeSwitch\qyipphone\QYIPPhone.exe
2018-20-08 14:48:20.067| [提示信息] Socket Startup：结果为 0
2018-20-08 14:48:20.072| [提示信息] DllMain：hModule = 268435456,DLL_PROCESS_DETACH
2018-20-08 14:48:20.072| [提示信息] DllMain：执行CleanUp
2018-20-08 14:48:20.073| [提示信息] Socket Cleanup：结果为 0,错误码 = 0================

2018-20-08 14:48:30.603| [提示信息] DllMain：hModule = 268435456,DLL_THREAD_DETACH
2018-20-08 14:48:53.647| [提示信息] DllMain：hModule = 268435456,DLL_THREAD_ATTACH
2018-20-08 14:49:12.458| [提示信息] DllMain：hModule = 268435456,DLL_THREAD_DETACH
2018-20-08 14:50:00.647| [提示信息] DllMain：hModule = 268435456,DLL_THREAD_DETACH
2018-20-08 14:50:00.649| [提示信息] DllMain：hModule = 268435456,DLL_THREAD_DETACH
2018-20-08 14:51:05.460| [提示信息] DllMain：hModule = 268435456,DLL_THREAD_DETACH
2018-20-08 14:51:33.358| [提示信息] DllMain：hModule = 268435456,DLL_THREAD_ATTACH
2018-20-08 14:51:33.383| [提示信息] DllMain：hModule = 268435456,DLL_THREAD_ATTACH
2018-20-08 14:51:33.403| [提示信息] DllMain：hModule = 268435456,DLL_THREAD_ATTACH
2018-20-08 14:51:33.449| [提示信息] DllMain：hModule = 268435456,DLL_THREAD_ATTACH
2018-20-08 14:51:33.450| [提示信息] DllMain：hModule = 268435456,DLL_THREAD_ATTACH
2018-20-08 14:51:33.452| [提示信息] DllMain：hModule = 268435456,DLL_THREAD_ATTACH
2018-20-08 14:51:33.453| [提示信息] DllMain：hModule = 268435456,DLL_THREAD_ATTACH
2018-20-08 14:51:47.800| [提示信息] DllMain：hModule = 268435456,DLL_THREAD_DETACH
2018-20-08 14:51:47.816| [提示信息] DllMain：hModule = 268435456,DLL_THREAD_DETACH
2018-20-08 14:51:47.820| [提示信息] DllMain：hModule = 268435456,DLL_THREAD_DETACH
2018-20-08 14:51:54.919| [提示信息] DllMain：hModule = 268435456,DLL_THREAD_ATTACH
2018-20-08 14:51:54.943| [提示信息] DllMain：hModule = 268435456,DLL_THREAD_ATTACH
2018-20-08 14:51:55.060| [提示信息] DllMain：hModule = 268435456,DLL_THREAD_ATTACH
2018-20-08 14:52:16.211| [提示信息] DllMain：hModule = 268435456,DLL_THREAD_DETACH
2018-20-08 14:52:16.227| [提示信息] DllMain：hModule = 268435456,DLL_THREAD_DETACH
2018-20-08 14:52:16.231| [提示信息] DllMain：hModule = 268435456,DLL_THREAD_DETACH
2018-20-08 14:52:22.240| [提示信息] DllMain：hModule = 268435456,DLL_THREAD_ATTACH
2018-20-08 14:52:22.264| [提示信息] DllMain：hModule = 268435456,DLL_THREAD_ATTACH
2018-20-08 14:52:22.375| [提示信息] DllMain：hModule = 268435456,DLL_THREAD_ATTACH
2018-20-08 14:52:40.403| [提示信息] DllMain：hModule = 268435456,DLL_THREAD_DETACH
2018-20-08 14:52:43.179| [提示信息] DllMain：hModule = 268435456,DLL_THREAD_DETACH
2018-20-08 14:52:43.195| [提示信息] DllMain：hModule = 268435456,DLL_THREAD_DETACH
2018-20-08 14:52:43.200| [提示信息] DllMain：hModule = 268435456,DLL_THREAD_DETACH
2018-20-08 14:53:03.454| [提示信息] DllMain：hModule = 268435456,DLL_THREAD_ATTACH
2018-20-08 14:53:50.183| [提示信息] DllMain：hModule = 268435456,DLL_THREAD_DETACH
2018-20-08 14:54:10.454| [提示信息] DllMain：hModule = 268435456,DLL_THREAD_DETACH
2018-20-08 14:54:40.454| [提示信息] DllMain：hModule = 268435456,DLL_THREAD_DETACH
2018-20-08 14:55:43.178| [提示信息] DllMain：hModule = 268435456,DLL_THREAD_DETACH
2018-20-08 14:58:03.185| [提示信息] DllMain：hModule = 268435456,DLL_THREAD_DETACH
2018-20-08 15:31:29.824| [提示信息] DllMain：hModule = 268435456,DLL_THREAD_ATTACH
2018-20-08 15:31:29.847| [提示信息] DllMain：hModule = 268435456,DLL_THREAD_ATTACH
2018-20-08 15:31:29.864| [提示信息] DllMain：hModule = 268435456,DLL_THREAD_ATTACH
2018-20-08 15:31:29.918| [提示信息] DllMain：hModule = 268435456,DLL_THREAD_ATTACH
2018-20-08 15:31:29.918| [提示信息] DllMain：hModule = 268435456,DLL_THREAD_ATTACH
2018-20-08 15:31:29.918| [提示信息] DllMain：hModule = 268435456,DLL_THREAD_ATTACH
2018-20-08 15:31:29.920| [提示信息] DllMain：hModule = 268435456,DLL_THREAD_ATTACH
2018-20-08 15:32:36.863| [提示信息] DllMain：hModule = 268435456,DLL_THREAD_DETACH
2018-20-08 15:32:36.918| [提示信息] DllMain：hModule = 268435456,DLL_THREAD_DETACH
2018-20-08 15:33:09.476| [提示信息] DllMain：hModule = 268435456,DLL_THREAD_ATTACH
2018-20-08 15:33:10.466| [提示信息] DllMain：hModule = 268435456,DLL_THREAD_ATTACH
2018-20-08 15:33:10.469| [提示信息] DllMain：hModule = 268435456,DLL_THREAD_DETACH
2018-20-08 15:33:10.489| [提示信息] DllMain：hModule = 268435456,DLL_THREAD_DETACH
2018-20-08 15:33:10.493| [提示信息] DllMain：hModule = 268435456,DLL_THREAD_DETACH
2018-20-08 15:33:40.494| [提示信息] DllMain：hModule = 268435456,DLL_THREAD_ATTACH
2018-20-08 15:33:49.737| [提示信息] DllMain：hModule = 268435456,DLL_THREAD_ATTACH
2018-20-08 15:33:49.762| [提示信息] DllMain：hModule = 268435456,DLL_THREAD_ATTACH
2018-20-08 15:33:49.823| [提示信息] DllMain：hModule = 268435456,DLL_THREAD_ATTACH
2018-20-08 15:34:47.496| [提示信息] DllMain：hModule = 268435456,DLL_THREAD_DETACH
2018-20-08 15:34:56.823| [提示信息] DllMain：hModule = 268435456,DLL_THREAD_DETACH
2018-20-08 15:35:30.369| [提示信息] DllMain：hModule = 268435456,DLL_THREAD_ATTACH
2018-20-08 15:35:30.374| [提示信息] DllMain：hModule = 268435456,DLL_THREAD_DETACH
2018-20-08 15:35:30.389| [提示信息] DllMain：hModule = 268435456,DLL_THREAD_DETACH
2018-20-08 15:35:30.392| [提示信息] DllMain：hModule = 268435456,DLL_THREAD_DETACH
2018-20-08 15:36:00.393| [提示信息] DllMain：hModule = 268435456,DLL_THREAD_ATTACH
2018-20-08 15:36:37.373| [提示信息] DllMain：hModule = 268435456,DLL_THREAD_DETACH
2018-20-08 15:37:07.394| [提示信息] DllMain：hModule = 268435456,DLL_THREAD_DETACH
2018-20-08 15:37:37.395| [提示信息] DllMain：hModule = 268435456,DLL_THREAD_DETACH
2018-20-08 15:38:30.373| [提示信息] DllMain：hModule = 268435456,DLL_THREAD_DETACH
2018-20-08 15:40:50.376| [提示信息] DllMain：hModule = 268435456,DLL_THREAD_DETACH
2018-20-08 15:45:21.680| [提示信息] DllMain：hModule = 268435456,DLL_THREAD_ATTACH
2018-20-08 15:45:21.752| [提示信息] DllMain：hModule = 268435456,DLL_THREAD_ATTACH
2018-20-08 15:45:21.766| [提示信息] DllMain：hModule = 268435456,DLL_THREAD_ATTACH
2018-20-08 15:45:21.813| [提示信息] DllMain：hModule = 268435456,DLL_THREAD_ATTACH
2018-20-08 15:45:21.813| [提示信息] DllMain：hModule = 268435456,DLL_THREAD_ATTACH
2018-20-08 15:45:21.813| [提示信息] DllMain：hModule = 268435456,DLL_THREAD_ATTACH
2018-20-08 15:45:21.816| [提示信息] DllMain：hModule = 268435456,DLL_THREAD_ATTACH
2018-20-08 15:46:28.768| [提示信息] DllMain：hModule = 268435456,DLL_THREAD_DETACH
2018-20-08 15:46:28.817| [提示信息] DllMain：hModule = 268435456,DLL_THREAD_DETACH
2018-20-08 15:47:01.364| [提示信息] DllMain：hModule = 268435456,DLL_THREAD_ATTACH
2018-20-08 15:47:02.360| [提示信息] DllMain：hModule = 268435456,DLL_THREAD_ATTACH
2018-20-08 15:47:02.363| [提示信息] DllMain：hModule = 268435456,DLL_THREAD_DETACH
2018-20-08 15:47:02.376| [提示信息] DllMain：hModule = 268435456,DLL_THREAD_DETACH
2018-20-08 15:47:02.381| [提示信息] DllMain：hModule = 268435456,DLL_THREAD_DETACH
2018-20-08 15:47:32.380| [提示信息] DllMain：hModule = 268435456,DLL_THREAD_ATTACH
2018-20-08 15:48:09.362| [提示信息] DllMain：hModule = 268435456,DLL_THREAD_DETACH
2018-20-08 15:48:39.380| [提示信息] DllMain：hModule = 268435456,DLL_THREAD_DETACH
2018-20-08 15:48:39.383| [提示信息] DllMain：hModule = 268435456,DLL_THREAD_DETACH
2018-20-08 15:50:02.361| [提示信息] DllMain：hModule = 268435456,DLL_THREAD_DETACH
2018-20-08 15:52:22.371| [提示信息] DllMain：hModule = 268435456,DLL_THREAD_DETACH
2018-20-08 16:41:51.806| [提示信息] DllMain：hModule = 268435456,DLL_THREAD_ATTACH
2018-20-08 16:41:51.829| [提示信息] DllMain：hModule = 268435456,DLL_THREAD_ATTACH
2018-20-08 16:41:51.842| [提示信息] DllMain：hModule = 268435456,DLL_THREAD_ATTACH
2018-20-08 16:41:51.890| [提示信息] DllMain：hModule = 268435456,DLL_THREAD_ATTACH
2018-20-08 16:41:51.891| [提示信息] DllMain：hModule = 268435456,DLL_THREAD_ATTACH
2018-20-08 16:41:51.892| [提示信息] DllMain：hModule = 268435456,DLL_THREAD_ATTACH
2018-20-08 16:41:51.893| [提示信息] DllMain：hModule = 268435456,DLL_THREAD_ATTACH
2018-20-08 16:42:58.842| [提示信息] DllMain：hModule = 268435456,DLL_THREAD_DETACH
2018-20-08 16:42:58.893| [提示信息] DllMain：hModule = 268435456,DLL_THREAD_DETACH
2018-20-08 16:43:31.444| [提示信息] DllMain：hModule = 268435456,DLL_THREAD_ATTACH
2018-20-08 16:43:32.442| [提示信息] DllMain：hModule = 268435456,DLL_THREAD_ATTACH
2018-20-08 16:43:32.444| [提示信息] DllMain：hModule = 268435456,DLL_THREAD_DETACH
2018-20-08 16:43:32.469| [提示信息] DllMain：hModule = 268435456,DLL_THREAD_DETACH
2018-20-08 16:43:32.474| [提示信息] DllMain：hModule = 268435456,DLL_THREAD_DETACH
2018-20-08 16:44:02.475| [提示信息] DllMain：hModule = 268435456,DLL_THREAD_ATTACH
2018-20-08 16:44:39.442| [提示信息] DllMain：hModule = 268435456,DLL_THREAD_DETACH
2018-20-08 16:45:05.604| [提示信息] DllMain：hModule = 268435456,DLL_THREAD_ATTACH
2018-20-08 16:45:09.477| [提示信息] DllMain：hModule = 268435456,DLL_THREAD_DETACH
2018-20-08 16:45:39.476| [提示信息] DllMain：hModule = 268435456,DLL_THREAD_DETACH
2018-20-08 16:46:15.662| [提示信息] DllMain：hModule = 268435456,DLL_THREAD_ATTACH
2018-20-08 16:46:15.662| [提示信息] DllMain：hModule = 268435456,DLL_THREAD_ATTACH
2018-20-08 16:46:32.443| [提示信息] DllMain：hModule = 268435456,DLL_THREAD_DETACH
2018-20-08 16:47:22.663| [提示信息] DllMain：hModule = 268435456,DLL_THREAD_DETACH
2018-20-08 16:47:22.663| [提示信息] DllMain：hModule = 268435456,DLL_THREAD_DETACH
2018-20-08 16:48:52.450| [提示信息] DllMain：hModule = 268435456,DLL_THREAD_DETACH
2018-20-08 17:29:27.720| [提示信息] DllMain：hModule = 268435456,DLL_THREAD_ATTACH
2018-20-08 17:29:27.747| [提示信息] DllMain：hModule = 268435456,DLL_THREAD_ATTACH
2018-20-08 17:29:27.763| [提示信息] DllMain：hModule = 268435456,DLL_THREAD_ATTACH
2018-20-08 17:29:27.817| [提示信息] DllMain：hModule = 268435456,DLL_THREAD_ATTACH
2018-20-08 17:29:27.817| [提示信息] DllMain：hModule = 268435456,DLL_THREAD_ATTACH
2018-20-08 17:29:27.820| [提示信息] DllMain：hModule = 268435456,DLL_THREAD_ATTACH
2018-20-08 17:29:27.820| [提示信息] DllMain：hModule = 268435456,DLL_THREAD_ATTACH
2018-20-08 17:30:34.764| [提示信息] DllMain：hModule = 268435456,DLL_THREAD_DETACH
2018-20-08 17:30:34.820| [提示信息] DllMain：hModule = 268435456,DLL_THREAD_DETACH
2018-20-08 17:31:07.382| [提示信息] DllMain：hModule = 268435456,DLL_THREAD_ATTACH
2018-20-08 17:31:08.370| [提示信息] DllMain：hModule = 268435456,DLL_THREAD_ATTACH
2018-20-08 17:31:08.380| [提示信息] DllMain：hModule = 268435456,DLL_THREAD_DETACH
2018-20-08 17:31:08.398| [提示信息] DllMain：hModule = 268435456,DLL_THREAD_DETACH
2018-20-08 17:31:08.400| [提示信息] DllMain：hModule = 268435456,DLL_THREAD_DETACH
2018-20-08 17:31:38.398| [提示信息] DllMain：hModule = 268435456,DLL_THREAD_ATTACH
2018-20-08 17:32:15.372| [提示信息] DllMain：hModule = 268435456,DLL_THREAD_DETACH
2018-20-08 17:32:45.398| [提示信息] DllMain：hModule = 268435456,DLL_THREAD_DETACH
2018-20-08 17:33:15.401| [提示信息] DllMain：hModule = 268435456,DLL_THREAD_DETACH
2018-20-08 17:34:08.371| [提示信息] DllMain：hModule = 268435456,DLL_THREAD_DETACH
2018-20-08 17:36:28.383| [提示信息] DllMain：hModule = 268435456,DLL_THREAD_DETACH
2018-21-08 11:14:14.077| [提示信息] DllMain：hModule = 268435456,DLL_PROCESS_ATTACH
2018-21-08 11:14:14.086| [提示信息] DllMain：执行StartUp,调用者: C:\Users\Administrator\Desktop\FreeSwitch\qyipphone\QYIPPhone.exe
2018-21-08 11:14:14.088| [提示信息] Socket Startup：结果为 0
2018-21-08 11:14:14.168| [提示信息] DllMain：hModule = 268435456,DLL_THREAD_ATTACH
2018-21-08 11:14:14.172| [提示信息] DllMain：hModule = 268435456,DLL_THREAD_ATTACH
2018-21-08 11:14:14.172| [提示信息] DllMain：hModule = 268435456,DLL_THREAD_ATTACH
2018-21-08 11:14:14.181| [提示信息] DllMain：hModule = 268435456,DLL_THREAD_ATTACH
2018-21-08 11:14:14.186| [提示信息] DllMain：hModule = 268435456,DLL_THREAD_ATTACH
2018-21-08 11:14:14.194| [提示信息] DllMain：hModule = 268435456,DLL_THREAD_DETACH
2018-21-08 11:14:14.302| [提示信息] DllMain：hModule = 268435456,DLL_THREAD_ATTACH
2018-21-08 11:14:14.303| [提示信息] DllMain：hModule = 268435456,DLL_THREAD_ATTACH
2018-21-08 11:14:14.304| [提示信息] DllMain：hModule = 268435456,DLL_THREAD_ATTACH
2018-21-08 11:14:14.337| [提示信息] DllMain：hModule = 268435456,DLL_THREAD_ATTACH
2018-21-08 11:14:15.173| [提示信息] DllMain：hModule = 268435456,DLL_THREAD_DETACH
2018-21-08 11:14:24.189| [提示信息] DllMain：hModule = 268435456,DLL_THREAD_ATTACH
2018-21-08 11:14:24.193| [提示信息] DllMain：hModule = 268435456,DLL_THREAD_ATTACH
2018-21-08 11:14:24.198| [提示信息] DllMain：hModule = 268435456,DLL_THREAD_ATTACH
2018-21-08 11:14:25.176| [提示信息] DllMain：hModule = 268435456,DLL_THREAD_DETACH
2018-21-08 11:14:33.678| [提示信息] DllMain：hModule = 268435456,DLL_THREAD_DETACH
2018-21-08 11:14:33.682| [提示信息] DllMain：hModule = 268435456,DLL_THREAD_DETACH
2018-21-08 11:14:33.818| [提示信息] DllMain：hModule = 268435456,DLL_THREAD_DETACH
2018-21-08 11:14:34.846| [提示信息] DllMain：hModule = 268435456,DLL_THREAD_ATTACH
2018-21-08 11:14:34.851| [提示信息] DllMain：hModule = 268435456,DLL_THREAD_ATTACH
2018-21-08 11:14:34.853| [提示信息] DllMain：hModule = 268435456,DLL_THREAD_ATTACH
2018-21-08 11:14:44.175| [提示信息] DllMain：hModule = 268435456,DLL_THREAD_ATTACH
2018-21-08 11:14:44.178| [提示信息] DllMain：hModule = 268435456,DLL_THREAD_ATTACH
2018-21-08 11:14:44.184| [提示信息] DllMain：hModule = 268435456,DLL_THREAD_ATTACH
2018-21-08 11:15:02.122| [提示信息] DllMain：hModule = 268435456,DLL_THREAD_DETACH
2018-21-08 11:15:02.124| [提示信息] DllMain：hModule = 268435456,DLL_THREAD_DETACH
2018-21-08 11:15:02.373| [提示信息] DllMain：hModule = 268435456,DLL_THREAD_DETACH
2018-21-08 11:15:03.416| [提示信息] DllMain：hModule = 268435456,DLL_THREAD_ATTACH
2018-21-08 11:15:03.421| [提示信息] DllMain：hModule = 268435456,DLL_THREAD_ATTACH
2018-21-08 11:15:03.422| [提示信息] DllMain：hModule = 268435456,DLL_THREAD_ATTACH
2018-21-08 11:15:19.934| [提示信息] DllMain：hModule = 268435456,DLL_THREAD_DETACH
2018-21-08 11:15:19.936| [提示信息] DllMain：hModule = 268435456,DLL_THREAD_DETACH
2018-21-08 11:15:20.440| [提示信息] DllMain：hModule = 268435456,DLL_THREAD_DETACH
2018-21-08 11:15:21.480| [提示信息] DllMain：hModule = 268435456,DLL_THREAD_ATTACH
2018-21-08 11:15:21.484| [提示信息] DllMain：hModule = 268435456,DLL_THREAD_ATTACH
2018-21-08 11:15:21.485| [提示信息] DllMain：hModule = 268435456,DLL_THREAD_ATTACH
2018-21-08 11:15:51.190| [提示信息] DllMain：hModule = 268435456,DLL_THREAD_DETACH
2018-21-08 11:16:05.215| [提示信息] DllMain：hModule = 268435456,DLL_THREAD_ATTACH
2018-21-08 11:16:05.223| [提示信息] DllMain：hModule = 268435456,DLL_THREAD_ATTACH
2018-21-08 11:16:05.232| [提示信息] DllMain：hModule = 268435456,DLL_THREAD_ATTACH
2018-21-08 11:16:05.248| [提示信息] DllMain：hModule = 268435456,DLL_THREAD_ATTACH
2018-21-08 11:16:05.249| [提示信息] DllMain：hModule = 268435456,DLL_THREAD_ATTACH
2018-21-08 11:16:28.279| [提示信息] DllMain：hModule = 268435456,DLL_THREAD_ATTACH
2018-21-08 11:17:12.254| [提示信息] DllMain：hModule = 268435456,DLL_THREAD_DETACH
2018-21-08 11:17:24.264| [提示信息] DllMain：hModule = 268435456,DLL_THREAD_DETACH
2018-21-08 11:17:24.364| [提示信息] DllMain：hModule = 268435456,DLL_THREAD_DETACH
2018-21-08 11:17:51.190| [提示信息] DllMain：hModule = 268435456,DLL_THREAD_DETACH
2018-21-08 11:18:10.055| [提示信息] DllMain：hModule = 268435456,DLL_THREAD_ATTACH
2018-21-08 11:18:10.057| [提示信息] DllMain：hModule = 268435456,DLL_THREAD_DETACH
2018-21-08 11:18:10.060| [提示信息] DllMain：hModule = 268435456,DLL_THREAD_ATTACH
2018-21-08 11:18:10.068| [提示信息] DllMain：hModule = 268435456,DLL_THREAD_DETACH
2018-21-08 11:18:10.072| [提示信息] DllMain：hModule = 268435456,DLL_THREAD_DETACH
2018-21-08 11:18:40.075| [提示信息] DllMain：hModule = 268435456,DLL_THREAD_ATTACH
2018-21-08 11:18:48.333| [提示信息] DllMain：hModule = 268435456,DLL_THREAD_ATTACH
2018-21-08 11:18:48.354| [提示信息] DllMain：hModule = 268435456,DLL_THREAD_ATTACH
2018-21-08 11:18:48.431| [提示信息] DllMain：hModule = 268435456,DLL_THREAD_ATTACH
2018-21-08 11:19:08.840| [提示信息] DllMain：hModule = 268435456,DLL_THREAD_DETACH
2018-21-08 11:19:08.847| [提示信息] DllMain：hModule = 268435456,DLL_THREAD_DETACH
2018-21-08 11:19:08.850| [提示信息] DllMain：hModule = 268435456,DLL_THREAD_DETACH
2018-21-08 11:19:47.081| [提示信息] DllMain：hModule = 268435456,DLL_THREAD_DETACH
2018-21-08 11:20:15.844| [提示信息] DllMain：hModule = 268435456,DLL_THREAD_DETACH
2018-21-08 11:20:47.085| [提示信息] DllMain：hModule = 268435456,DLL_THREAD_DETACH
2018-21-08 11:22:08.854| [提示信息] DllMain：hModule = 268435456,DLL_THREAD_DETACH
2018-21-08 11:24:28.873| [提示信息] DllMain：hModule = 268435456,DLL_THREAD_DETACH
2018-21-08 11:39:33.804| [提示信息] DllMain：hModule = 268435456,DLL_THREAD_ATTACH
2018-21-08 11:39:33.834| [提示信息] DllMain：hModule = 268435456,DLL_THREAD_ATTACH
2018-21-08 11:39:33.859| [提示信息] DllMain：hModule = 268435456,DLL_THREAD_ATTACH
2018-21-08 11:39:33.954| [提示信息] DllMain：hModule = 268435456,DLL_THREAD_ATTACH
2018-21-08 11:39:33.956| [提示信息] DllMain：hModule = 268435456,DLL_THREAD_ATTACH
2018-21-08 11:39:33.959| [提示信息] DllMain：hModule = 268435456,DLL_THREAD_ATTACH
2018-21-08 11:39:33.960| [提示信息] DllMain：hModule = 268435456,DLL_THREAD_ATTACH
2018-21-08 11:40:03.918| [提示信息] DllMain：hModule = 268435456,DLL_THREAD_ATTACH
2018-21-08 11:40:04.913| [提示信息] DllMain：hModule = 268435456,DLL_THREAD_DETACH
2018-21-08 11:40:04.928| [提示信息] DllMain：hModule = 268435456,DLL_THREAD_DETACH
2018-21-08 11:40:04.931| [提示信息] DllMain：hModule = 268435456,DLL_THREAD_DETACH
2018-21-08 11:40:40.865| [提示信息] DllMain：hModule = 268435456,DLL_THREAD_DETACH
2018-21-08 11:41:03.970| [提示信息] DllMain：hModule = 268435456,DLL_THREAD_ATTACH
2018-21-08 11:41:11.916| [提示信息] DllMain：hModule = 268435456,DLL_THREAD_DETACH
2018-21-08 11:42:10.976| [提示信息] DllMain：hModule = 268435456,DLL_THREAD_DETACH
2018-21-08 11:42:10.979| [提示信息] DllMain：hModule = 268435456,DLL_THREAD_DETACH
2018-21-08 11:43:04.926| [提示信息] DllMain：hModule = 268435456,DLL_THREAD_DETACH
2018-21-08 11:45:24.947| [提示信息] DllMain：hModule = 268435456,DLL_THREAD_DETACH
2018-21-08 11:53:16.332| [提示信息] DllMain：hModule = 268435456,DLL_THREAD_ATTACH
2018-21-08 11:56:26.570| [提示信息] DllMain：hModule = 268435456,DLL_THREAD_ATTACH
2018-21-08 11:56:26.573| [提示信息] DllMain：hModule = 268435456,DLL_THREAD_ATTACH
2018-21-08 11:57:33.577| [提示信息] DllMain：hModule = 268435456,DLL_THREAD_DETACH
2018-21-08 11:58:03.579| [提示信息] DllMain：hModule = 268435456,DLL_THREAD_DETACH
2018-21-08 12:01:26.850| [提示信息] DllMain：hModule = 268435456,DLL_THREAD_ATTACH
2018-21-08 12:01:26.852| [提示信息] DllMain：hModule = 268435456,DLL_THREAD_ATTACH
2018-21-08 12:02:33.857| [提示信息] DllMain：hModule = 268435456,DLL_THREAD_DETACH
2018-21-08 12:03:03.858| [提示信息] DllMain：hModule = 268435456,DLL_THREAD_DETACH
2018-21-08 15:16:27.517| [提示信息] DllMain：hModule = 268435456,DLL_THREAD_ATTACH
2018-21-08 15:16:27.518| [提示信息] DllMain：hModule = 268435456,DLL_THREAD_ATTACH
2018-21-08 15:17:34.519| [提示信息] DllMain：hModule = 268435456,DLL_THREAD_DETACH
2018-21-08 15:17:34.521| [提示信息] DllMain：hModule = 268435456,DLL_THREAD_DETACH
2018-21-08 15:21:27.775| [提示信息] DllMain：hModule = 268435456,DLL_THREAD_ATTACH
2018-21-08 15:21:27.777| [提示信息] DllMain：hModule = 268435456,DLL_THREAD_ATTACH
2018-21-08 15:22:34.777| [提示信息] DllMain：hModule = 268435456,DLL_THREAD_DETACH
2018-21-08 15:22:34.778| [提示信息] DllMain：hModule = 268435456,DLL_THREAD_DETACH
2018-21-08 15:38:39.848| [提示信息] DllMain：hModule = 268435456,DLL_PROCESS_ATTACH
2018-21-08 15:38:39.860| [提示信息] DllMain：执行StartUp,调用者: C:\Users\Administrator\Desktop\FreeSwitch\qyipphone\QYIPPhone.exe
2018-21-08 15:38:39.865| [提示信息] Socket Startup：结果为 0
2018-21-08 15:38:39.964| [提示信息] DllMain：hModule = 268435456,DLL_THREAD_ATTACH
2018-21-08 15:38:39.967| [提示信息] DllMain：hModule = 268435456,DLL_THREAD_ATTACH
2018-21-08 15:38:39.969| [提示信息] DllMain：hModule = 268435456,DLL_THREAD_ATTACH
2018-21-08 15:38:39.975| [提示信息] DllMain：hModule = 268435456,DLL_THREAD_ATTACH
2018-21-08 15:38:39.977| [提示信息] DllMain：hModule = 268435456,DLL_THREAD_ATTACH
2018-21-08 15:38:39.990| [提示信息] DllMain：hModule = 268435456,DLL_THREAD_DETACH
2018-21-08 15:38:40.172| [提示信息] DllMain：hModule = 268435456,DLL_THREAD_ATTACH
2018-21-08 15:38:40.174| [提示信息] DllMain：hModule = 268435456,DLL_THREAD_ATTACH
2018-21-08 15:38:40.176| [提示信息] DllMain：hModule = 268435456,DLL_THREAD_ATTACH
2018-21-08 15:38:40.223| [提示信息] DllMain：hModule = 268435456,DLL_THREAD_ATTACH
2018-21-08 15:38:40.970| [提示信息] DllMain：hModule = 268435456,DLL_THREAD_DETACH
2018-21-08 15:38:50.973| [提示信息] DllMain：hModule = 268435456,DLL_THREAD_DETACH
2018-21-08 15:39:09.968| [提示信息] DllMain：hModule = 268435456,DLL_THREAD_ATTACH
2018-21-08 15:39:09.970| [提示信息] DllMain：hModule = 268435456,DLL_THREAD_ATTACH
2018-21-08 15:39:09.980| [提示信息] DllMain：hModule = 268435456,DLL_THREAD_ATTACH
2018-21-08 15:40:16.980| [提示信息] DllMain：hModule = 268435456,DLL_THREAD_DETACH
2018-21-08 15:40:46.968| [提示信息] DllMain：hModule = 268435456,DLL_THREAD_DETACH
2018-21-08 15:40:46.971| [提示信息] DllMain：hModule = 268435456,DLL_THREAD_DETACH
2018-21-08 15:44:01.228| [提示信息] DllMain：hModule = 268435456,DLL_THREAD_DETACH
2018-21-08 16:06:51.394| [提示信息] DllMain：hModule = 268435456,DLL_THREAD_ATTACH
2018-21-08 16:06:51.397| [提示信息] DllMain：hModule = 268435456,DLL_THREAD_ATTACH
2018-21-08 16:06:51.400| [提示信息] DllMain：hModule = 268435456,DLL_THREAD_ATTACH
2018-21-08 16:06:55.164| [提示信息] DllMain：hModule = 268435456,DLL_THREAD_ATTACH
2018-21-08 16:06:55.281| [提示信息] DllMain：hModule = 268435456,DLL_THREAD_ATTACH
2018-21-08 16:06:55.294| [提示信息] DllMain：hModule = 268435456,DLL_THREAD_ATTACH
2018-21-08 16:06:55.295| [提示信息] DllMain：hModule = 268435456,DLL_THREAD_ATTACH
2018-21-08 16:06:58.130| [提示信息] DllMain：hModule = 268435456,DLL_THREAD_ATTACH
2018-21-08 16:06:58.131| [提示信息] DllMain：hModule = 268435456,DLL_THREAD_ATTACH
2018-21-08 16:06:58.133| [提示信息] DllMain：hModule = 268435456,DLL_THREAD_ATTACH
2018-21-08 16:06:58.134| [提示信息] DllMain：hModule = 268435456,DLL_THREAD_ATTACH
2018-21-08 16:07:08.080| [提示信息] DllMain：hModule = 268435456,DLL_THREAD_ATTACH
2018-21-08 16:07:35.319| [提示信息] DllMain：hModule = 268435456,DLL_THREAD_ATTACH
2018-21-08 16:07:36.313| [提示信息] DllMain：hModule = 268435456,DLL_THREAD_DETACH
2018-21-08 16:07:36.330| [提示信息] DllMain：hModule = 268435456,DLL_THREAD_DETACH
2018-21-08 16:07:36.334| [提示信息] DllMain：hModule = 268435456,DLL_THREAD_DETACH
2018-21-08 16:08:02.295| [提示信息] DllMain：hModule = 268435456,DLL_THREAD_DETACH
2018-21-08 16:08:25.283| [提示信息] DllMain：hModule = 268435456,DLL_THREAD_ATTACH
2018-21-08 16:08:43.311| [提示信息] DllMain：hModule = 268435456,DLL_THREAD_DETACH
2018-21-08 16:09:32.283| [提示信息] DllMain：hModule = 268435456,DLL_THREAD_DETACH
2018-21-08 16:09:32.286| [提示信息] DllMain：hModule = 268435456,DLL_THREAD_DETACH
2018-21-08 16:09:51.420| [提示信息] DllMain：hModule = 268435456,DLL_THREAD_DETACH
2018-21-08 16:09:51.520| [提示信息] DllMain：hModule = 268435456,DLL_THREAD_DETACH
2018-21-08 16:10:36.312| [提示信息] DllMain：hModule = 268435456,DLL_THREAD_DETACH
2018-21-08 16:12:56.322| [提示信息] DllMain：hModule = 268435456,DLL_THREAD_DETACH
2018-21-08 16:13:21.720| [提示信息] DllMain：hModule = 268435456,DLL_THREAD_ATTACH
2018-21-08 16:17:01.939| [提示信息] DllMain：hModule = 268435456,DLL_THREAD_ATTACH
2018-21-08 16:17:01.939| [提示信息] DllMain：hModule = 268435456,DLL_THREAD_ATTACH
2018-21-08 16:18:08.939| [提示信息] DllMain：hModule = 268435456,DLL_THREAD_DETACH
2018-21-08 16:18:38.942| [提示信息] DllMain：hModule = 268435456,DLL_THREAD_DETACH
2018-21-08 16:22:02.190| [提示信息] DllMain：hModule = 268435456,DLL_THREAD_ATTACH
2018-21-08 16:22:02.193| [提示信息] DllMain：hModule = 268435456,DLL_THREAD_ATTACH
2018-21-08 16:23:09.193| [提示信息] DllMain：hModule = 268435456,DLL_THREAD_DETACH
2018-21-08 16:23:39.191| [提示信息] DllMain：hModule = 268435456,DLL_THREAD_DETACH
2018-21-08 16:30:08.229| [提示信息] DllMain：hModule = 268435456,DLL_THREAD_ATTACH
2018-21-08 16:30:08.252| [提示信息] DllMain：hModule = 268435456,DLL_THREAD_ATTACH
2018-21-08 16:30:08.271| [提示信息] DllMain：hModule = 268435456,DLL_THREAD_ATTACH
2018-21-08 16:30:08.325| [提示信息] DllMain：hModule = 268435456,DLL_THREAD_ATTACH
2018-21-08 16:30:08.328| [提示信息] DllMain：hModule = 268435456,DLL_THREAD_ATTACH
2018-21-08 16:30:08.328| [提示信息] DllMain：hModule = 268435456,DLL_THREAD_ATTACH
2018-21-08 16:30:08.328| [提示信息] DllMain：hModule = 268435456,DLL_THREAD_ATTACH
2018-21-08 16:30:31.255| [提示信息] DllMain：hModule = 268435456,DLL_THREAD_ATTACH
2018-21-08 16:30:32.254| [提示信息] DllMain：hModule = 268435456,DLL_THREAD_DETACH
2018-21-08 16:30:32.265| [提示信息] DllMain：hModule = 268435456,DLL_THREAD_DETACH
2018-21-08 16:30:32.269| [提示信息] DllMain：hModule = 268435456,DLL_THREAD_DETACH
2018-21-08 16:31:15.272| [提示信息] DllMain：hModule = 268435456,DLL_THREAD_DETACH
2018-21-08 16:31:39.252| [提示信息] DllMain：hModule = 268435456,DLL_THREAD_DETACH
2018-21-08 16:32:15.330| [提示信息] DllMain：hModule = 268435456,DLL_THREAD_DETACH
2018-21-08 16:33:32.253| [提示信息] DllMain：hModule = 268435456,DLL_THREAD_DETACH
2018-21-08 16:35:52.262| [提示信息] DllMain：hModule = 268435456,DLL_THREAD_DETACH
2018-21-08 16:46:18.182| [提示信息] DllMain：hModule = 268435456,DLL_THREAD_ATTACH
2018-21-08 16:46:18.194| [提示信息] DllMain：hModule = 268435456,DLL_THREAD_ATTACH
2018-21-08 16:46:18.215| [提示信息] DllMain：hModule = 268435456,DLL_THREAD_ATTACH
2018-21-08 16:46:18.216| [提示信息] DllMain：hModule = 268435456,DLL_THREAD_ATTACH
2018-21-08 16:46:18.219| [提示信息] DllMain：hModule = 268435456,DLL_THREAD_ATTACH
2018-21-08 16:46:26.883| [提示信息] DllMain：hModule = 268435456,DLL_THREAD_ATTACH
2018-21-08 16:46:26.886| [提示信息] DllMain：hModule = 268435456,DLL_THREAD_ATTACH
2018-21-08 16:46:30.267| [提示信息] DllMain：hModule = 268435456,DLL_THREAD_ATTACH
2018-21-08 16:46:31.252| [提示信息] DllMain：hModule = 268435456,DLL_THREAD_DETACH
2018-21-08 16:46:31.259| [提示信息] DllMain：hModule = 268435456,DLL_THREAD_DETACH
2018-21-08 16:46:31.262| [提示信息] DllMain：hModule = 268435456,DLL_THREAD_DETACH
2018-21-08 16:47:25.216| [提示信息] DllMain：hModule = 268435456,DLL_THREAD_DETACH
2018-21-08 16:47:38.251| [提示信息] DllMain：hModule = 268435456,DLL_THREAD_DETACH
2018-21-08 16:48:25.172| [提示信息] DllMain：hModule = 268435456,DLL_THREAD_DETACH
2018-21-08 16:49:31.251| [提示信息] DllMain：hModule = 268435456,DLL_THREAD_DETACH
2018-21-08 16:50:18.303| [提示信息] DllMain：hModule = 268435456,DLL_THREAD_ATTACH
2018-21-08 16:50:18.316| [提示信息] DllMain：hModule = 268435456,DLL_THREAD_ATTACH
2018-21-08 16:50:18.338| [提示信息] DllMain：hModule = 268435456,DLL_THREAD_ATTACH
2018-21-08 16:50:18.341| [提示信息] DllMain：hModule = 268435456,DLL_THREAD_ATTACH
2018-21-08 16:50:18.348| [提示信息] DllMain：hModule = 268435456,DLL_THREAD_ATTACH
2018-21-08 16:50:24.873| [提示信息] DllMain：hModule = 268435456,DLL_THREAD_ATTACH
2018-21-08 16:50:24.877| [提示信息] DllMain：hModule = 268435456,DLL_THREAD_ATTACH
2018-21-08 16:50:35.779| [提示信息] DllMain：hModule = 268435456,DLL_THREAD_DETACH
2018-21-08 16:50:35.785| [提示信息] DllMain：hModule = 268435456,DLL_THREAD_DETACH
2018-21-08 16:50:35.793| [提示信息] DllMain：hModule = 268435456,DLL_THREAD_DETACH
2018-21-08 16:51:02.830| [提示信息] DllMain：hModule = 268435456,DLL_THREAD_ATTACH
2018-21-08 16:51:02.842| [提示信息] DllMain：hModule = 268435456,DLL_THREAD_ATTACH
2018-21-08 16:51:09.790| [提示信息] DllMain：hModule = 268435456,DLL_THREAD_ATTACH
2018-21-08 16:51:15.923| [提示信息] DllMain：hModule = 268435456,DLL_THREAD_DETACH
2018-21-08 16:51:15.929| [提示信息] DllMain：hModule = 268435456,DLL_THREAD_DETACH
2018-21-08 16:51:15.933| [提示信息] DllMain：hModule = 268435456,DLL_THREAD_DETACH
2018-21-08 16:51:25.339| [提示信息] DllMain：hModule = 268435456,DLL_THREAD_DETACH
2018-21-08 16:51:48.293| [提示信息] DllMain：hModule = 268435456,DLL_THREAD_ATTACH
2018-21-08 16:52:22.920| [提示信息] DllMain：hModule = 268435456,DLL_THREAD_DETACH
2018-21-08 16:52:55.295| [提示信息] DllMain：hModule = 268435456,DLL_THREAD_DETACH
2018-21-08 16:52:55.297| [提示信息] DllMain：hModule = 268435456,DLL_THREAD_DETACH
2018-21-08 16:53:16.680| [提示信息] DllMain：hModule = 268435456,DLL_THREAD_ATTACH
2018-21-08 16:53:16.694| [提示信息] DllMain：hModule = 268435456,DLL_THREAD_ATTACH
2018-21-08 16:53:16.710| [提示信息] DllMain：hModule = 268435456,DLL_THREAD_ATTACH
2018-21-08 16:53:16.714| [提示信息] DllMain：hModule = 268435456,DLL_THREAD_ATTACH
2018-21-08 16:53:20.185| [提示信息] DllMain：hModule = 268435456,DLL_THREAD_ATTACH
2018-21-08 16:53:20.187| [提示信息] DllMain：hModule = 268435456,DLL_THREAD_ATTACH
2018-21-08 16:53:41.325| [提示信息] DllMain：hModule = 268435456,DLL_THREAD_DETACH
2018-21-08 16:53:41.333| [提示信息] DllMain：hModule = 268435456,DLL_THREAD_DETACH
2018-21-08 16:53:41.336| [提示信息] DllMain：hModule = 268435456,DLL_THREAD_DETACH
2018-21-08 16:54:23.710| [提示信息] DllMain：hModule = 268435456,DLL_THREAD_DETACH
2018-21-08 16:54:48.324| [提示信息] DllMain：hModule = 268435456,DLL_THREAD_DETACH
2018-21-08 16:55:23.669| [提示信息] DllMain：hModule = 268435456,DLL_THREAD_DETACH
2018-21-08 16:56:41.323| [提示信息] DllMain：hModule = 268435456,DLL_THREAD_DETACH
2018-21-08 16:59:01.354| [提示信息] DllMain：hModule = 268435456,DLL_THREAD_DETACH
2018-21-08 17:01:47.268| [提示信息] DllMain：hModule = 268435456,DLL_THREAD_ATTACH
2018-21-08 17:01:47.277| [提示信息] DllMain：hModule = 268435456,DLL_THREAD_ATTACH
2018-21-08 17:01:47.289| [提示信息] DllMain：hModule = 268435456,DLL_THREAD_ATTACH
2018-21-08 17:01:47.334| [提示信息] DllMain：hModule = 268435456,DLL_THREAD_ATTACH
2018-21-08 17:01:47.335| [提示信息] DllMain：hModule = 268435456,DLL_THREAD_ATTACH
2018-21-08 17:01:47.336| [提示信息] DllMain：hModule = 268435456,DLL_THREAD_ATTACH
2018-21-08 17:01:47.336| [提示信息] DllMain：hModule = 268435456,DLL_THREAD_ATTACH
2018-21-08 17:02:48.994| [提示信息] DllMain：hModule = 268435456,DLL_THREAD_ATTACH
2018-21-08 17:02:49.985| [提示信息] DllMain：hModule = 268435456,DLL_THREAD_DETACH
2018-21-08 17:02:49.990| [提示信息] DllMain：hModule = 268435456,DLL_THREAD_DETACH
2018-21-08 17:02:49.995| [提示信息] DllMain：hModule = 268435456,DLL_THREAD_DETACH
2018-21-08 17:02:54.289| [提示信息] DllMain：hModule = 268435456,DLL_THREAD_DETACH
2018-21-08 17:03:19.994| [提示信息] DllMain：hModule = 268435456,DLL_THREAD_ATTACH
2018-21-08 17:03:56.985| [提示信息] DllMain：hModule = 268435456,DLL_THREAD_DETACH
2018-21-08 17:04:14.712| [提示信息] DllMain：hModule = 268435456,DLL_THREAD_ATTACH
2018-21-08 17:04:14.722| [提示信息] DllMain：hModule = 268435456,DLL_THREAD_ATTACH
2018-21-08 17:04:14.800| [提示信息] DllMain：hModule = 268435456,DLL_THREAD_ATTACH
2018-21-08 17:04:14.803| [提示信息] DllMain：hModule = 268435456,DLL_THREAD_ATTACH
2018-21-08 17:04:26.994| [提示信息] DllMain：hModule = 268435456,DLL_THREAD_DETACH
2018-21-08 17:04:44.803| [提示信息] DllMain：hModule = 268435456,DLL_THREAD_ATTACH
2018-21-08 17:04:57.537| [提示信息] DllMain：hModule = 268435456,DLL_THREAD_DETACH
2018-21-08 17:04:57.539| [提示信息] DllMain：hModule = 268435456,DLL_THREAD_DETACH
2018-21-08 17:04:57.542| [提示信息] DllMain：hModule = 268435456,DLL_THREAD_DETACH
2018-21-08 17:05:02.902| [提示信息] DllMain：hModule = 268435456,DLL_THREAD_ATTACH
2018-21-08 17:05:02.925| [提示信息] DllMain：hModule = 268435456,DLL_THREAD_ATTACH
2018-21-08 17:05:03.008| [提示信息] DllMain：hModule = 268435456,DLL_THREAD_ATTACH
2018-21-08 17:05:48.615| [提示信息] DllMain：hModule = 268435456,DLL_THREAD_DETACH
2018-21-08 17:05:48.617| [提示信息] DllMain：hModule = 268435456,DLL_THREAD_DETACH
2018-21-08 17:05:48.618| [提示信息] DllMain：hModule = 268435456,DLL_THREAD_DETACH
2018-21-08 17:05:51.803| [提示信息] DllMain：hModule = 268435456,DLL_THREAD_DETACH
2018-21-08 17:06:18.619| [提示信息] DllMain：hModule = 268435456,DLL_THREAD_ATTACH
2018-21-08 17:06:55.616| [提示信息] DllMain：hModule = 268435456,DLL_THREAD_DETACH
2018-21-08 17:07:25.621| [提示信息] DllMain：hModule = 268435456,DLL_THREAD_DETACH
2018-21-08 17:07:25.623| [提示信息] DllMain：hModule = 268435456,DLL_THREAD_DETACH
2018-21-08 17:08:48.614| [提示信息] DllMain：hModule = 268435456,DLL_THREAD_DETACH
2018-21-08 17:11:08.620| [提示信息] DllMain：hModule = 268435456,DLL_THREAD_DETACH