20/08 14:41:19 I| ======= location: C:\Users\Administrator\Desktop\FreeSwitch\qyipphone\QYIPPhone.exe
20/08 14:41:19 I| ======= FileVersion: F1.07_20171120     ProductVersion: 1.0.0.1
20/08 14:41:19 I| =======
20/08 14:41:19 I| 初始化: 读取QYIPPhone.ini成功.
20/08 14:41:19 I| 初始化: 调入QYIPPhone.dll成功.
20/08 14:41:19 I| 初始化: dll初始化成功!
20/08 14:41:19 I| 初始化: 登录操作成功!
20/08 14:41:19 I| 事件: 登录成功
20/08 14:41:31 I| 操作: 更改配置!
20/08 14:41:31 I| 操作: 更改配置 - 退出登录!
20/08 14:41:32 I| 操作: 更改配置 - 登录!
20/08 14:41:32 I| 事件: 余额: 0
20/08 14:41:32 I| 事件: 登录失败: I
20/08 14:41:32 I| 事件: 余额: 0
20/08 14:41:52 I| 操作: 更改配置!
20/08 14:41:52 I| 操作: 更改配置 - 退出登录!
20/08 14:41:53 I| 操作: 更改配置 - 登录!
20/08 14:41:53 I| 事件: 余额: 0
20/08 14:41:53 I| 事件: 登录成功
20/08 14:42:12 I| 操作：呼叫 1358
20/08 14:42:13 I| 事件: 响铃中...: 1358
20/08 14:42:13 I| 事件: 呼叫中...: 1358|0
20/08 14:42:26 I| 操作：挂机
20/08 14:42:26 I| 事件: 关闭: 1358|0|Request Terminated
20/08 14:46:48 I| 事件: 登录成功
20/08 14:47:23 I| 操作：呼叫 1000
20/08 14:47:23 I| 事件: 响铃中...: 1000
20/08 14:47:23 I| 事件: 呼叫中...: 1000|1
20/08 14:47:34 I| 事件: 通话中...: 1000|1
20/08 14:48:04 I| 操作：挂机
20/08 14:48:04 I| 事件: 关闭: 1000|1|Call ended
20/08 14:51:33 I| 操作：呼叫 1005
20/08 14:51:33 I| 事件: 响铃中...: 1005
20/08 14:51:33 I| 事件: 呼叫中...: 1005|2
20/08 14:51:43 I| 事件: 登录成功
20/08 14:51:43 I| 事件: 通话中...: 1005|2
20/08 14:51:46 I| 操作：挂机
20/08 14:51:46 I| 事件: 关闭: 1005|2|Call ended
20/08 14:51:54 I| 操作：呼叫 1005
20/08 14:51:55 I| 事件: 响铃中...: 1005
20/08 14:51:55 I| 事件: 呼叫中...: 1005|3
20/08 14:52:05 I| 事件: 通话中...: 1005|3
20/08 14:52:15 I| 操作：挂机
20/08 14:52:15 I| 事件: 关闭: 1005|3|Call ended
20/08 14:52:22 I| 操作：呼叫 1001
20/08 14:52:22 I| 事件: 响铃中...: 1001
20/08 14:52:22 I| 事件: 呼叫中...: 1001|0
20/08 14:52:32 I| 事件: 来电: Incoming call|1
20/08 14:52:32 I| 事件: 通话中...: Incoming call|1
20/08 14:52:32 I| 事件: 通话中...: Incoming call|0
20/08 14:52:42 I| 操作：挂机
20/08 14:52:42 I| 事件: 关闭: Incoming call|0|Call ended
20/08 14:52:45 I| 事件: 关闭: |1|Call ended
20/08 14:56:38 I| 事件: 登录成功
20/08 15:01:33 I| 事件: 登录成功
20/08 15:06:28 I| 事件: 登录成功
20/08 15:11:23 I| 事件: 登录成功
20/08 15:16:18 I| 事件: 登录成功
20/08 15:21:13 I| 事件: 登录成功
20/08 15:26:08 I| 事件: 登录成功
20/08 15:31:03 I| 事件: 登录成功
20/08 15:31:29 I| 操作：呼叫 1358
20/08 15:31:29 I| 事件: 响铃中...: 1358
20/08 15:31:29 I| 事件: 呼叫中...: 1358|2
20/08 15:33:09 I| 事件: 关闭: 1358|2|Temporarily Unavailable
20/08 15:33:49 I| 操作：呼叫 1358
20/08 15:33:49 I| 事件: 响铃中...: 1358
20/08 15:33:49 I| 事件: 呼叫中...: 1358|3
20/08 15:35:29 I| 事件: 关闭: 1358|3|Temporarily Unavailable
20/08 15:35:58 I| 事件: 登录成功
20/08 15:40:53 I| 事件: 登录成功
20/08 15:45:21 I| 操作：呼叫 1358
20/08 15:45:21 I| 事件: 响铃中...: 1358
20/08 15:45:21 I| 事件: 呼叫中...: 1358|0
20/08 15:45:48 I| 事件: 登录成功
20/08 15:47:01 I| 事件: 关闭: 1358|0|Temporarily Unavailable
20/08 15:50:43 I| 事件: 登录成功
20/08 15:55:38 I| 事件: 登录成功
20/08 16:00:33 I| 事件: 登录成功
20/08 16:05:29 I| 事件: 登录成功
20/08 16:10:24 I| 事件: 登录成功
20/08 16:15:19 I| 事件: 登录成功
20/08 16:20:14 I| 事件: 登录成功
20/08 16:25:09 I| 事件: 登录成功
20/08 16:30:04 I| 事件: 登录成功
20/08 16:34:59 I| 事件: 登录成功
20/08 16:39:54 I| 事件: 登录成功
20/08 16:41:51 I| 操作：呼叫 1358
20/08 16:41:51 I| 事件: 响铃中...: 1358
20/08 16:41:51 I| 事件: 呼叫中...: 1358|1
20/08 16:43:31 I| 事件: 关闭: 1358|1|Temporarily Unavailable
20/08 16:44:49 I| 事件: 登录成功
20/08 16:49:44 I| 事件: 登录成功
20/08 16:54:39 I| 事件: 登录成功
20/08 16:59:34 I| 事件: 登录成功
20/08 17:04:29 I| 事件: 登录成功
20/08 17:09:24 I| 事件: 登录成功
20/08 17:14:19 I| 事件: 登录成功
20/08 17:19:14 I| 事件: 登录成功
20/08 17:24:09 I| 事件: 登录成功
20/08 17:29:04 I| 事件: 登录成功
20/08 17:29:27 I| 操作：呼叫 1358
20/08 17:29:27 I| 事件: 响铃中...: 1358
20/08 17:29:27 I| 事件: 呼叫中...: 1358|2
20/08 17:31:07 I| 事件: 关闭: 1358|2|Temporarily Unavailable
20/08 17:33:59 I| 事件: 登录成功
20/08 17:38:54 I| 事件: 登录成功
20/08 17:43:49 I| 事件: 登录成功
20/08 17:48:44 I| 事件: 登录成功
20/08 17:53:39 I| 事件: 登录成功
20/08 17:58:34 I| 事件: 登录成功
20/08 18:03:29 I| 事件: 登录成功
20/08 18:08:24 I| 事件: 登录成功
20/08 18:13:19 I| 事件: 登录成功
20/08 18:18:14 I| 事件: 登录成功
20/08 18:23:09 I| 事件: 登录成功
20/08 18:28:04 I| 事件: 登录成功
20/08 18:32:59 I| 事件: 登录成功
20/08 18:37:54 I| 事件: 登录成功
20/08 18:42:49 I| 事件: 登录成功
