2016-5-23 19:1:23.79	

******************************************


2016-5-23 19:1:23.83	SipPhone Trace App Log Trace 2016/5/23 19:01:23


2016-5-23 19:1:23.84	SipPhone Log Start!!!!!!!
2016-5-23 19:1:23.85	SipPhone Log windows pointer 0018EF10!!!!!!!
2016-5-23 19:1:23.87	Success_InParasfromCapi!
2016-5-23 19:1:23.88	Success_Create SipPhone CS Interface!
2016-5-23 19:1:23.165	Success_CSInterfaceInit!
2016-5-23 19:1:23.581	*** Mainproc Begin*** method = /cs/sipphone/Login/800006/1000
2016-5-23 19:1:23.582	Mainproc Login Begin!
2016-5-23 19:1:23.856	Mainproc Login End!
2016-5-23 19:1:23.871	*** Mainproc Begin*** method = /cs/sipphone/Login/800006/1000
2016-5-23 19:1:23.872	Mainproc Login Begin!
2016-5-23 19:1:23.873	EncryptRtpPort:0 SignalEncrypt:0
2016-5-23 19:1:31.36	*** Mainproc Begin*** method = /cs/sipphone/Logout/800006/1000
2016-5-23 19:1:31.38	Mainproc Logout Begin!
2016-5-23 19:1:32.500	Mainproc Logout End!
2016-5-23 19:1:32.796	*** DllExit Begin***
2016-5-23 19:1:32.798	*** DllExit Begining***
2016-5-23 19:1:32.799	*** DllExit End***
2016-5-23 19:1:36.421	

******************************************


2016-5-23 19:1:36.422	SipPhone Trace App Log Trace 2016/5/23 19:01:36


2016-5-23 19:1:36.424	SipPhone Log Start!!!!!!!
2016-5-23 19:1:36.425	SipPhone Log windows pointer 0018EF10!!!!!!!
2016-5-23 19:1:36.426	Success_InParasfromCapi!
2016-5-23 19:1:36.427	Success_Create SipPhone CS Interface!
2016-5-23 19:1:36.429	Success_CSInterfaceInit!
2016-5-23 19:1:36.861	*** Mainproc Begin*** method = /cs/sipphone/Login/800006/1000
2016-5-23 19:1:36.862	Mainproc Login Begin!
2016-5-23 19:1:36.941	Mainproc Login End!
2016-5-23 19:1:36.941	*** Mainproc Begin*** method = /cs/sipphone/Login/800006/1000
2016-5-23 19:1:36.942	Mainproc Login Begin!
2016-5-23 19:1:36.942	EncryptRtpPort:0 SignalEncrypt:0
2016-5-23 19:1:47.685	*** Mainproc Begin*** method = /cs/sipphone/Logout/800006/1000
2016-5-23 19:1:47.686	Mainproc Logout Begin!
2016-5-23 19:1:48.920	Mainproc Logout End!
2016-5-23 19:1:49.188	*** DllExit Begin***
2016-5-23 19:1:49.190	*** DllExit Begining***
2016-5-23 19:1:49.191	*** DllExit End***
2016-5-23 19:1:50.371	

******************************************


2016-5-23 19:1:50.372	SipPhone Trace App Log Trace 2016/5/23 19:01:50


2016-5-23 19:1:50.372	SipPhone Log Start!!!!!!!
2016-5-23 19:1:50.373	SipPhone Log windows pointer 0018EF10!!!!!!!
2016-5-23 19:1:50.373	Success_InParasfromCapi!
2016-5-23 19:1:50.374	Success_Create SipPhone CS Interface!
2016-5-23 19:1:50.374	Success_CSInterfaceInit!
2016-5-23 19:1:50.828	*** Mainproc Begin*** method = /cs/sipphone/Login/800006/1000
2016-5-23 19:1:50.829	Mainproc Login Begin!
2016-5-23 19:1:50.910	Mainproc Login End!
2016-5-23 19:1:50.910	*** Mainproc Begin*** method = /cs/sipphone/Login/800006/1000
2016-5-23 19:1:50.910	Mainproc Login Begin!
2016-5-23 19:1:50.911	EncryptRtpPort:0 SignalEncrypt:0
2016-5-23 19:1:56.328	send WM_SIPPHONE_INCOMINGCALL: , 0
2016-5-23 19:1:56.441	send WM_SIPPHONE_INCOMINGCALL: Incoming call, 0
2016-5-23 19:1:59.941	*** Mainproc Begin*** method = /cs/sipphone/AcceptCall/800006/1000
2016-5-23 19:1:59.942	Mainproc AcceptCall Begin!
2016-5-23 19:2:0.142	Mainproc AcceptCall End!
2016-5-23 19:4:29.500	*** Mainproc Begin*** method = /cs/sipphone/EndCall/800006/1000
2016-5-23 19:4:29.502	Mainproc EndCall Begin!
2016-5-23 19:4:29.503	Mainproc EndCall End!
2016-5-23 19:4:35.530	send WM_SIPPHONE_INCOMINGCALL: , 1
2016-5-23 19:4:35.531	send WM_SIPPHONE_INCOMINGCALL: Incoming call, 1
2016-5-23 19:4:38.261	*** Mainproc Begin*** method = /cs/sipphone/AcceptCall/800006/1000
2016-5-23 19:4:38.262	Mainproc AcceptCall Begin!
2016-5-23 19:4:38.357	Mainproc AcceptCall End!
2016-5-23 19:6:1.761	send WM_SIPPHONE_INCOMINGCALL: , 2
2016-5-23 19:6:1.763	send WM_SIPPHONE_INCOMINGCALL: Incoming call, 2
2016-5-23 19:6:6.757	*** Mainproc Begin*** method = /cs/sipphone/AcceptCall/800006/1000
2016-5-23 19:6:6.758	Mainproc AcceptCall Begin!
2016-5-23 19:6:6.834	Mainproc AcceptCall End!
2016-5-23 19:16:19.261	send WM_SIPPHONE_INCOMINGCALL: , 3
2016-5-23 19:16:19.264	send WM_SIPPHONE_INCOMINGCALL: Incoming call, 3
2016-5-23 19:16:21.717	*** Mainproc Begin*** method = /cs/sipphone/AcceptCall/800006/1000
2016-5-23 19:16:21.719	Mainproc AcceptCall Begin!
2016-5-23 19:16:21.785	Mainproc AcceptCall End!
2016-5-23 19:21:46.86	*** Mainproc Begin*** method = /cs/sipphone/Logout/800006/1000
2016-5-23 19:21:46.87	Mainproc Logout Begin!
2016-5-23 19:21:47.337	Mainproc Logout End!
2016-5-23 19:21:47.343	*** DllExit Begin***
2016-5-23 19:21:47.344	*** DllExit Begining***
2016-5-23 19:21:47.346	*** DllExit End***
2016-5-23 19:21:47.349	*** DllExit Begin***
2016-5-23 19:21:47.350	*** DllExit End***
2016-5-23 19:21:47.590	*** DllExit Begin***
2016-5-23 19:21:47.591	*** DllExit End***
2016-5-23 19:22:14.382	

******************************************


2016-5-23 19:22:14.384	SipPhone Trace App Log Trace 2016/5/23 19:22:14


2016-5-23 19:22:14.385	SipPhone Log Start!!!!!!!
2016-5-23 19:22:14.386	SipPhone Log windows pointer 0018EF10!!!!!!!
2016-5-23 19:22:14.387	Success_InParasfromCapi!
2016-5-23 19:22:14.388	Success_Create SipPhone CS Interface!
2016-5-23 19:22:14.390	Success_CSInterfaceInit!
2016-5-23 19:22:15.53	*** Mainproc Begin*** method = /cs/sipphone/Logout/800006/1000
2016-5-23 19:22:15.55	Mainproc Logout Begin!
2016-5-23 19:22:15.56	Mainproc Logout End!
2016-5-23 19:22:15.709	*** DllExit Begin***
2016-5-23 19:22:15.711	*** DllExit Begining***
2016-5-23 19:22:15.712	*** DllExit End***
2016-5-23 19:22:17.478	

******************************************


2016-5-23 19:22:17.479	SipPhone Trace App Log Trace 2016/5/23 19:22:17


2016-5-23 19:22:17.480	SipPhone Log Start!!!!!!!
2016-5-23 19:22:17.482	SipPhone Log windows pointer 0018EF10!!!!!!!
2016-5-23 19:22:17.483	Success_InParasfromCapi!
2016-5-23 19:22:17.484	Success_Create SipPhone CS Interface!
2016-5-23 19:22:17.486	Success_CSInterfaceInit!
2016-5-23 19:22:18.22	*** Mainproc Begin*** method = /cs/sipphone/Login/800006/1000
2016-5-23 19:22:18.23	Mainproc Login Begin!
2016-5-23 19:22:18.97	Mainproc Login End!
2016-5-23 19:22:18.97	*** Mainproc Begin*** method = /cs/sipphone/Login/800006/1000
2016-5-23 19:22:18.98	Mainproc Login Begin!
2016-5-23 19:22:18.98	EncryptRtpPort:0 SignalEncrypt:0
2016-5-23 19:22:58.643	send WM_SIPPHONE_INCOMINGCALL: , 0
2016-5-23 19:22:58.645	send WM_SIPPHONE_INCOMINGCALL: Incoming call, 0
2016-5-23 19:23:0.805	*** Mainproc Begin*** method = /cs/sipphone/AcceptCall/800006/1000
2016-5-23 19:23:0.806	Mainproc AcceptCall Begin!
2016-5-23 19:23:0.851	Mainproc AcceptCall End!
2016-5-23 19:25:44.94	*** Mainproc Begin*** method = /cs/sipphone/Logout/800006/1000
2016-5-23 19:25:44.95	Mainproc Logout Begin!
2016-5-23 19:25:45.192	Mainproc Logout End!
2016-5-23 19:25:45.966	*** DllExit Begin***
2016-5-23 19:25:45.967	*** DllExit Begining***
2016-5-23 19:25:45.969	*** DllExit End***
2016-5-23 19:35:49.80	

******************************************


2016-5-23 19:35:49.83	SipPhone Trace App Log Trace 2016/5/23 19:35:49


2016-5-23 19:35:49.84	SipPhone Log Start!!!!!!!
2016-5-23 19:35:49.85	SipPhone Log windows pointer 0018EF10!!!!!!!
2016-5-23 19:35:49.87	Success_InParasfromCapi!
2016-5-23 19:35:49.89	Success_Create SipPhone CS Interface!
2016-5-23 19:35:49.131	Success_CSInterfaceInit!
2016-5-23 19:35:49.742	*** Mainproc Begin*** method = /cs/sipphone/Login/800006/1000
2016-5-23 19:35:49.744	Mainproc Login Begin!
2016-5-23 19:35:49.902	Mainproc Login End!
2016-5-23 19:35:49.904	*** Mainproc Begin*** method = /cs/sipphone/Login/800006/1000
2016-5-23 19:35:49.905	Mainproc Login Begin!
2016-5-23 19:35:49.906	EncryptRtpPort:0 SignalEncrypt:0
2016-5-23 19:41:19.971	send WM_SIPPHONE_INCOMINGCALL: , 0
2016-5-23 19:41:20.17	send WM_SIPPHONE_INCOMINGCALL: Incoming call, 0
2016-5-23 19:41:22.703	*** Mainproc Begin*** method = /cs/sipphone/AcceptCall/800006/1000
2016-5-23 19:41:22.705	Mainproc AcceptCall Begin!
2016-5-23 19:41:22.910	Mainproc AcceptCall End!
2016-5-23 19:41:46.982	*** Mainproc Begin*** method = /cs/sipphone/EndCall/800006/1000
2016-5-23 19:41:46.984	Mainproc EndCall Begin!
2016-5-23 19:41:46.986	Mainproc EndCall End!
2016-5-23 19:41:49.727	*** Mainproc Begin*** method = /cs/sipphone/EndCall/800006/1000
2016-5-23 19:41:49.729	Mainproc EndCall Begin!
2016-5-23 19:41:49.731	Mainproc EndCall End!
2016-5-23 20:5:22.606	*** Mainproc Begin*** method = /cs/sipphone/Logout/800006/1000
2016-5-23 20:5:22.606	Mainproc Logout Begin!
2016-5-23 20:5:24.16	Mainproc Logout End!
2016-5-23 20:5:24.22	*** DllExit Begin***
2016-5-23 20:5:24.23	*** DllExit Begining***
2016-5-23 20:5:24.25	*** DllExit End***
2016-5-23 20:5:24.29	*** DllExit Begin***
2016-5-23 20:5:24.30	*** DllExit End***
2016-5-23 20:5:24.34	*** DllExit Begin***
2016-5-23 20:5:24.36	*** DllExit End***
2016-5-23 20:5:25.7	*** DllExit Begin***
2016-5-23 20:5:25.9	*** DllExit End***
2016-5-23 20:5:26.281	

******************************************


2016-5-23 20:5:26.282	SipPhone Trace App Log Trace 2016/5/23 20:05:26


2016-5-23 20:5:26.283	SipPhone Log Start!!!!!!!
2016-5-23 20:5:26.284	SipPhone Log windows pointer 0018EF10!!!!!!!
2016-5-23 20:5:26.285	Success_InParasfromCapi!
2016-5-23 20:5:26.287	Success_Create SipPhone CS Interface!
2016-5-23 20:5:26.289	Success_CSInterfaceInit!
2016-5-23 20:5:26.992	*** Mainproc Begin*** method = /cs/sipphone/Login/800006/1000
2016-5-23 20:5:26.993	Mainproc Login Begin!
2016-5-23 20:5:27.235	Mainproc Login End!
2016-5-23 20:5:27.237	*** Mainproc Begin*** method = /cs/sipphone/Login/800006/1000
2016-5-23 20:5:27.238	Mainproc Login Begin!
2016-5-23 20:5:27.239	EncryptRtpPort:0 SignalEncrypt:0
2016-5-23 20:6:27.835	send WM_SIPPHONE_INCOMINGCALL: , 0
2016-5-23 20:6:27.836	send WM_SIPPHONE_INCOMINGCALL: Incoming call, 0
2016-5-23 20:6:29.687	*** Mainproc Begin*** method = /cs/sipphone/AcceptCall/800006/1000
2016-5-23 20:6:29.689	Mainproc AcceptCall Begin!
2016-5-23 20:6:29.773	Mainproc AcceptCall End!
