2016-5-19 16:7:11.167	

******************************************


2016-5-19 16:7:11.171	SipPhone Trace App Log Trace 2016/5/19 16:07:11


2016-5-19 16:7:11.172	SipPhone Log Start!!!!!!!
2016-5-19 16:7:11.173	SipPhone Log windows pointer 0018EF10!!!!!!!
2016-5-19 16:7:11.174	Success_InParasfromCapi!
2016-5-19 16:7:11.176	Success_Create SipPhone CS Interface!
2016-5-19 16:7:11.251	Success_CSInterfaceInit!
2016-5-19 16:7:11.713	*** Mainproc Begin*** method = /cs/sipphone/Login/800006/1000
2016-5-19 16:7:11.715	Mainproc Login Begin!
2016-5-19 16:7:11.866	Mainproc Login End!
2016-5-19 16:7:11.877	*** Mainproc Begin*** method = /cs/sipphone/Login/800006/1000
2016-5-19 16:7:11.878	Mainproc Login Begin!
2016-5-19 16:7:11.879	EncryptRtpPort:0 SignalEncrypt:0
2016-5-19 16:7:40.834	*** Mainproc Begin*** method = /cs/sipphone/Logout/800006/1000
2016-5-19 16:7:40.836	Mainproc Logout Begin!
2016-5-19 16:7:42.396	Mainproc Logout End!
2016-5-19 16:7:42.738	*** DllExit Begin***
2016-5-19 16:7:42.739	*** DllExit Begining***
2016-5-19 16:7:42.740	*** DllExit End***
2016-5-19 16:7:43.354	

******************************************


2016-5-19 16:7:43.356	SipPhone Trace App Log Trace 2016/5/19 16:07:43


2016-5-19 16:7:43.357	SipPhone Log Start!!!!!!!
2016-5-19 16:7:43.358	SipPhone Log windows pointer 0018EF10!!!!!!!
2016-5-19 16:7:43.359	Success_InParasfromCapi!
2016-5-19 16:7:43.360	Success_Create SipPhone CS Interface!
2016-5-19 16:7:43.362	Success_CSInterfaceInit!
2016-5-19 16:7:43.761	*** Mainproc Begin*** method = /cs/sipphone/Login/800006/1000
2016-5-19 16:7:43.763	Mainproc Login Begin!
2016-5-19 16:7:43.851	Mainproc Login End!
2016-5-19 16:7:43.852	*** Mainproc Begin*** method = /cs/sipphone/Login/800006/1000
2016-5-19 16:7:43.852	Mainproc Login Begin!
2016-5-19 16:7:43.852	EncryptRtpPort:0 SignalEncrypt:0
2016-5-19 16:7:59.482	*** Mainproc Begin*** method = /cs/sipphone/Logout/800006/1000
2016-5-19 16:7:59.483	Mainproc Logout Begin!
2016-5-19 16:8:0.833	Mainproc Logout End!
2016-5-19 16:8:1.193	*** DllExit Begin***
2016-5-19 16:8:1.195	*** DllExit Begining***
2016-5-19 16:8:1.196	*** DllExit End***
2016-5-19 16:8:1.698	

******************************************


2016-5-19 16:8:1.700	SipPhone Trace App Log Trace 2016/5/19 16:08:01


2016-5-19 16:8:1.701	SipPhone Log Start!!!!!!!
2016-5-19 16:8:1.702	SipPhone Log windows pointer 0018EF10!!!!!!!
2016-5-19 16:8:1.703	Success_InParasfromCapi!
2016-5-19 16:8:1.704	Success_Create SipPhone CS Interface!
2016-5-19 16:8:1.708	Success_CSInterfaceInit!
2016-5-19 16:8:2.202	*** Mainproc Begin*** method = /cs/sipphone/Login/800006/1000
2016-5-19 16:8:2.203	Mainproc Login Begin!
2016-5-19 16:8:2.290	Mainproc Login End!
2016-5-19 16:8:2.291	*** Mainproc Begin*** method = /cs/sipphone/Login/800006/1000
2016-5-19 16:8:2.291	Mainproc Login Begin!
2016-5-19 16:8:2.291	EncryptRtpPort:0 SignalEncrypt:0
2016-5-19 16:8:14.66	*** Mainproc Begin*** method = /cs/sipphone/Logout/800006/1000
2016-5-19 16:8:14.67	Mainproc Logout Begin!
2016-5-19 16:8:15.264	Mainproc Logout End!
2016-5-19 16:8:15.272	*** DllExit Begin***
2016-5-19 16:8:15.273	*** DllExit Begining***
2016-5-19 16:8:15.274	*** DllExit End***
2016-5-19 16:8:18.66	

******************************************


2016-5-19 16:8:18.68	SipPhone Trace App Log Trace 2016/5/19 16:08:18


2016-5-19 16:8:18.69	SipPhone Log Start!!!!!!!
2016-5-19 16:8:18.70	SipPhone Log windows pointer 0018EF10!!!!!!!
2016-5-19 16:8:18.71	Success_InParasfromCapi!
2016-5-19 16:8:18.72	Success_Create SipPhone CS Interface!
2016-5-19 16:8:18.74	Success_CSInterfaceInit!
2016-5-19 16:8:18.626	*** Mainproc Begin*** method = /cs/sipphone/Login/800006/1000
2016-5-19 16:8:18.627	Mainproc Login Begin!
2016-5-19 16:8:18.714	Mainproc Login End!
2016-5-19 16:8:18.714	*** Mainproc Begin*** method = /cs/sipphone/Login/800006/1000
2016-5-19 16:8:18.715	Mainproc Login Begin!
2016-5-19 16:8:18.715	EncryptRtpPort:0 SignalEncrypt:0
2016-5-19 16:12:9.842	*** Mainproc Begin*** method = /cs/sipphone/Logout/800006/1000
2016-5-19 16:12:9.844	Mainproc Logout Begin!
2016-5-19 16:12:11.207	Mainproc Logout End!
2016-5-19 16:12:11.585	*** DllExit Begin***
2016-5-19 16:12:11.587	*** DllExit Begining***
2016-5-19 16:12:11.589	*** DllExit End***
2016-5-19 16:12:13.242	

******************************************


2016-5-19 16:12:13.243	SipPhone Trace App Log Trace 2016/5/19 16:12:13


2016-5-19 16:12:13.244	SipPhone Log Start!!!!!!!
2016-5-19 16:12:13.246	SipPhone Log windows pointer 0018EF10!!!!!!!
2016-5-19 16:12:13.247	Success_InParasfromCapi!
2016-5-19 16:12:13.248	Success_Create SipPhone CS Interface!
2016-5-19 16:12:13.250	Success_CSInterfaceInit!
2016-5-19 16:12:13.761	*** Mainproc Begin*** method = /cs/sipphone/Login/800006/1000
2016-5-19 16:12:13.762	Mainproc Login Begin!
2016-5-19 16:12:13.855	Mainproc Login End!
2016-5-19 16:12:13.856	*** Mainproc Begin*** method = /cs/sipphone/Login/800006/1000
2016-5-19 16:12:13.856	Mainproc Login Begin!
2016-5-19 16:12:13.857	EncryptRtpPort:0 SignalEncrypt:0
2016-5-19 16:13:3.706	*** Mainproc Begin*** method = /cs/sipphone/Logout/800006/1000
2016-5-19 16:13:3.707	Mainproc Logout Begin!
2016-5-19 16:13:4.833	Mainproc Logout End!
2016-5-19 16:13:5.225	*** DllExit Begin***
2016-5-19 16:13:5.227	*** DllExit Begining***
2016-5-19 16:13:5.228	*** DllExit End***
2016-5-19 16:13:8.18	

******************************************


2016-5-19 16:13:8.19	SipPhone Trace App Log Trace 2016/5/19 16:13:08


2016-5-19 16:13:8.20	SipPhone Log Start!!!!!!!
2016-5-19 16:13:8.22	SipPhone Log windows pointer 0018EF10!!!!!!!
2016-5-19 16:13:8.23	Success_InParasfromCapi!
2016-5-19 16:13:8.25	Success_Create SipPhone CS Interface!
2016-5-19 16:13:8.27	Success_CSInterfaceInit!
2016-5-19 16:13:8.561	*** Mainproc Begin*** method = /cs/sipphone/Login/800006/1000
2016-5-19 16:13:8.563	Mainproc Login Begin!
2016-5-19 16:13:8.637	Mainproc Login End!
2016-5-19 16:13:8.638	*** Mainproc Begin*** method = /cs/sipphone/Login/800006/1000
2016-5-19 16:13:8.638	Mainproc Login Begin!
2016-5-19 16:13:8.639	EncryptRtpPort:0 SignalEncrypt:0
2016-5-19 16:13:18.570	*** Mainproc Begin*** method = /cs/sipphone/Logout/800006/1000
2016-5-19 16:13:18.571	Mainproc Logout Begin!
2016-5-19 16:13:19.624	Mainproc Logout End!
2016-5-19 16:13:20.90	*** DllExit Begin***
2016-5-19 16:13:20.91	*** DllExit Begining***
2016-5-19 16:13:20.92	*** DllExit End***
2016-5-19 16:13:23.194	

******************************************


2016-5-19 16:13:23.196	SipPhone Trace App Log Trace 2016/5/19 16:13:23


2016-5-19 16:13:23.197	SipPhone Log Start!!!!!!!
2016-5-19 16:13:23.198	SipPhone Log windows pointer 0018EF10!!!!!!!
2016-5-19 16:13:23.199	Success_InParasfromCapi!
2016-5-19 16:13:23.200	Success_Create SipPhone CS Interface!
2016-5-19 16:13:23.202	Success_CSInterfaceInit!
2016-5-19 16:13:25.137	*** Mainproc Begin*** method = /cs/sipphone/Login/800006/1000
2016-5-19 16:13:25.139	Mainproc Login Begin!
2016-5-19 16:13:25.227	Mainproc Login End!
2016-5-19 16:13:25.229	*** Mainproc Begin*** method = /cs/sipphone/Login/800006/1000
2016-5-19 16:13:25.230	Mainproc Login Begin!
2016-5-19 16:13:25.230	EncryptRtpPort:0 SignalEncrypt:0
2016-5-19 16:13:53.738	*** Mainproc Begin*** method = /cs/sipphone/Logout/800006/1000
2016-5-19 16:13:53.739	Mainproc Logout Begin!
2016-5-19 16:13:55.204	Mainproc Logout End!
2016-5-19 16:13:55.522	*** DllExit Begin***
2016-5-19 16:13:55.523	*** DllExit Begining***
2016-5-19 16:13:55.524	*** DllExit End***
2016-5-19 16:13:56.234	

******************************************


2016-5-19 16:13:56.235	SipPhone Trace App Log Trace 2016/5/19 16:13:56


2016-5-19 16:13:56.237	SipPhone Log Start!!!!!!!
2016-5-19 16:13:56.238	SipPhone Log windows pointer 0018EF10!!!!!!!
2016-5-19 16:13:56.239	Success_InParasfromCapi!
2016-5-19 16:13:56.240	Success_Create SipPhone CS Interface!
2016-5-19 16:13:56.242	Success_CSInterfaceInit!
2016-5-19 16:13:57.353	*** Mainproc Begin*** method = /cs/sipphone/Login/800006/1000
2016-5-19 16:13:57.355	Mainproc Login Begin!
2016-5-19 16:13:57.438	Mainproc Login End!
2016-5-19 16:13:57.438	*** Mainproc Begin*** method = /cs/sipphone/Login/800006/1000
2016-5-19 16:13:57.439	Mainproc Login Begin!
2016-5-19 16:13:57.439	EncryptRtpPort:0 SignalEncrypt:0
2016-5-19 16:14:1.50	*** Mainproc Begin*** method = /cs/sipphone/Logout/800006/1000
2016-5-19 16:14:1.51	Mainproc Logout Begin!
2016-5-19 16:14:2.419	Mainproc Logout End!
2016-5-19 16:14:3.170	*** DllExit Begin***
2016-5-19 16:14:3.171	*** DllExit Begining***
2016-5-19 16:14:3.173	*** DllExit End***
2016-5-19 16:14:4.627	

******************************************


2016-5-19 16:14:4.628	SipPhone Trace App Log Trace 2016/5/19 16:14:04


2016-5-19 16:14:4.629	SipPhone Log Start!!!!!!!
2016-5-19 16:14:4.630	SipPhone Log windows pointer 0018EF10!!!!!!!
2016-5-19 16:14:4.632	Success_InParasfromCapi!
2016-5-19 16:14:4.633	Success_Create SipPhone CS Interface!
2016-5-19 16:14:4.634	Success_CSInterfaceInit!
2016-5-19 16:14:5.498	*** Mainproc Begin*** method = /cs/sipphone/Login/800006/1000
2016-5-19 16:14:5.499	Mainproc Login Begin!
2016-5-19 16:14:5.578	Mainproc Login End!
2016-5-19 16:14:5.579	*** Mainproc Begin*** method = /cs/sipphone/Login/800006/1000
2016-5-19 16:14:5.579	Mainproc Login Begin!
2016-5-19 16:14:5.580	EncryptRtpPort:0 SignalEncrypt:0
2016-5-19 16:14:25.642	*** Mainproc Begin*** method = /cs/sipphone/Logout/800006/1000
2016-5-19 16:14:25.643	Mainproc Logout Begin!
2016-5-19 16:14:27.56	Mainproc Logout End!
2016-5-19 16:14:27.362	*** DllExit Begin***
2016-5-19 16:14:27.363	*** DllExit Begining***
2016-5-19 16:14:27.364	*** DllExit End***
2016-5-19 16:14:28.786	

******************************************


2016-5-19 16:14:28.788	SipPhone Trace App Log Trace 2016/5/19 16:14:28


2016-5-19 16:14:28.789	SipPhone Log Start!!!!!!!
2016-5-19 16:14:28.790	SipPhone Log windows pointer 0018EF10!!!!!!!
2016-5-19 16:14:28.791	Success_InParasfromCapi!
2016-5-19 16:14:28.792	Success_Create SipPhone CS Interface!
2016-5-19 16:14:28.794	Success_CSInterfaceInit!
2016-5-19 16:14:31.322	*** Mainproc Begin*** method = /cs/sipphone/Login/800006/1000
2016-5-19 16:14:31.323	Mainproc Login Begin!
2016-5-19 16:14:31.408	Mainproc Login End!
2016-5-19 16:14:31.408	*** Mainproc Begin*** method = /cs/sipphone/Login/800006/1000
2016-5-19 16:14:31.409	Mainproc Login Begin!
2016-5-19 16:14:31.409	EncryptRtpPort:0 SignalEncrypt:0
2016-5-19 16:14:36.177	*** Mainproc Begin*** method = /cs/sipphone/Logout/800006/1000
2016-5-19 16:14:36.179	Mainproc Logout Begin!
2016-5-19 16:14:37.392	Mainproc Logout End!
2016-5-19 16:14:37.802	*** DllExit Begin***
2016-5-19 16:14:37.803	*** DllExit Begining***
2016-5-19 16:14:37.805	*** DllExit End***
2016-5-19 16:14:38.363	

******************************************


2016-5-19 16:14:38.364	SipPhone Trace App Log Trace 2016/5/19 16:14:38


2016-5-19 16:14:38.365	SipPhone Log Start!!!!!!!
2016-5-19 16:14:38.367	SipPhone Log windows pointer 0018EF10!!!!!!!
2016-5-19 16:14:38.368	Success_InParasfromCapi!
2016-5-19 16:14:38.369	Success_Create SipPhone CS Interface!
2016-5-19 16:14:38.371	Success_CSInterfaceInit!
2016-5-19 16:14:38.954	*** Mainproc Begin*** method = /cs/sipphone/Login/800006/1000
2016-5-19 16:14:38.955	Mainproc Login Begin!
2016-5-19 16:14:39.32	Mainproc Login End!
2016-5-19 16:14:39.33	*** Mainproc Begin*** method = /cs/sipphone/Login/800006/1000
2016-5-19 16:14:39.33	Mainproc Login Begin!
2016-5-19 16:14:39.34	EncryptRtpPort:0 SignalEncrypt:0
2016-5-19 16:16:7.979	

******************************************


2016-5-19 16:16:7.980	SipPhone Trace App Log Trace 2016/5/19 16:16:07


2016-5-19 16:16:7.982	SipPhone Log Start!!!!!!!
2016-5-19 16:16:7.983	SipPhone Log windows pointer 0018EF10!!!!!!!
2016-5-19 16:16:7.984	Success_InParasfromCapi!
2016-5-19 16:16:9.20	Success_Create SipPhone CS Interface!
2016-5-19 16:16:9.22	Success_CSInterfaceInit!
2016-5-19 16:16:9.29	*** Mainproc Begin*** method = /cs/sipphone/Login/800006/1000
2016-5-19 16:16:9.31	Mainproc Login Begin!
2016-5-19 16:16:9.100	Mainproc Login End!
2016-5-19 16:16:9.101	*** Mainproc Begin*** method = /cs/sipphone/Login/800006/1000
2016-5-19 16:16:9.101	Mainproc Login Begin!
2016-5-19 16:16:9.102	EncryptRtpPort:0 SignalEncrypt:0
2016-5-19 16:16:11.322	*** Mainproc Begin*** method = /cs/sipphone/Logout/800006/1000
2016-5-19 16:16:11.323	Mainproc Logout Begin!
2016-5-19 16:16:12.582	Mainproc Logout End!
2016-5-19 16:16:12.978	*** DllExit Begin***
2016-5-19 16:16:12.980	*** DllExit Begining***
2016-5-19 16:16:12.981	*** DllExit End***
2016-5-19 16:16:14.803	

******************************************


2016-5-19 16:16:14.804	SipPhone Trace App Log Trace 2016/5/19 16:16:14


2016-5-19 16:16:14.805	SipPhone Log Start!!!!!!!
2016-5-19 16:16:14.806	SipPhone Log windows pointer 0018EF10!!!!!!!
2016-5-19 16:16:14.807	Success_InParasfromCapi!
2016-5-19 16:16:14.808	Success_Create SipPhone CS Interface!
2016-5-19 16:16:14.810	Success_CSInterfaceInit!
2016-5-19 16:16:15.410	*** Mainproc Begin*** method = /cs/sipphone/Login/800006/1000
2016-5-19 16:16:15.411	Mainproc Login Begin!
2016-5-19 16:16:15.478	Mainproc Login End!
2016-5-19 16:16:15.478	*** Mainproc Begin*** method = /cs/sipphone/Login/800006/1000
2016-5-19 16:16:15.479	Mainproc Login Begin!
2016-5-19 16:16:15.479	EncryptRtpPort:0 SignalEncrypt:0
2016-5-19 16:16:21.417	*** Mainproc Begin*** method = /cs/sipphone/Logout/800006/1000
2016-5-19 16:16:21.419	Mainproc Logout Begin!
2016-5-19 16:16:22.465	Mainproc Logout End!
2016-5-19 16:16:22.874	*** DllExit Begin***
2016-5-19 16:16:22.876	*** DllExit Begining***
2016-5-19 16:16:22.877	*** DllExit End***
2016-5-19 16:16:25.395	

******************************************


2016-5-19 16:16:25.396	SipPhone Trace App Log Trace 2016/5/19 16:16:25


2016-5-19 16:16:25.397	SipPhone Log Start!!!!!!!
2016-5-19 16:16:25.399	SipPhone Log windows pointer 0018EF10!!!!!!!
2016-5-19 16:16:25.400	Success_InParasfromCapi!
2016-5-19 16:16:25.401	Success_Create SipPhone CS Interface!
2016-5-19 16:16:25.403	Success_CSInterfaceInit!
2016-5-19 16:16:25.922	*** Mainproc Begin*** method = /cs/sipphone/Login/800006/1000
2016-5-19 16:16:25.923	Mainproc Login Begin!
2016-5-19 16:16:26.20	Mainproc Login End!
2016-5-19 16:16:26.21	*** Mainproc Begin*** method = /cs/sipphone/Login/800006/1000
2016-5-19 16:16:26.22	Mainproc Login Begin!
2016-5-19 16:16:26.22	EncryptRtpPort:0 SignalEncrypt:0
2016-5-19 16:16:31.411	*** Mainproc Begin*** method = /cs/sipphone/Logout/800006/1000
2016-5-19 16:16:31.413	Mainproc Logout Begin!
2016-5-19 16:16:32.498	Mainproc Logout End!
2016-5-19 16:16:32.770	*** DllExit Begin***
2016-5-19 16:16:32.771	*** DllExit Begining***
2016-5-19 16:16:32.772	*** DllExit End***
2016-5-19 16:16:35.258	

******************************************


2016-5-19 16:16:35.260	SipPhone Trace App Log Trace 2016/5/19 16:16:35


2016-5-19 16:16:35.261	SipPhone Log Start!!!!!!!
2016-5-19 16:16:35.262	SipPhone Log windows pointer 0018EF10!!!!!!!
2016-5-19 16:16:35.263	Success_InParasfromCapi!
2016-5-19 16:16:35.265	Success_Create SipPhone CS Interface!
2016-5-19 16:16:35.266	Success_CSInterfaceInit!
2016-5-19 16:16:40.202	*** Mainproc Begin*** method = /cs/sipphone/Login/800006/1000
2016-5-19 16:16:40.204	Mainproc Login Begin!
2016-5-19 16:16:40.281	Mainproc Login End!
2016-5-19 16:16:40.281	*** Mainproc Begin*** method = /cs/sipphone/Login/800006/1000
2016-5-19 16:16:40.281	Mainproc Login Begin!
2016-5-19 16:16:40.282	EncryptRtpPort:0 SignalEncrypt:0
2016-5-19 16:17:37.289	*** Mainproc Begin*** method = /cs/sipphone/Logout/800006/1000
2016-5-19 16:17:37.290	Mainproc Logout Begin!
2016-5-19 16:17:38.767	Mainproc Logout End!
2016-5-19 16:17:39.98	*** DllExit Begin***
2016-5-19 16:17:39.99	*** DllExit Begining***
2016-5-19 16:17:39.101	*** DllExit End***
2016-5-19 16:17:40.371	

******************************************


2016-5-19 16:17:40.372	SipPhone Trace App Log Trace 2016/5/19 16:17:40


2016-5-19 16:17:40.373	SipPhone Log Start!!!!!!!
2016-5-19 16:17:40.374	SipPhone Log windows pointer 0018EF10!!!!!!!
2016-5-19 16:17:40.375	Success_InParasfromCapi!
2016-5-19 16:17:40.376	Success_Create SipPhone CS Interface!
2016-5-19 16:17:40.378	Success_CSInterfaceInit!
2016-5-19 16:17:40.970	*** Mainproc Begin*** method = /cs/sipphone/Login/800006/1000
2016-5-19 16:17:40.971	Mainproc Login Begin!
2016-5-19 16:17:41.40	Mainproc Login End!
2016-5-19 16:17:41.41	*** Mainproc Begin*** method = /cs/sipphone/Login/800006/1000
2016-5-19 16:17:41.41	Mainproc Login Begin!
2016-5-19 16:17:41.42	EncryptRtpPort:0 SignalEncrypt:0
2016-5-19 16:18:21.930	*** Mainproc Begin*** method = /cs/sipphone/Logout/800006/1000
2016-5-19 16:18:21.931	Mainproc Logout Begin!
2016-5-19 16:18:23.28	Mainproc Logout End!
2016-5-19 16:18:23.378	*** DllExit Begin***
2016-5-19 16:18:23.379	*** DllExit Begining***
2016-5-19 16:18:23.380	*** DllExit End***
2016-5-19 16:18:25.651	

******************************************


2016-5-19 16:18:25.652	SipPhone Trace App Log Trace 2016/5/19 16:18:25


2016-5-19 16:18:25.654	SipPhone Log Start!!!!!!!
2016-5-19 16:18:25.655	SipPhone Log windows pointer 0018EF10!!!!!!!
2016-5-19 16:18:25.656	Success_InParasfromCapi!
2016-5-19 16:18:25.657	Success_Create SipPhone CS Interface!
2016-5-19 16:18:25.660	Success_CSInterfaceInit!
2016-5-19 16:18:26.249	*** Mainproc Begin*** method = /cs/sipphone/Login/800006/1000
2016-5-19 16:18:26.249	Mainproc Login Begin!
2016-5-19 16:18:26.292	Mainproc Login End!
2016-5-19 16:18:26.293	*** Mainproc Begin*** method = /cs/sipphone/Login/800006/1000
2016-5-19 16:18:26.293	Mainproc Login Begin!
2016-5-19 16:18:26.294	EncryptRtpPort:0 SignalEncrypt:0
2016-5-19 16:18:53.554	*** Mainproc Begin*** method = /cs/sipphone/Logout/800006/1000
2016-5-19 16:18:53.555	Mainproc Logout Begin!
2016-5-19 16:18:54.778	Mainproc Logout End!
2016-5-19 16:18:55.98	*** DllExit Begin***
2016-5-19 16:18:55.99	*** DllExit Begining***
2016-5-19 16:18:55.100	*** DllExit End***
2016-5-19 16:18:55.586	

******************************************


2016-5-19 16:18:55.588	SipPhone Trace App Log Trace 2016/5/19 16:18:55


2016-5-19 16:18:55.589	SipPhone Log Start!!!!!!!
2016-5-19 16:18:55.590	SipPhone Log windows pointer 0018EF10!!!!!!!
2016-5-19 16:18:55.591	Success_InParasfromCapi!
2016-5-19 16:18:55.592	Success_Create SipPhone CS Interface!
2016-5-19 16:18:55.594	Success_CSInterfaceInit!
2016-5-19 16:18:55.994	*** Mainproc Begin*** method = /cs/sipphone/Login/800006/1000
2016-5-19 16:18:55.995	Mainproc Login Begin!
2016-5-19 16:18:56.63	Mainproc Login End!
2016-5-19 16:18:56.63	*** Mainproc Begin*** method = /cs/sipphone/Login/800006/1000
2016-5-19 16:18:56.63	Mainproc Login Begin!
2016-5-19 16:18:56.64	EncryptRtpPort:0 SignalEncrypt:0
2016-5-19 16:20:46.634	*** Mainproc Begin*** method = /cs/sipphone/Logout/800006/1000
2016-5-19 16:20:46.636	Mainproc Logout Begin!
2016-5-19 16:20:48.57	Mainproc Logout End!
2016-5-19 16:20:48.63	*** DllExit Begin***
2016-5-19 16:20:48.64	*** DllExit Begining***
2016-5-19 16:20:48.66	*** DllExit End***
2016-5-19 16:20:49.347	

******************************************


2016-5-19 16:20:49.348	SipPhone Trace App Log Trace 2016/5/19 16:20:49


2016-5-19 16:20:49.350	SipPhone Log Start!!!!!!!
2016-5-19 16:20:49.351	SipPhone Log windows pointer 0018EF10!!!!!!!
2016-5-19 16:20:49.352	Success_InParasfromCapi!
2016-5-19 16:20:49.354	Success_Create SipPhone CS Interface!
2016-5-19 16:20:49.356	Success_CSInterfaceInit!
2016-5-19 16:20:49.818	*** Mainproc Begin*** method = /cs/sipphone/Login/800006/1000
2016-5-19 16:20:49.820	Mainproc Login Begin!
2016-5-19 16:20:49.889	Mainproc Login End!
2016-5-19 16:20:49.889	*** Mainproc Begin*** method = /cs/sipphone/Login/800006/1000
2016-5-19 16:20:49.890	Mainproc Login Begin!
2016-5-19 16:20:49.890	EncryptRtpPort:0 SignalEncrypt:0
2016-5-19 17:0:22.175	*** Mainproc Begin*** method = /cs/sipphone/Logout/800006/1000
2016-5-19 17:0:22.176	Mainproc Logout Begin!
2016-5-19 17:0:23.624	Mainproc Logout End!
2016-5-19 17:0:23.957	*** DllExit Begin***
2016-5-19 17:0:23.958	*** DllExit Begining***
2016-5-19 17:0:23.960	*** DllExit End***
2016-5-19 17:0:24.580	

******************************************


2016-5-19 17:0:24.581	SipPhone Trace App Log Trace 2016/5/19 17:00:24


2016-5-19 17:0:24.581	SipPhone Log Start!!!!!!!
2016-5-19 17:0:24.582	SipPhone Log windows pointer 0018EF10!!!!!!!
2016-5-19 17:0:24.582	Success_InParasfromCapi!
2016-5-19 17:0:24.583	Success_Create SipPhone CS Interface!
2016-5-19 17:0:24.584	Success_CSInterfaceInit!
2016-5-19 17:0:25.939	*** Mainproc Begin*** method = /cs/sipphone/Login/800006/1000
2016-5-19 17:0:25.940	Mainproc Login Begin!
2016-5-19 17:0:25.998	Mainproc Login End!
2016-5-19 17:0:25.999	*** Mainproc Begin*** method = /cs/sipphone/Login/800006/1000
2016-5-19 17:0:25.999	Mainproc Login Begin!
2016-5-19 17:0:25.999	EncryptRtpPort:0 SignalEncrypt:0
2016-5-19 17:0:35.955	*** Mainproc Begin*** method = /cs/sipphone/Logout/800006/1000
2016-5-19 17:0:35.955	Mainproc Logout Begin!
2016-5-19 17:0:36.979	Mainproc Logout End!
2016-5-19 17:0:36.981	*** DllExit Begin***
2016-5-19 17:0:36.981	*** DllExit Begining***
2016-5-19 17:0:36.981	*** DllExit End***
2016-5-19 17:0:46.635	

******************************************


2016-5-19 17:0:46.636	SipPhone Trace App Log Trace 2016/5/19 17:00:46


2016-5-19 17:0:46.637	SipPhone Log Start!!!!!!!
2016-5-19 17:0:46.637	SipPhone Log windows pointer 0018EF10!!!!!!!
2016-5-19 17:0:46.637	Success_InParasfromCapi!
2016-5-19 17:0:46.638	Success_Create SipPhone CS Interface!
2016-5-19 17:0:46.639	Success_CSInterfaceInit!
2016-5-19 17:0:47.172	*** Mainproc Begin*** method = /cs/sipphone/Login/800006/1000
2016-5-19 17:0:47.172	Mainproc Login Begin!
2016-5-19 17:0:47.219	Mainproc Login End!
2016-5-19 17:0:47.225	*** Mainproc Begin*** method = /cs/sipphone/Login/800006/1000
2016-5-19 17:0:47.225	Mainproc Login Begin!
2016-5-19 17:0:47.226	EncryptRtpPort:0 SignalEncrypt:0
2016-5-19 17:12:12.171	*** Mainproc Begin*** method = /cs/sipphone/Logout/800006/1000
2016-5-19 17:12:12.172	Mainproc Logout Begin!
2016-5-19 17:12:13.303	Mainproc Logout End!
2016-5-19 17:12:13.916	*** DllExit Begin***
2016-5-19 17:12:13.918	*** DllExit Begining***
2016-5-19 17:12:13.919	*** DllExit End***
2016-5-19 17:12:15.108	

******************************************


2016-5-19 17:12:15.109	SipPhone Trace App Log Trace 2016/5/19 17:12:15


2016-5-19 17:12:15.111	SipPhone Log Start!!!!!!!
2016-5-19 17:12:15.112	SipPhone Log windows pointer 0018EF10!!!!!!!
2016-5-19 17:12:15.113	Success_InParasfromCapi!
2016-5-19 17:12:15.113	Success_Create SipPhone CS Interface!
2016-5-19 17:12:15.115	Success_CSInterfaceInit!
2016-5-19 17:12:15.644	*** Mainproc Begin*** method = /cs/sipphone/Login/800006/1000
2016-5-19 17:12:15.646	Mainproc Login Begin!
2016-5-19 17:12:15.714	Mainproc Login End!
2016-5-19 17:12:15.715	*** Mainproc Begin*** method = /cs/sipphone/Login/800006/1000
2016-5-19 17:12:15.715	Mainproc Login Begin!
2016-5-19 17:12:15.715	EncryptRtpPort:0 SignalEncrypt:0
2016-5-19 17:12:19.243	*** Mainproc Begin*** method = /cs/sipphone/Logout/800006/1000
2016-5-19 17:12:19.244	Mainproc Logout Begin!
2016-5-19 17:12:20.705	Mainproc Logout End!
2016-5-19 17:12:20.710	*** DllExit Begin***
2016-5-19 17:12:20.711	*** DllExit Begining***
2016-5-19 17:12:20.711	*** DllExit End***
2016-5-19 17:12:22.804	

******************************************


2016-5-19 17:12:22.805	SipPhone Trace App Log Trace 2016/5/19 17:12:22


2016-5-19 17:12:22.806	SipPhone Log Start!!!!!!!
2016-5-19 17:12:22.807	SipPhone Log windows pointer 0018EF10!!!!!!!
2016-5-19 17:12:22.807	Success_InParasfromCapi!
2016-5-19 17:12:22.808	Success_Create SipPhone CS Interface!
2016-5-19 17:12:22.810	Success_CSInterfaceInit!
2016-5-19 17:12:23.373	*** Mainproc Begin*** method = /cs/sipphone/Login/800006/1000
2016-5-19 17:12:23.374	Mainproc Login Begin!
2016-5-19 17:12:23.441	Mainproc Login End!
2016-5-19 17:12:23.442	*** Mainproc Begin*** method = /cs/sipphone/Login/800006/1000
2016-5-19 17:12:23.443	Mainproc Login Begin!
2016-5-19 17:12:23.443	EncryptRtpPort:0 SignalEncrypt:0
2016-5-19 17:12:33.811	*** Mainproc Begin*** method = /cs/sipphone/Logout/800006/1000
2016-5-19 17:12:33.812	Mainproc Logout Begin!
2016-5-19 17:12:34.927	Mainproc Logout End!
2016-5-19 17:12:34.932	*** DllExit Begin***
2016-5-19 17:12:34.934	*** DllExit Begining***
2016-5-19 17:12:34.935	*** DllExit End***
2016-5-19 17:12:39.65	

******************************************


2016-5-19 17:12:39.66	SipPhone Trace App Log Trace 2016/5/19 17:12:39


2016-5-19 17:12:39.67	SipPhone Log Start!!!!!!!
2016-5-19 17:12:39.68	SipPhone Log windows pointer 0018EF10!!!!!!!
2016-5-19 17:12:39.69	Success_InParasfromCapi!
2016-5-19 17:12:39.70	Success_Create SipPhone CS Interface!
2016-5-19 17:12:39.74	Success_CSInterfaceInit!
2016-5-19 17:12:39.797	*** Mainproc Begin*** method = /cs/sipphone/Login/800006/1000
2016-5-19 17:12:39.798	Mainproc Login Begin!
2016-5-19 17:12:39.866	Mainproc Login End!
2016-5-19 17:12:39.866	*** Mainproc Begin*** method = /cs/sipphone/Login/800006/1000
2016-5-19 17:12:39.866	Mainproc Login Begin!
2016-5-19 17:12:39.867	EncryptRtpPort:0 SignalEncrypt:0
2016-5-19 17:14:44.389	*** Mainproc Begin*** method = /cs/sipphone/Logout/800006/1000
2016-5-19 17:14:44.389	Mainproc Logout Begin!
2016-5-19 17:14:45.858	Mainproc Logout End!
2016-5-19 17:14:46.204	*** DllExit Begin***
2016-5-19 17:14:46.204	*** DllExit Begining***
2016-5-19 17:14:46.205	*** DllExit End***
2016-5-19 17:14:46.972	

******************************************


2016-5-19 17:14:46.972	SipPhone Trace App Log Trace 2016/5/19 17:14:46


2016-5-19 17:14:46.973	SipPhone Log Start!!!!!!!
2016-5-19 17:14:46.973	SipPhone Log windows pointer 0018EF10!!!!!!!
2016-5-19 17:14:46.973	Success_InParasfromCapi!
2016-5-19 17:14:46.974	Success_Create SipPhone CS Interface!
2016-5-19 17:14:46.974	Success_CSInterfaceInit!
2016-5-19 17:14:47.717	*** Mainproc Begin*** method = /cs/sipphone/Login/800006/1000
2016-5-19 17:14:47.719	Mainproc Login Begin!
2016-5-19 17:14:47.784	Mainproc Login End!
2016-5-19 17:14:47.785	*** Mainproc Begin*** method = /cs/sipphone/Login/800006/1000
2016-5-19 17:14:47.785	Mainproc Login Begin!
2016-5-19 17:14:47.785	EncryptRtpPort:0 SignalEncrypt:0
2016-5-19 17:15:12.723	*** Mainproc Begin*** method = /cs/sipphone/Logout/800006/1000
2016-5-19 17:15:12.724	Mainproc Logout Begin!
2016-5-19 17:15:13.775	Mainproc Logout End!
2016-5-19 17:15:13.782	*** DllExit Begin***
2016-5-19 17:15:13.783	*** DllExit Begining***
2016-5-19 17:15:13.785	*** DllExit End***
2016-5-19 17:15:13.789	*** DllExit Begin***
2016-5-19 17:15:13.790	*** DllExit End***
2016-5-19 17:15:20.61	

******************************************


2016-5-19 17:15:20.62	SipPhone Trace App Log Trace 2016/5/19 17:15:20


2016-5-19 17:15:20.63	SipPhone Log Start!!!!!!!
2016-5-19 17:15:20.64	SipPhone Log windows pointer 0018EF10!!!!!!!
2016-5-19 17:15:20.65	Success_InParasfromCapi!
2016-5-19 17:15:20.66	Success_Create SipPhone CS Interface!
2016-5-19 17:15:20.69	Success_CSInterfaceInit!
2016-5-19 17:15:20.588	*** Mainproc Begin*** method = /cs/sipphone/Login/800006/1000
2016-5-19 17:15:20.589	Mainproc Login Begin!
2016-5-19 17:15:20.649	Mainproc Login End!
2016-5-19 17:15:20.650	*** Mainproc Begin*** method = /cs/sipphone/Login/800006/1000
2016-5-19 17:15:20.650	Mainproc Login Begin!
2016-5-19 17:15:20.650	EncryptRtpPort:0 SignalEncrypt:0
2016-5-19 17:15:25.541	*** Mainproc Begin*** method = /cs/sipphone/Logout/800006/1000
2016-5-19 17:15:25.542	Mainproc Logout Begin!
2016-5-19 17:15:26.640	Mainproc Logout End!
2016-5-19 17:15:27.956	*** DllExit Begin***
2016-5-19 17:15:27.957	*** DllExit Begining***
2016-5-19 17:15:27.958	*** DllExit End***
2016-5-19 17:15:31.900	

******************************************


2016-5-19 17:15:31.901	SipPhone Trace App Log Trace 2016/5/19 17:15:31


2016-5-19 17:15:31.901	SipPhone Log Start!!!!!!!
2016-5-19 17:15:31.902	SipPhone Log windows pointer 0018EF10!!!!!!!
2016-5-19 17:15:31.902	Success_InParasfromCapi!
2016-5-19 17:15:31.903	Success_Create SipPhone CS Interface!
2016-5-19 17:15:31.904	Success_CSInterfaceInit!
2016-5-19 17:15:32.414	*** Mainproc Begin*** method = /cs/sipphone/Login/800006/1000
2016-5-19 17:15:32.415	Mainproc Login Begin!
2016-5-19 17:15:32.498	Mainproc Login End!
2016-5-19 17:15:32.498	*** Mainproc Begin*** method = /cs/sipphone/Login/800006/1000
2016-5-19 17:15:32.499	Mainproc Login Begin!
2016-5-19 17:15:32.499	EncryptRtpPort:0 SignalEncrypt:0
2016-5-19 17:16:12.423	*** Mainproc Begin*** method = /cs/sipphone/Logout/800006/1000
2016-5-19 17:16:12.424	Mainproc Logout Begin!
2016-5-19 17:16:13.487	Mainproc Logout End!
2016-5-19 17:16:13.491	*** DllExit Begin***
2016-5-19 17:16:13.493	*** DllExit Begining***
2016-5-19 17:16:13.494	*** DllExit End***
2016-5-19 17:16:15.29	*** DllExit Begin***
2016-5-19 17:16:15.30	*** DllExit End***
2016-5-19 17:16:17.693	

******************************************


2016-5-19 17:16:17.693	SipPhone Trace App Log Trace 2016/5/19 17:16:17


2016-5-19 17:16:17.694	SipPhone Log Start!!!!!!!
2016-5-19 17:16:17.695	SipPhone Log windows pointer 0018EF10!!!!!!!
2016-5-19 17:16:17.696	Success_InParasfromCapi!
2016-5-19 17:16:17.697	Success_Create SipPhone CS Interface!
2016-5-19 17:16:17.699	Success_CSInterfaceInit!
2016-5-19 17:16:18.428	*** Mainproc Begin*** method = /cs/sipphone/Login/800006/1000
2016-5-19 17:16:18.429	Mainproc Login Begin!
2016-5-19 17:16:18.491	Mainproc Login End!
2016-5-19 17:16:18.491	*** Mainproc Begin*** method = /cs/sipphone/Login/800006/1000
2016-5-19 17:16:18.492	Mainproc Login Begin!
2016-5-19 17:16:18.492	EncryptRtpPort:0 SignalEncrypt:0
2016-5-19 17:16:26.636	*** Mainproc Begin*** method = /cs/sipphone/Logout/800006/1000
2016-5-19 17:16:26.636	Mainproc Logout Begin!
2016-5-19 17:16:27.977	Mainproc Logout End!
2016-5-19 17:16:28.388	*** DllExit Begin***
2016-5-19 17:16:28.389	*** DllExit Begining***
2016-5-19 17:16:28.390	*** DllExit End***
2016-5-19 17:16:32.131	

******************************************


2016-5-19 17:16:32.132	SipPhone Trace App Log Trace 2016/5/19 17:16:32


2016-5-19 17:16:32.132	SipPhone Log Start!!!!!!!
2016-5-19 17:16:32.133	SipPhone Log windows pointer 0018EF10!!!!!!!
2016-5-19 17:16:32.133	Success_InParasfromCapi!
2016-5-19 17:16:32.133	Success_Create SipPhone CS Interface!
2016-5-19 17:16:32.134	Success_CSInterfaceInit!
2016-5-19 17:16:32.863	*** Mainproc Begin*** method = /cs/sipphone/Login/800006/1000
2016-5-19 17:16:32.864	Mainproc Login Begin!
2016-5-19 17:16:32.935	Mainproc Login End!
2016-5-19 17:16:32.936	*** Mainproc Begin*** method = /cs/sipphone/Login/800006/1000
2016-5-19 17:16:32.936	Mainproc Login Begin!
2016-5-19 17:16:32.937	EncryptRtpPort:0 SignalEncrypt:0
2016-5-19 17:16:45.764	*** Mainproc Begin*** method = /cs/sipphone/Logout/800006/1000
2016-5-19 17:16:45.765	Mainproc Logout Begin!
2016-5-19 17:16:46.918	Mainproc Logout End!
2016-5-19 17:16:47.270	*** DllExit Begin***
2016-5-19 17:16:47.270	*** DllExit Begining***
2016-5-19 17:16:47.271	*** DllExit End***
2016-5-19 17:16:47.965	

******************************************


2016-5-19 17:16:47.966	SipPhone Trace App Log Trace 2016/5/19 17:16:47


2016-5-19 17:16:47.966	SipPhone Log Start!!!!!!!
2016-5-19 17:16:47.967	SipPhone Log windows pointer 0018EF10!!!!!!!
2016-5-19 17:16:47.968	Success_InParasfromCapi!
2016-5-19 17:16:47.969	Success_Create SipPhone CS Interface!
2016-5-19 17:16:47.970	Success_CSInterfaceInit!
2016-5-19 17:16:48.901	*** Mainproc Begin*** method = /cs/sipphone/Login/800006/1000
2016-5-19 17:16:48.902	Mainproc Login Begin!
2016-5-19 17:16:48.972	Mainproc Login End!
2016-5-19 17:16:48.973	*** Mainproc Begin*** method = /cs/sipphone/Login/800006/1000
2016-5-19 17:16:48.973	Mainproc Login Begin!
2016-5-19 17:16:48.974	EncryptRtpPort:0 SignalEncrypt:0
2016-5-19 17:57:47.774	

******************************************


2016-5-19 17:57:47.775	SipPhone Trace App Log Trace 2016/5/19 17:57:47


2016-5-19 17:57:47.775	SipPhone Log Start!!!!!!!
2016-5-19 17:57:47.775	SipPhone Log windows pointer 0018EF10!!!!!!!
2016-5-19 17:57:47.776	Success_InParasfromCapi!
2016-5-19 17:57:49.216	Success_Create SipPhone CS Interface!
2016-5-19 17:57:49.216	Success_CSInterfaceInit!
2016-5-19 17:57:49.219	*** Mainproc Begin*** method = /cs/sipphone/Login/800006/1000
2016-5-19 17:57:49.219	Mainproc Login Begin!
2016-5-19 17:57:49.263	Mainproc Login End!
2016-5-19 17:57:49.263	*** Mainproc Begin*** method = /cs/sipphone/Login/800006/1000
2016-5-19 17:57:49.264	Mainproc Login Begin!
2016-5-19 17:57:49.264	EncryptRtpPort:0 SignalEncrypt:0
2016-5-19 17:58:6.502	*** Mainproc Begin*** method = /cs/sipphone/Logout/800006/1000
2016-5-19 17:58:6.502	Mainproc Logout Begin!
2016-5-19 17:58:7.751	Mainproc Logout End!
2016-5-19 17:58:8.62	*** DllExit Begin***
2016-5-19 17:58:8.63	*** DllExit Begining***
2016-5-19 17:58:8.63	*** DllExit End***
2016-5-19 17:58:12.142	

******************************************


2016-5-19 17:58:12.142	SipPhone Trace App Log Trace 2016/5/19 17:58:12


2016-5-19 17:58:12.143	SipPhone Log Start!!!!!!!
2016-5-19 17:58:12.143	SipPhone Log windows pointer 0018EF10!!!!!!!
2016-5-19 17:58:12.143	Success_InParasfromCapi!
2016-5-19 17:58:12.144	Success_Create SipPhone CS Interface!
2016-5-19 17:58:12.144	Success_CSInterfaceInit!
2016-5-19 17:58:12.678	*** Mainproc Begin*** method = /cs/sipphone/Login/800006/1000
2016-5-19 17:58:12.679	Mainproc Login Begin!
2016-5-19 17:58:12.716	Mainproc Login End!
2016-5-19 17:58:12.716	*** Mainproc Begin*** method = /cs/sipphone/Login/800006/1000
2016-5-19 17:58:12.717	Mainproc Login Begin!
2016-5-19 17:58:12.717	EncryptRtpPort:0 SignalEncrypt:0
2016-5-19 17:58:27.605	*** Mainproc Begin*** method = /cs/sipphone/Logout/800006/1000
2016-5-19 17:58:27.606	Mainproc Logout Begin!
2016-5-19 17:58:28.705	Mainproc Logout End!
2016-5-19 17:58:28.707	*** DllExit Begin***
2016-5-19 17:58:28.707	*** DllExit Begining***
2016-5-19 17:58:28.708	*** DllExit End***
2016-5-19 17:58:33.773	

******************************************


2016-5-19 17:58:33.774	SipPhone Trace App Log Trace 2016/5/19 17:58:33


2016-5-19 17:58:33.774	SipPhone Log Start!!!!!!!
2016-5-19 17:58:33.774	SipPhone Log windows pointer 0018EF10!!!!!!!
2016-5-19 17:58:33.775	Success_InParasfromCapi!
2016-5-19 17:58:33.775	Success_Create SipPhone CS Interface!
2016-5-19 17:58:33.777	Success_CSInterfaceInit!
2016-5-19 17:58:34.389	*** Mainproc Begin*** method = /cs/sipphone/Login/800006/1000
2016-5-19 17:58:34.390	Mainproc Login Begin!
2016-5-19 17:58:34.433	Mainproc Login End!
2016-5-19 17:58:34.433	*** Mainproc Begin*** method = /cs/sipphone/Login/800006/1000
2016-5-19 17:58:34.433	Mainproc Login Begin!
2016-5-19 17:58:34.434	EncryptRtpPort:0 SignalEncrypt:0
2016-5-19 18:1:33.741	*** Mainproc Begin*** method = /cs/sipphone/Logout/800006/1000
2016-5-19 18:1:33.741	Mainproc Logout Begin!
2016-5-19 18:1:34.956	Mainproc Logout End!
2016-5-19 18:1:35.6	*** DllExit Begin***
2016-5-19 18:1:35.6	*** DllExit Begining***
2016-5-19 18:1:35.6	*** DllExit End***
2016-5-19 18:1:36.718	

******************************************


2016-5-19 18:1:36.718	SipPhone Trace App Log Trace 2016/5/19 18:01:36


2016-5-19 18:1:36.719	SipPhone Log Start!!!!!!!
2016-5-19 18:1:36.719	SipPhone Log windows pointer 0018EF10!!!!!!!
2016-5-19 18:1:36.719	Success_InParasfromCapi!
2016-5-19 18:1:36.720	Success_Create SipPhone CS Interface!
2016-5-19 18:1:36.720	Success_CSInterfaceInit!
2016-5-19 18:1:37.294	*** Mainproc Begin*** method = /cs/sipphone/Login/800006/1000
2016-5-19 18:1:37.294	Mainproc Login Begin!
2016-5-19 18:1:37.342	Mainproc Login End!
2016-5-19 18:1:37.343	*** Mainproc Begin*** method = /cs/sipphone/Login/800006/1000
2016-5-19 18:1:37.343	Mainproc Login Begin!
2016-5-19 18:1:37.344	EncryptRtpPort:0 SignalEncrypt:0
2016-5-19 18:1:51.141	*** Mainproc Begin*** method = /cs/sipphone/Logout/800006/1000
2016-5-19 18:1:51.141	Mainproc Logout Begin!
2016-5-19 18:1:52.328	Mainproc Logout End!
2016-5-19 18:1:52.330	*** DllExit Begin***
2016-5-19 18:1:52.330	*** DllExit Begining***
2016-5-19 18:1:52.331	*** DllExit End***
2016-5-19 18:1:52.462	*** DllExit Begin***
2016-5-19 18:1:52.462	*** DllExit End***
2016-5-19 18:1:55.126	

******************************************


2016-5-19 18:1:55.126	SipPhone Trace App Log Trace 2016/5/19 18:01:55


2016-5-19 18:1:55.127	SipPhone Log Start!!!!!!!
2016-5-19 18:1:55.127	SipPhone Log windows pointer 0018EF10!!!!!!!
2016-5-19 18:1:55.127	Success_InParasfromCapi!
2016-5-19 18:1:55.128	Success_Create SipPhone CS Interface!
2016-5-19 18:1:55.128	Success_CSInterfaceInit!
2016-5-19 18:1:55.614	*** Mainproc Begin*** method = /cs/sipphone/Login/800006/1000
2016-5-19 18:1:55.614	Mainproc Login Begin!
2016-5-19 18:1:55.663	Mainproc Login End!
2016-5-19 18:1:55.664	*** Mainproc Begin*** method = /cs/sipphone/Login/800006/1000
2016-5-19 18:1:55.664	Mainproc Login Begin!
2016-5-19 18:1:55.664	EncryptRtpPort:0 SignalEncrypt:0
2016-5-19 18:25:28.464	*** Mainproc Begin*** method = /cs/sipphone/Logout/800006/1000
2016-5-19 18:25:28.466	Mainproc Logout Begin!
2016-5-19 18:25:29.930	Mainproc Logout End!
2016-5-19 18:25:29.937	*** DllExit Begin***
2016-5-19 18:25:29.938	*** DllExit Begining***
2016-5-19 18:25:29.940	*** DllExit End***
2016-5-19 18:25:33.617	

******************************************


2016-5-19 18:25:33.618	SipPhone Trace App Log Trace 2016/5/19 18:25:33


2016-5-19 18:25:33.619	SipPhone Log Start!!!!!!!
2016-5-19 18:25:33.620	SipPhone Log windows pointer 0018EF10!!!!!!!
2016-5-19 18:25:33.622	Success_InParasfromCapi!
2016-5-19 18:25:33.623	Success_Create SipPhone CS Interface!
2016-5-19 18:25:33.625	Success_CSInterfaceInit!
2016-5-19 18:25:34.248	*** Mainproc Begin*** method = /cs/sipphone/Login/800006/1000
2016-5-19 18:25:34.249	Mainproc Login Begin!
2016-5-19 18:25:34.327	Mainproc Login End!
2016-5-19 18:25:34.328	*** Mainproc Begin*** method = /cs/sipphone/Login/800006/1000
2016-5-19 18:25:34.328	Mainproc Login Begin!
2016-5-19 18:25:34.329	EncryptRtpPort:0 SignalEncrypt:0
