2016-4-12 18:44:2.222	

******************************************


2016-4-12 18:44:2.226	SipPhone Trace App Log Trace 2016/4/12 18:44:02


2016-4-12 18:44:2.227	SipPhone Log Start!!!!!!!
2016-4-12 18:44:2.228	SipPhone Log windows pointer 0018EF10!!!!!!!
2016-4-12 18:44:2.229	Success_InParasfromCapi!
2016-4-12 18:44:2.231	Success_Create SipPhone CS Interface!
2016-4-12 18:44:2.275	Success_CSInterfaceInit!
2016-4-12 18:44:2.747	*** Mainproc Begin*** method = /cs/sipphone/Login/800006/1000
2016-4-12 18:44:2.748	Mainproc Login Begin!
2016-4-12 18:44:2.955	Mainproc Login End!
2016-4-12 18:44:2.958	*** Mainproc Begin*** method = /cs/sipphone/Login/800006/1000
2016-4-12 18:44:2.959	Mainproc Login Begin!
2016-4-12 18:44:2.960	EncryptRtpPort:0 SignalEncrypt:0
2016-4-12 18:44:7.331	*** Mainproc Begin*** method = /cs/sipphone/Logout/800006/1000
2016-4-12 18:44:7.332	Mainproc Logout Begin!
2016-4-12 18:44:8.855	Mainproc Logout End!
2016-4-12 18:44:9.275	*** DllExit Begin***
2016-4-12 18:44:9.276	*** DllExit Begining***
2016-4-12 18:44:9.278	*** DllExit End***
