21/08 15:38:39 I| ======= location: C:\Users\Administrator\Desktop\FreeSwitch\qyipphone\QYIPPhone.exe
21/08 15:38:39 I| ======= FileVersion: F1.07_20171120     ProductVersion: 1.0.0.1
21/08 15:38:39 I| =======
21/08 15:38:40 I| 初始化: 读取QYIPPhone.ini成功.
21/08 15:38:40 I| 初始化: 调入QYIPPhone.dll成功.
21/08 15:38:40 I| 初始化: dll初始化成功!
21/08 15:38:40 I| 初始化: 登录操作成功!
21/08 15:38:40 I| 事件: 登录成功
21/08 15:43:35 I| 事件: 登录成功
21/08 15:48:30 I| 事件: 登录成功
21/08 15:53:25 I| 事件: 登录成功
21/08 15:58:20 I| 事件: 登录成功
21/08 16:03:15 I| 事件: 登录成功
21/08 16:06:55 I| 操作：呼叫 15583305609
21/08 16:06:58 I| 事件: 响铃中...: 15583305609
21/08 16:06:58 I| 事件: 呼叫中...: 15583305609|0
21/08 16:07:35 I| 事件: 关闭: 15583305609|0|Temporarily Unavailable
21/08 16:08:10 I| 事件: 登录成功
21/08 16:13:05 I| 事件: 登录成功
21/08 16:18:00 I| 事件: 登录成功
21/08 16:22:55 I| 事件: 登录成功
21/08 16:27:50 I| 事件: 登录成功
21/08 16:30:08 I| 操作：呼叫 1001
21/08 16:30:08 I| 事件: 响铃中...: 1001
21/08 16:30:08 I| 事件: 呼叫中...: 1001|1
21/08 16:30:27 I| 事件: 通话中...: 1001|1
21/08 16:30:31 I| 事件: 关闭: 1001|1|Call ended
21/08 16:32:45 I| 事件: 登录成功
21/08 16:37:40 I| 事件: 登录成功
21/08 16:42:35 I| 事件: 登录成功
21/08 16:46:18 I| 事件: 来电: Incoming call|2
21/08 16:46:18 I| 事件: 来电: 88569221|2
21/08 16:46:26 I| 事件: 通话中...: 88569221|2
21/08 16:46:30 I| 操作：挂机
21/08 16:46:30 I| 事件: 关闭: 88569221|2|Call ended
21/08 16:47:30 I| 事件: 登录成功
21/08 16:50:18 I| 事件: 来电: Incoming call|3
21/08 16:50:18 I| 事件: 来电: 88569221|3
21/08 16:50:24 I| 事件: 通话中...: 88569221|3
21/08 16:50:34 I| 操作：挂机
21/08 16:50:34 I| 事件: 关闭: 88569221|3|Call ended
21/08 16:51:02 I| 事件: 来电: Incoming call|0
21/08 16:51:02 I| 事件: 来电: 88569221|0
21/08 16:51:09 I| 事件: 通话中...: 88569221|0
21/08 16:51:14 I| 操作：挂机
21/08 16:51:14 I| 事件: 关闭: 88569221|0|Call ended
21/08 16:52:25 I| 事件: 登录成功
21/08 16:53:16 I| 事件: 来电: Incoming call|1
21/08 16:53:16 I| 事件: 来电: 88569221|1
21/08 16:53:20 I| 事件: 通话中...: 88569221|1
21/08 16:53:40 I| 操作：挂机
21/08 16:53:40 I| 事件: 关闭: 88569221|1|Call ended
21/08 16:57:20 I| 事件: 登录成功
21/08 17:01:47 I| 操作：呼叫 1001
21/08 17:01:47 I| 事件: 响铃中...: 1001
21/08 17:01:47 I| 事件: 呼叫中...: 1001|2
21/08 17:02:04 I| 事件: 通话中...: 1001|2
21/08 17:02:15 I| 事件: 登录成功
21/08 17:02:48 I| 操作：挂机
21/08 17:02:48 I| 事件: 关闭: 1001|2|Call ended
21/08 17:04:14 I| 操作：呼叫 1001
21/08 17:04:14 I| 事件: 响铃中...: 1001
21/08 17:04:14 I| 事件: 呼叫中...: 1001|3
21/08 17:04:51 I| 事件: 通话中...: 1001|3
21/08 17:04:56 I| 操作：挂机
21/08 17:04:56 I| 事件: 关闭: 1001|3|Call ended
21/08 17:05:02 I| 操作：呼叫 1001
21/08 17:05:03 I| 事件: 响铃中...: 1001
21/08 17:05:03 I| 事件: 呼叫中...: 1001|0
21/08 17:05:16 I| 事件: 通话中...: 1001|0
21/08 17:05:47 I| 操作：挂机
21/08 17:05:47 I| 事件: 关闭: 1001|0|Call ended
21/08 17:07:10 I| 事件: 登录成功
21/08 17:12:05 I| 事件: 登录成功
21/08 17:17:00 I| 事件: 登录成功
21/08 17:21:55 I| 事件: 登录成功
21/08 17:26:51 I| 事件: 登录成功
21/08 17:31:46 I| 事件: 登录成功
21/08 17:36:41 I| 事件: 登录成功
21/08 17:41:36 I| 事件: 登录成功
21/08 17:46:31 I| 事件: 登录成功
21/08 17:51:26 I| 事件: 登录成功
21/08 17:56:21 I| 事件: 登录成功
21/08 18:01:16 I| 事件: 登录成功
21/08 18:06:11 I| 事件: 登录成功
21/08 18:11:06 I| 事件: 登录成功
21/08 18:16:01 I| 事件: 登录成功
