21/08 11:14:14 I| ======= location: C:\Users\Administrator\Desktop\FreeSwitch\qyipphone\QYIPPhone.exe
21/08 11:14:14 I| ======= FileVersion: F1.07_20171120     ProductVersion: 1.0.0.1
21/08 11:14:14 I| =======
21/08 11:14:14 I| 初始化: 读取QYIPPhone.ini成功.
21/08 11:14:14 I| 初始化: 调入QYIPPhone.dll成功.
21/08 11:14:14 I| 初始化: dll初始化成功!
21/08 11:14:14 I| 初始化: 登录操作成功!
21/08 11:14:14 I| 事件: 登录成功
21/08 11:14:33 I| 操作: 更改配置!
21/08 11:14:33 I| 操作: 更改配置 - 退出登录!
21/08 11:14:34 I| 操作: 更改配置 - 登录!
21/08 11:14:34 I| 事件: 余额: 0
21/08 11:14:34 I| 事件: 登录失败: I
21/08 11:14:34 I| 事件: 余额: 0
21/08 11:15:02 I| 操作: 更改配置!
21/08 11:15:02 I| 操作: 更改配置 - 退出登录!
21/08 11:15:03 I| 操作: 更改配置 - 登录!
21/08 11:15:03 I| 事件: 余额: 0
21/08 11:15:03 I| 事件: 登录失败: I
21/08 11:15:03 I| 事件: 余额: 0
21/08 11:15:19 I| 操作: 更改配置!
21/08 11:15:19 I| 操作: 更改配置 - 退出登录!
21/08 11:15:21 I| 操作: 更改配置 - 登录!
21/08 11:15:21 I| 事件: 余额: 0
21/08 11:15:21 I| 事件: 登录成功
21/08 11:16:05 I| 事件: 来电: Incoming call|0
21/08 11:16:05 I| 事件: 来电: 88569221|0
21/08 11:16:28 I| 事件: 通话中...: 88569221|0
21/08 11:18:09 I| 操作：挂机
21/08 11:18:09 I| 事件: 关闭: 88569221|0|Call ended
21/08 11:18:48 I| 操作：呼叫 1001
21/08 11:18:48 I| 事件: 响铃中...: 1001
21/08 11:18:48 I| 事件: 呼叫中...: 1001|1
21/08 11:19:02 I| 事件: 通话中...: 1001|1
21/08 11:19:07 I| 操作：挂机
21/08 11:19:07 I| 事件: 关闭: 1001|1|Call ended
21/08 11:20:16 I| 事件: 登录成功
21/08 11:25:11 I| 事件: 登录成功
21/08 11:30:06 I| 事件: 登录成功
21/08 11:35:01 I| 事件: 登录成功
21/08 11:39:33 I| 操作：呼叫 1001
21/08 11:39:33 I| 事件: 响铃中...: 1001
21/08 11:39:33 I| 事件: 呼叫中...: 1001|2
21/08 11:39:50 I| 事件: 通话中...: 1001|2
21/08 11:39:56 I| 事件: 登录成功
21/08 11:40:03 I| 事件: 关闭: 1001|2|Call ended
21/08 11:44:51 I| 事件: 登录成功
21/08 11:49:46 I| 事件: 登录成功
21/08 11:54:41 I| 事件: 登录成功
21/08 11:59:36 I| 事件: 登录成功
21/08 12:04:31 I| 事件: 登录成功
21/08 12:09:27 I| 事件: 登录成功
21/08 12:14:22 I| 事件: 登录成功
21/08 12:19:17 I| 事件: 登录成功
21/08 12:24:12 I| 事件: 登录成功
21/08 12:29:07 I| 事件: 登录成功
21/08 12:34:02 I| 事件: 登录成功
21/08 12:38:57 I| 事件: 登录成功
21/08 12:43:52 I| 事件: 登录成功
21/08 12:48:47 I| 事件: 登录成功
21/08 12:53:42 I| 事件: 登录成功
21/08 12:58:37 I| 事件: 登录成功
21/08 13:03:32 I| 事件: 登录成功
21/08 13:08:27 I| 事件: 登录成功
21/08 13:13:22 I| 事件: 登录成功
21/08 13:18:17 I| 事件: 登录成功
21/08 13:23:12 I| 事件: 登录成功
21/08 13:28:07 I| 事件: 登录成功
21/08 13:33:02 I| 事件: 登录成功
21/08 13:37:57 I| 事件: 登录成功
21/08 13:42:53 I| 事件: 登录成功
21/08 13:47:48 I| 事件: 登录成功
21/08 13:52:43 I| 事件: 登录成功
21/08 13:57:38 I| 事件: 登录成功
21/08 14:02:33 I| 事件: 登录成功
21/08 14:07:28 I| 事件: 登录成功
21/08 14:12:23 I| 事件: 登录成功
21/08 14:17:18 I| 事件: 登录成功
21/08 14:22:13 I| 事件: 登录成功
21/08 14:27:08 I| 事件: 登录成功
21/08 14:32:03 I| 事件: 登录成功
21/08 14:36:58 I| 事件: 登录成功
21/08 14:41:53 I| 事件: 登录成功
21/08 14:46:48 I| 事件: 登录成功
21/08 14:51:43 I| 事件: 登录成功
21/08 14:56:38 I| 事件: 登录成功
21/08 15:01:33 I| 事件: 登录成功
21/08 15:06:28 I| 事件: 登录成功
21/08 15:11:23 I| 事件: 登录成功
21/08 15:16:18 I| 事件: 登录成功
21/08 15:21:14 I| 事件: 登录成功
21/08 15:26:09 I| 事件: 登录成功
